<html xmlns:math="http://exslt.org/math" xmlns:testng="http://testng.org">
   <head>
      <title>TestNG Results</title>
      <meta http-equiv="content-type" content="text/html; charset=utf-8"></meta>
      <meta http-equiv="pragma" content="no-cache"></meta>
      <meta http-equiv="cache-control" content="max-age=0"></meta>
      <meta http-equiv="cache-control" content="no-cache"></meta>
      <meta http-equiv="cache-control" content="no-store"></meta>
      <LINK rel="stylesheet" href="style.css"></LINK>
      <script type="text/javascript" src="main.js"></script>
   </head>
   <body>
      <table width="100%" style="font-size: 16px; margin-bottom: 10px;" cellspacing="1">
         <tr>
            <td width="100%">
               Test case
               
               <b>03 TUI_ChangeContributions_TestScript_GFRP2_Eligible.xlsx</b>
            </td>
            <td style="background-color: #FFBBBB; padding: 3px 3px 3px 0;" align="center">
               <div style="width: 50px;">7</div>
            </td>
            <td style="background-color: lightgreen; padding: 3px 3px 3px 0;" align="center">
               <div style="width: 50px;">0</div>
            </td>
            <td style="background-color: #FFFFBB; padding: 3px 3px 3px 0;" align="center">
               <div style="width: 50px;">0</div>
            </td>
            <td align="center" style="background-color: #eaf0f7; padding: 3px 3px 3px 0;">
               <div style="width: 50px;">7</div>
            </td>
            <td align="center"
                style="font-weight: bold; background-color: #eaf0f7; padding: 3px 3px 3px 0;">
               <div style="width: 50px;">0%</div>
            </td>
            <td style="background-color: #eaf0f7; padding: 3px 3px 3px 0;" align="center"
                nowrap="true">4m
               54s
               
            </td>
         </tr>
      </table>
      <div style="width: 200px;">
         <label for="groupMethodsCheckBox" style="font-weight: bold; margin: 0;">
            <input id="groupMethodsCheckBox" type="checkbox" onclick="switchTestMethodsView(this)"
                   checked=""></input>
            Group by class
            
         </label>
         <br></br>
         <label for="methodsFilter_ALL" style="font-weight: bold; margin: 0;">
            <input id="methodsFilter_ALL" type="checkbox"
                   onclick="testMethodsFilterChanged(this, 'ALL')"
                   checked=""></input>
            All
            
         </label>
      </div>
      <label for="methodsFilter_FAIL" style="margin-left: 20px;">
         <input id="methodsFilter_FAIL" type="checkbox"
                onclick="testMethodsFilterChanged(this, 'FAIL')"
                checked=""></input>
         Failed
         
      </label>
      <label for="methodsFilter_PASS">
         <input id="methodsFilter_PASS" type="checkbox"
                onclick="testMethodsFilterChanged(this, 'PASS')"
                checked=""></input>
         Passed
         
      </label>
      <label for="methodsFilter_SKIP">
         <input id="methodsFilter_SKIP" type="checkbox"
                onclick="testMethodsFilterChanged(this, 'SKIP')"
                checked=""></input>
         Skipped
         
      </label>
      <label for="methodsFilter_CONF">
         <input id="methodsFilter_CONF" type="checkbox"
                onclick="testMethodsFilterChanged(this, 'CONF')"
                checked=""></input>
         Config
         
      </label>
      <br></br>
      <div id="testMethodsByStatus" style="display: none;">
         <table class="testMethodsTable" cellpadding="0" cellspacing="0">
            <tr class="methodsTableHeader">
               <td width="100%">Name</td>
               <td nowrap="true">Started</td>
               <td nowrap="true">Duration</td>
               <td>Exception</td>
            </tr>
            <tr id="com.lifelens.automation.ExecuteTestsFromWorkbook_executeTest_byStatus_failed_FAIL1_row"
                class="testMethodStatusFAIL">
               <td width="100%" class="firstMethodCell">
                  <a onclick="toggleDetailsVisibility('com.lifelens.automation.ExecuteTestsFromWorkbook_executeTest_byStatus_failed_FAIL1_details')">executeTest(TC1
                     
                     ,
                     
                     CC : NSS to SS - 5 &amp; 5
                     
                     ,
                     
                     High)
                  </a>
               </td>
               <td nowrap="true">16:04:20</td>
               <td nowrap="true" align="right">50s
                  
               </td>
               <td nowrap="true">
                  <a onclick="toggleDetailsVisibility('com.lifelens.automation.ExecuteTestsFromWorkbook_executeTest_byStatus_failed_FAIL1_exception')">java.lang.AssertionError: 
                     Message: 'Text: 01/11/2014 not found in the cell: (1,2,2) of the table. The Value found in the cell is : 01/12/2014' error
                     raised while executing the keyword: VERIFY_TABLE_TEXT at row number: 48
                     
                  </a>
                   
                  
               </td>
            </tr>
            <tr>
               <td colspan="4" class="detailsBox">
                  <div id="com.lifelens.automation.ExecuteTestsFromWorkbook_executeTest_byStatus_failed_FAIL1_details"
                       class="testMethodDetails">
                     <div>
                        <b>Name: </b>executeTest
                     </div>
                     <div>
                        <b>Signature: </b>executeTest(java.lang.String, java.lang.String, java.lang.String)[pri:0, instance:com.lifelens.automation.ExecuteTestsFromWorkbook@3df78040]
                     </div>
                     <div>
                        <b>Parameters: </b>
                        
                        TC1
                        
                        ,
                        
                        CC : NSS to SS - 5 &amp; 5
                        
                        ,
                        
                        High
                        
                        
                     </div>
                     <div>
                        <b>Start time: </b>16:04:20
                     </div>
                     <div>
                        <b>End time: </b>16:05:10
                     </div>
                     <div>
                        <b>Duration: </b>50s
                        
                     </div>
                  </div>
               </td>
            </tr>
            <tr>
               <td colspan="4" class="detailsBox">
                  <div id="com.lifelens.automation.ExecuteTestsFromWorkbook_executeTest_byStatus_failed_FAIL1_exception"
                       class="testMethodDetails">
                     <pre style="padding: 5px; margin: 0;">java.lang.AssertionError:  Message: 'Text: 01/11/2014 not found in the cell: (1,2,2) of the table. The Value found in the
                        cell is : 01/12/2014' error raised while executing the keyword: VERIFY_TABLE_TEXT at row number: 48
                        	at org.testng.Assert.fail(Assert.java:94)
                        	at com.lifelens.automation.ExecuteTestsFromWorkbook.executeTest(ExecuteTestsFromWorkbook.java:83)
                        	at sun.reflect.NativeMethodAccessorImpl.invoke0(Native Method)
                        	at sun.reflect.NativeMethodAccessorImpl.invoke(NativeMethodAccessorImpl.java:39)
                        	at sun.reflect.DelegatingMethodAccessorImpl.invoke(DelegatingMethodAccessorImpl.java:25)
                        	at java.lang.reflect.Method.invoke(Method.java:597)
                        	at org.testng.internal.MethodInvocationHelper.invokeMethod(MethodInvocationHelper.java:84)
                        	at org.testng.internal.Invoker.invokeMethod(Invoker.java:714)
                        	at org.testng.internal.Invoker.invokeTestMethod(Invoker.java:901)
                        	at org.testng.internal.Invoker.invokeTestMethods(Invoker.java:1231)
                        	at org.testng.internal.TestMethodWorker.invokeTestMethods(TestMethodWorker.java:127)
                        	at org.testng.internal.TestMethodWorker.run(TestMethodWorker.java:111)
                        	at org.testng.TestRunner.privateRun(TestRunner.java:767)
                        	at org.testng.TestRunner.run(TestRunner.java:617)
                        	at org.testng.SuiteRunner.runTest(SuiteRunner.java:334)
                        	at org.testng.SuiteRunner.runSequentially(SuiteRunner.java:329)
                        	at org.testng.SuiteRunner.privateRun(SuiteRunner.java:291)
                        	at org.testng.SuiteRunner.run(SuiteRunner.java:240)
                        	at org.testng.SuiteRunnerWorker.runSuite(SuiteRunnerWorker.java:52)
                        	at org.testng.SuiteRunnerWorker.run(SuiteRunnerWorker.java:86)
                        	at org.testng.TestNG.runSuitesSequentially(TestNG.java:1224)
                        	at org.testng.TestNG.runSuitesLocally(TestNG.java:1149)
                        	at org.testng.TestNG.run(TestNG.java:1057)
                        	at org.testng.TestNG.privateMain(TestNG.java:1364)
                        	at org.testng.TestNG.main(TestNG.java:1333)
                     </pre>
                  </div>
               </td>
            </tr>
            <tr id="com.lifelens.automation.ExecuteTestsFromWorkbook_executeTest_byStatus_failed_FAIL2_row"
                class="testMethodStatusFAIL">
               <td width="100%" class="firstMethodCell">
                  <a onclick="toggleDetailsVisibility('com.lifelens.automation.ExecuteTestsFromWorkbook_executeTest_byStatus_failed_FAIL2_details')">executeTest(TC2
                     
                     ,
                     
                     CC : NSS to SS  - 1&amp;1
                     
                     ,
                     
                     High)
                  </a>
               </td>
               <td nowrap="true">16:05:10</td>
               <td nowrap="true" align="right">43s
                  
               </td>
               <td nowrap="true">
                  <a onclick="toggleDetailsVisibility('com.lifelens.automation.ExecuteTestsFromWorkbook_executeTest_byStatus_failed_FAIL2_exception')">java.lang.AssertionError: 
                     Message: 'Text: 01/11/2014 not found in the cell: (1,2,2) of the table. The Value found in the cell is : 01/12/2014' error
                     raised while executing the keyword: VERIFY_TABLE_TEXT at row number: 47
                     
                  </a>
                   
                  
               </td>
            </tr>
            <tr>
               <td colspan="4" class="detailsBox">
                  <div id="com.lifelens.automation.ExecuteTestsFromWorkbook_executeTest_byStatus_failed_FAIL2_details"
                       class="testMethodDetails">
                     <div>
                        <b>Name: </b>executeTest
                     </div>
                     <div>
                        <b>Signature: </b>executeTest(java.lang.String, java.lang.String, java.lang.String)[pri:0, instance:com.lifelens.automation.ExecuteTestsFromWorkbook@3df78040]
                     </div>
                     <div>
                        <b>Parameters: </b>
                        
                        TC2
                        
                        ,
                        
                        CC : NSS to SS  - 1&amp;1
                        
                        ,
                        
                        High
                        
                        
                     </div>
                     <div>
                        <b>Start time: </b>16:05:10
                     </div>
                     <div>
                        <b>End time: </b>16:05:54
                     </div>
                     <div>
                        <b>Duration: </b>43s
                        
                     </div>
                  </div>
               </td>
            </tr>
            <tr>
               <td colspan="4" class="detailsBox">
                  <div id="com.lifelens.automation.ExecuteTestsFromWorkbook_executeTest_byStatus_failed_FAIL2_exception"
                       class="testMethodDetails">
                     <pre style="padding: 5px; margin: 0;">java.lang.AssertionError:  Message: 'Text: 01/11/2014 not found in the cell: (1,2,2) of the table. The Value found in the
                        cell is : 01/12/2014' error raised while executing the keyword: VERIFY_TABLE_TEXT at row number: 47
                        	at org.testng.Assert.fail(Assert.java:94)
                        	at com.lifelens.automation.ExecuteTestsFromWorkbook.executeTest(ExecuteTestsFromWorkbook.java:83)
                        	at sun.reflect.NativeMethodAccessorImpl.invoke0(Native Method)
                        	at sun.reflect.NativeMethodAccessorImpl.invoke(NativeMethodAccessorImpl.java:39)
                        	at sun.reflect.DelegatingMethodAccessorImpl.invoke(DelegatingMethodAccessorImpl.java:25)
                        	at java.lang.reflect.Method.invoke(Method.java:597)
                        	at org.testng.internal.MethodInvocationHelper.invokeMethod(MethodInvocationHelper.java:84)
                        	at org.testng.internal.Invoker.invokeMethod(Invoker.java:714)
                        	at org.testng.internal.Invoker.invokeTestMethod(Invoker.java:901)
                        	at org.testng.internal.Invoker.invokeTestMethods(Invoker.java:1231)
                        	at org.testng.internal.TestMethodWorker.invokeTestMethods(TestMethodWorker.java:127)
                        	at org.testng.internal.TestMethodWorker.run(TestMethodWorker.java:111)
                        	at org.testng.TestRunner.privateRun(TestRunner.java:767)
                        	at org.testng.TestRunner.run(TestRunner.java:617)
                        	at org.testng.SuiteRunner.runTest(SuiteRunner.java:334)
                        	at org.testng.SuiteRunner.runSequentially(SuiteRunner.java:329)
                        	at org.testng.SuiteRunner.privateRun(SuiteRunner.java:291)
                        	at org.testng.SuiteRunner.run(SuiteRunner.java:240)
                        	at org.testng.SuiteRunnerWorker.runSuite(SuiteRunnerWorker.java:52)
                        	at org.testng.SuiteRunnerWorker.run(SuiteRunnerWorker.java:86)
                        	at org.testng.TestNG.runSuitesSequentially(TestNG.java:1224)
                        	at org.testng.TestNG.runSuitesLocally(TestNG.java:1149)
                        	at org.testng.TestNG.run(TestNG.java:1057)
                        	at org.testng.TestNG.privateMain(TestNG.java:1364)
                        	at org.testng.TestNG.main(TestNG.java:1333)
                     </pre>
                  </div>
               </td>
            </tr>
            <tr id="com.lifelens.automation.ExecuteTestsFromWorkbook_executeTest_byStatus_failed_FAIL3_row"
                class="testMethodStatusFAIL">
               <td width="100%" class="firstMethodCell">
                  <a onclick="toggleDetailsVisibility('com.lifelens.automation.ExecuteTestsFromWorkbook_executeTest_byStatus_failed_FAIL3_details')">executeTest(TC3
                     
                     ,
                     
                     CC : SS to NSS  - 5&amp;10
                     
                     ,
                     
                     High)
                  </a>
               </td>
               <td nowrap="true">16:05:54</td>
               <td nowrap="true" align="right">1m
                  19s
                  
               </td>
               <td nowrap="true">
                  <a onclick="toggleDetailsVisibility('com.lifelens.automation.ExecuteTestsFromWorkbook_executeTest_byStatus_failed_FAIL3_exception')">java.lang.AssertionError: 
                     Message: 'Text: 01/11/2014 not found in the cell: (1,2,2) of the table. The Value found in the cell is : 01/12/2014' error
                     raised while executing the keyword: VERIFY_TABLE_TEXT at row number: 47
                     
                  </a>
                   
                  
               </td>
            </tr>
            <tr>
               <td colspan="4" class="detailsBox">
                  <div id="com.lifelens.automation.ExecuteTestsFromWorkbook_executeTest_byStatus_failed_FAIL3_details"
                       class="testMethodDetails">
                     <div>
                        <b>Name: </b>executeTest
                     </div>
                     <div>
                        <b>Signature: </b>executeTest(java.lang.String, java.lang.String, java.lang.String)[pri:0, instance:com.lifelens.automation.ExecuteTestsFromWorkbook@3df78040]
                     </div>
                     <div>
                        <b>Parameters: </b>
                        
                        TC3
                        
                        ,
                        
                        CC : SS to NSS  - 5&amp;10
                        
                        ,
                        
                        High
                        
                        
                     </div>
                     <div>
                        <b>Start time: </b>16:05:54
                     </div>
                     <div>
                        <b>End time: </b>16:07:13
                     </div>
                     <div>
                        <b>Duration: </b>1m
                        19s
                        
                     </div>
                  </div>
               </td>
            </tr>
            <tr>
               <td colspan="4" class="detailsBox">
                  <div id="com.lifelens.automation.ExecuteTestsFromWorkbook_executeTest_byStatus_failed_FAIL3_exception"
                       class="testMethodDetails">
                     <pre style="padding: 5px; margin: 0;">java.lang.AssertionError:  Message: 'Text: 01/11/2014 not found in the cell: (1,2,2) of the table. The Value found in the
                        cell is : 01/12/2014' error raised while executing the keyword: VERIFY_TABLE_TEXT at row number: 47
                        	at org.testng.Assert.fail(Assert.java:94)
                        	at com.lifelens.automation.ExecuteTestsFromWorkbook.executeTest(ExecuteTestsFromWorkbook.java:83)
                        	at sun.reflect.NativeMethodAccessorImpl.invoke0(Native Method)
                        	at sun.reflect.NativeMethodAccessorImpl.invoke(NativeMethodAccessorImpl.java:39)
                        	at sun.reflect.DelegatingMethodAccessorImpl.invoke(DelegatingMethodAccessorImpl.java:25)
                        	at java.lang.reflect.Method.invoke(Method.java:597)
                        	at org.testng.internal.MethodInvocationHelper.invokeMethod(MethodInvocationHelper.java:84)
                        	at org.testng.internal.Invoker.invokeMethod(Invoker.java:714)
                        	at org.testng.internal.Invoker.invokeTestMethod(Invoker.java:901)
                        	at org.testng.internal.Invoker.invokeTestMethods(Invoker.java:1231)
                        	at org.testng.internal.TestMethodWorker.invokeTestMethods(TestMethodWorker.java:127)
                        	at org.testng.internal.TestMethodWorker.run(TestMethodWorker.java:111)
                        	at org.testng.TestRunner.privateRun(TestRunner.java:767)
                        	at org.testng.TestRunner.run(TestRunner.java:617)
                        	at org.testng.SuiteRunner.runTest(SuiteRunner.java:334)
                        	at org.testng.SuiteRunner.runSequentially(SuiteRunner.java:329)
                        	at org.testng.SuiteRunner.privateRun(SuiteRunner.java:291)
                        	at org.testng.SuiteRunner.run(SuiteRunner.java:240)
                        	at org.testng.SuiteRunnerWorker.runSuite(SuiteRunnerWorker.java:52)
                        	at org.testng.SuiteRunnerWorker.run(SuiteRunnerWorker.java:86)
                        	at org.testng.TestNG.runSuitesSequentially(TestNG.java:1224)
                        	at org.testng.TestNG.runSuitesLocally(TestNG.java:1149)
                        	at org.testng.TestNG.run(TestNG.java:1057)
                        	at org.testng.TestNG.privateMain(TestNG.java:1364)
                        	at org.testng.TestNG.main(TestNG.java:1333)
                     </pre>
                  </div>
               </td>
            </tr>
            <tr id="com.lifelens.automation.ExecuteTestsFromWorkbook_executeTest_byStatus_failed_FAIL4_row"
                class="testMethodStatusFAIL">
               <td width="100%" class="firstMethodCell">
                  <a onclick="toggleDetailsVisibility('com.lifelens.automation.ExecuteTestsFromWorkbook_executeTest_byStatus_failed_FAIL4_details')">executeTest(TC4
                     
                     ,
                     
                     CC : SS to NSS  - 3.5&amp;15
                     
                     ,
                     
                     High)
                  </a>
               </td>
               <td nowrap="true">16:07:13</td>
               <td nowrap="true" align="right">56s
                  
               </td>
               <td nowrap="true">
                  <a onclick="toggleDetailsVisibility('com.lifelens.automation.ExecuteTestsFromWorkbook_executeTest_byStatus_failed_FAIL4_exception')">java.lang.AssertionError: 
                     Message: 'Text: 01/11/2014 not found in the cell: (1,2,2) of the table. The Value found in the cell is : 01/12/2014' error
                     raised while executing the keyword: VERIFY_TABLE_TEXT at row number: 47
                     
                  </a>
                   
                  
               </td>
            </tr>
            <tr>
               <td colspan="4" class="detailsBox">
                  <div id="com.lifelens.automation.ExecuteTestsFromWorkbook_executeTest_byStatus_failed_FAIL4_details"
                       class="testMethodDetails">
                     <div>
                        <b>Name: </b>executeTest
                     </div>
                     <div>
                        <b>Signature: </b>executeTest(java.lang.String, java.lang.String, java.lang.String)[pri:0, instance:com.lifelens.automation.ExecuteTestsFromWorkbook@3df78040]
                     </div>
                     <div>
                        <b>Parameters: </b>
                        
                        TC4
                        
                        ,
                        
                        CC : SS to NSS  - 3.5&amp;15
                        
                        ,
                        
                        High
                        
                        
                     </div>
                     <div>
                        <b>Start time: </b>16:07:13
                     </div>
                     <div>
                        <b>End time: </b>16:08:10
                     </div>
                     <div>
                        <b>Duration: </b>56s
                        
                     </div>
                  </div>
               </td>
            </tr>
            <tr>
               <td colspan="4" class="detailsBox">
                  <div id="com.lifelens.automation.ExecuteTestsFromWorkbook_executeTest_byStatus_failed_FAIL4_exception"
                       class="testMethodDetails">
                     <pre style="padding: 5px; margin: 0;">java.lang.AssertionError:  Message: 'Text: 01/11/2014 not found in the cell: (1,2,2) of the table. The Value found in the
                        cell is : 01/12/2014' error raised while executing the keyword: VERIFY_TABLE_TEXT at row number: 47
                        	at org.testng.Assert.fail(Assert.java:94)
                        	at com.lifelens.automation.ExecuteTestsFromWorkbook.executeTest(ExecuteTestsFromWorkbook.java:83)
                        	at sun.reflect.NativeMethodAccessorImpl.invoke0(Native Method)
                        	at sun.reflect.NativeMethodAccessorImpl.invoke(NativeMethodAccessorImpl.java:39)
                        	at sun.reflect.DelegatingMethodAccessorImpl.invoke(DelegatingMethodAccessorImpl.java:25)
                        	at java.lang.reflect.Method.invoke(Method.java:597)
                        	at org.testng.internal.MethodInvocationHelper.invokeMethod(MethodInvocationHelper.java:84)
                        	at org.testng.internal.Invoker.invokeMethod(Invoker.java:714)
                        	at org.testng.internal.Invoker.invokeTestMethod(Invoker.java:901)
                        	at org.testng.internal.Invoker.invokeTestMethods(Invoker.java:1231)
                        	at org.testng.internal.TestMethodWorker.invokeTestMethods(TestMethodWorker.java:127)
                        	at org.testng.internal.TestMethodWorker.run(TestMethodWorker.java:111)
                        	at org.testng.TestRunner.privateRun(TestRunner.java:767)
                        	at org.testng.TestRunner.run(TestRunner.java:617)
                        	at org.testng.SuiteRunner.runTest(SuiteRunner.java:334)
                        	at org.testng.SuiteRunner.runSequentially(SuiteRunner.java:329)
                        	at org.testng.SuiteRunner.privateRun(SuiteRunner.java:291)
                        	at org.testng.SuiteRunner.run(SuiteRunner.java:240)
                        	at org.testng.SuiteRunnerWorker.runSuite(SuiteRunnerWorker.java:52)
                        	at org.testng.SuiteRunnerWorker.run(SuiteRunnerWorker.java:86)
                        	at org.testng.TestNG.runSuitesSequentially(TestNG.java:1224)
                        	at org.testng.TestNG.runSuitesLocally(TestNG.java:1149)
                        	at org.testng.TestNG.run(TestNG.java:1057)
                        	at org.testng.TestNG.privateMain(TestNG.java:1364)
                        	at org.testng.TestNG.main(TestNG.java:1333)
                     </pre>
                  </div>
               </td>
            </tr>
            <tr id="com.lifelens.automation.ExecuteTestsFromWorkbook_executeTest_byStatus_failed_FAIL5_row"
                class="testMethodStatusFAIL">
               <td width="100%" class="firstMethodCell">
                  <a onclick="toggleDetailsVisibility('com.lifelens.automation.ExecuteTestsFromWorkbook_executeTest_byStatus_failed_FAIL5_details')">executeTest(TC5
                     
                     ,
                     
                     CC : Opt out
                     
                     ,
                     
                     High)
                  </a>
               </td>
               <td nowrap="true">16:08:10</td>
               <td nowrap="true" align="right">19s
                  
               </td>
               <td nowrap="true">
                  <a onclick="toggleDetailsVisibility('com.lifelens.automation.ExecuteTestsFromWorkbook_executeTest_byStatus_failed_FAIL5_exception')">java.lang.AssertionError: 
                     Message: 'Web elements with button name 'Opt out' not found' error raised while executing the keyword: VERIFY_BUTTON at row
                     number: 13
                     
                  </a>
                   
                  
               </td>
            </tr>
            <tr>
               <td colspan="4" class="detailsBox">
                  <div id="com.lifelens.automation.ExecuteTestsFromWorkbook_executeTest_byStatus_failed_FAIL5_details"
                       class="testMethodDetails">
                     <div>
                        <b>Name: </b>executeTest
                     </div>
                     <div>
                        <b>Signature: </b>executeTest(java.lang.String, java.lang.String, java.lang.String)[pri:0, instance:com.lifelens.automation.ExecuteTestsFromWorkbook@3df78040]
                     </div>
                     <div>
                        <b>Parameters: </b>
                        
                        TC5
                        
                        ,
                        
                        CC : Opt out
                        
                        ,
                        
                        High
                        
                        
                     </div>
                     <div>
                        <b>Start time: </b>16:08:10
                     </div>
                     <div>
                        <b>End time: </b>16:08:29
                     </div>
                     <div>
                        <b>Duration: </b>19s
                        
                     </div>
                  </div>
               </td>
            </tr>
            <tr>
               <td colspan="4" class="detailsBox">
                  <div id="com.lifelens.automation.ExecuteTestsFromWorkbook_executeTest_byStatus_failed_FAIL5_exception"
                       class="testMethodDetails">
                     <pre style="padding: 5px; margin: 0;">java.lang.AssertionError:  Message: 'Web elements with button name 'Opt out' not found' error raised while executing the keyword:
                        VERIFY_BUTTON at row number: 13
                        	at org.testng.Assert.fail(Assert.java:94)
                        	at com.lifelens.automation.ExecuteTestsFromWorkbook.executeTest(ExecuteTestsFromWorkbook.java:83)
                        	at sun.reflect.NativeMethodAccessorImpl.invoke0(Native Method)
                        	at sun.reflect.NativeMethodAccessorImpl.invoke(NativeMethodAccessorImpl.java:39)
                        	at sun.reflect.DelegatingMethodAccessorImpl.invoke(DelegatingMethodAccessorImpl.java:25)
                        	at java.lang.reflect.Method.invoke(Method.java:597)
                        	at org.testng.internal.MethodInvocationHelper.invokeMethod(MethodInvocationHelper.java:84)
                        	at org.testng.internal.Invoker.invokeMethod(Invoker.java:714)
                        	at org.testng.internal.Invoker.invokeTestMethod(Invoker.java:901)
                        	at org.testng.internal.Invoker.invokeTestMethods(Invoker.java:1231)
                        	at org.testng.internal.TestMethodWorker.invokeTestMethods(TestMethodWorker.java:127)
                        	at org.testng.internal.TestMethodWorker.run(TestMethodWorker.java:111)
                        	at org.testng.TestRunner.privateRun(TestRunner.java:767)
                        	at org.testng.TestRunner.run(TestRunner.java:617)
                        	at org.testng.SuiteRunner.runTest(SuiteRunner.java:334)
                        	at org.testng.SuiteRunner.runSequentially(SuiteRunner.java:329)
                        	at org.testng.SuiteRunner.privateRun(SuiteRunner.java:291)
                        	at org.testng.SuiteRunner.run(SuiteRunner.java:240)
                        	at org.testng.SuiteRunnerWorker.runSuite(SuiteRunnerWorker.java:52)
                        	at org.testng.SuiteRunnerWorker.run(SuiteRunnerWorker.java:86)
                        	at org.testng.TestNG.runSuitesSequentially(TestNG.java:1224)
                        	at org.testng.TestNG.runSuitesLocally(TestNG.java:1149)
                        	at org.testng.TestNG.run(TestNG.java:1057)
                        	at org.testng.TestNG.privateMain(TestNG.java:1364)
                        	at org.testng.TestNG.main(TestNG.java:1333)
                     </pre>
                  </div>
               </td>
            </tr>
            <tr id="com.lifelens.automation.ExecuteTestsFromWorkbook_executeTest_byStatus_failed_FAIL6_row"
                class="testMethodStatusFAIL">
               <td width="100%" class="firstMethodCell">
                  <a onclick="toggleDetailsVisibility('com.lifelens.automation.ExecuteTestsFromWorkbook_executeTest_byStatus_failed_FAIL6_details')">executeTest(TC6
                     
                     ,
                     
                     CC : AE Optout
                     
                     ,
                     
                     High)
                  </a>
               </td>
               <td nowrap="true">16:08:29</td>
               <td nowrap="true" align="right">17s
                  
               </td>
               <td nowrap="true">
                  <a onclick="toggleDetailsVisibility('com.lifelens.automation.ExecuteTestsFromWorkbook_executeTest_byStatus_failed_FAIL6_exception')">java.lang.AssertionError: 
                     Message: 'Web elements with button name 'Opt out' not found' error raised while executing the keyword: VERIFY_BUTTON at row
                     number: 13
                     
                  </a>
                   
                  
               </td>
            </tr>
            <tr>
               <td colspan="4" class="detailsBox">
                  <div id="com.lifelens.automation.ExecuteTestsFromWorkbook_executeTest_byStatus_failed_FAIL6_details"
                       class="testMethodDetails">
                     <div>
                        <b>Name: </b>executeTest
                     </div>
                     <div>
                        <b>Signature: </b>executeTest(java.lang.String, java.lang.String, java.lang.String)[pri:0, instance:com.lifelens.automation.ExecuteTestsFromWorkbook@3df78040]
                     </div>
                     <div>
                        <b>Parameters: </b>
                        
                        TC6
                        
                        ,
                        
                        CC : AE Optout
                        
                        ,
                        
                        High
                        
                        
                     </div>
                     <div>
                        <b>Start time: </b>16:08:29
                     </div>
                     <div>
                        <b>End time: </b>16:08:46
                     </div>
                     <div>
                        <b>Duration: </b>17s
                        
                     </div>
                  </div>
               </td>
            </tr>
            <tr>
               <td colspan="4" class="detailsBox">
                  <div id="com.lifelens.automation.ExecuteTestsFromWorkbook_executeTest_byStatus_failed_FAIL6_exception"
                       class="testMethodDetails">
                     <pre style="padding: 5px; margin: 0;">java.lang.AssertionError:  Message: 'Web elements with button name 'Opt out' not found' error raised while executing the keyword:
                        VERIFY_BUTTON at row number: 13
                        	at org.testng.Assert.fail(Assert.java:94)
                        	at com.lifelens.automation.ExecuteTestsFromWorkbook.executeTest(ExecuteTestsFromWorkbook.java:83)
                        	at sun.reflect.NativeMethodAccessorImpl.invoke0(Native Method)
                        	at sun.reflect.NativeMethodAccessorImpl.invoke(NativeMethodAccessorImpl.java:39)
                        	at sun.reflect.DelegatingMethodAccessorImpl.invoke(DelegatingMethodAccessorImpl.java:25)
                        	at java.lang.reflect.Method.invoke(Method.java:597)
                        	at org.testng.internal.MethodInvocationHelper.invokeMethod(MethodInvocationHelper.java:84)
                        	at org.testng.internal.Invoker.invokeMethod(Invoker.java:714)
                        	at org.testng.internal.Invoker.invokeTestMethod(Invoker.java:901)
                        	at org.testng.internal.Invoker.invokeTestMethods(Invoker.java:1231)
                        	at org.testng.internal.TestMethodWorker.invokeTestMethods(TestMethodWorker.java:127)
                        	at org.testng.internal.TestMethodWorker.run(TestMethodWorker.java:111)
                        	at org.testng.TestRunner.privateRun(TestRunner.java:767)
                        	at org.testng.TestRunner.run(TestRunner.java:617)
                        	at org.testng.SuiteRunner.runTest(SuiteRunner.java:334)
                        	at org.testng.SuiteRunner.runSequentially(SuiteRunner.java:329)
                        	at org.testng.SuiteRunner.privateRun(SuiteRunner.java:291)
                        	at org.testng.SuiteRunner.run(SuiteRunner.java:240)
                        	at org.testng.SuiteRunnerWorker.runSuite(SuiteRunnerWorker.java:52)
                        	at org.testng.SuiteRunnerWorker.run(SuiteRunnerWorker.java:86)
                        	at org.testng.TestNG.runSuitesSequentially(TestNG.java:1224)
                        	at org.testng.TestNG.runSuitesLocally(TestNG.java:1149)
                        	at org.testng.TestNG.run(TestNG.java:1057)
                        	at org.testng.TestNG.privateMain(TestNG.java:1364)
                        	at org.testng.TestNG.main(TestNG.java:1333)
                     </pre>
                  </div>
               </td>
            </tr>
            <tr id="com.lifelens.automation.ExecuteTestsFromWorkbook_executeTest_byStatus_failed_FAIL7_row"
                class="testMethodStatusFAIL">
               <td width="100%" class="firstMethodCell">
                  <a onclick="toggleDetailsVisibility('com.lifelens.automation.ExecuteTestsFromWorkbook_executeTest_byStatus_failed_FAIL7_details')">executeTest(TC7
                     
                     ,
                     
                     CC : AE Adjustment
                     
                     ,
                     
                     High)
                  </a>
               </td>
               <td nowrap="true">16:08:46</td>
               <td nowrap="true" align="right">17s
                  
               </td>
               <td nowrap="true">
                  <a onclick="toggleDetailsVisibility('com.lifelens.automation.ExecuteTestsFromWorkbook_executeTest_byStatus_failed_FAIL7_exception')">java.lang.AssertionError: 
                     Message: 'Web elements with button name 'Opt out' not found' error raised while executing the keyword: VERIFY_BUTTON at row
                     number: 13
                     
                  </a>
                   
                  
               </td>
            </tr>
            <tr>
               <td colspan="4" class="detailsBox">
                  <div id="com.lifelens.automation.ExecuteTestsFromWorkbook_executeTest_byStatus_failed_FAIL7_details"
                       class="testMethodDetails">
                     <div>
                        <b>Name: </b>executeTest
                     </div>
                     <div>
                        <b>Signature: </b>executeTest(java.lang.String, java.lang.String, java.lang.String)[pri:0, instance:com.lifelens.automation.ExecuteTestsFromWorkbook@3df78040]
                     </div>
                     <div>
                        <b>Parameters: </b>
                        
                        TC7
                        
                        ,
                        
                        CC : AE Adjustment
                        
                        ,
                        
                        High
                        
                        
                     </div>
                     <div>
                        <b>Start time: </b>16:08:46
                     </div>
                     <div>
                        <b>End time: </b>16:09:04
                     </div>
                     <div>
                        <b>Duration: </b>17s
                        
                     </div>
                  </div>
               </td>
            </tr>
            <tr>
               <td colspan="4" class="detailsBox">
                  <div id="com.lifelens.automation.ExecuteTestsFromWorkbook_executeTest_byStatus_failed_FAIL7_exception"
                       class="testMethodDetails">
                     <pre style="padding: 5px; margin: 0;">java.lang.AssertionError:  Message: 'Web elements with button name 'Opt out' not found' error raised while executing the keyword:
                        VERIFY_BUTTON at row number: 13
                        	at org.testng.Assert.fail(Assert.java:94)
                        	at com.lifelens.automation.ExecuteTestsFromWorkbook.executeTest(ExecuteTestsFromWorkbook.java:83)
                        	at sun.reflect.NativeMethodAccessorImpl.invoke0(Native Method)
                        	at sun.reflect.NativeMethodAccessorImpl.invoke(NativeMethodAccessorImpl.java:39)
                        	at sun.reflect.DelegatingMethodAccessorImpl.invoke(DelegatingMethodAccessorImpl.java:25)
                        	at java.lang.reflect.Method.invoke(Method.java:597)
                        	at org.testng.internal.MethodInvocationHelper.invokeMethod(MethodInvocationHelper.java:84)
                        	at org.testng.internal.Invoker.invokeMethod(Invoker.java:714)
                        	at org.testng.internal.Invoker.invokeTestMethod(Invoker.java:901)
                        	at org.testng.internal.Invoker.invokeTestMethods(Invoker.java:1231)
                        	at org.testng.internal.TestMethodWorker.invokeTestMethods(TestMethodWorker.java:127)
                        	at org.testng.internal.TestMethodWorker.run(TestMethodWorker.java:111)
                        	at org.testng.TestRunner.privateRun(TestRunner.java:767)
                        	at org.testng.TestRunner.run(TestRunner.java:617)
                        	at org.testng.SuiteRunner.runTest(SuiteRunner.java:334)
                        	at org.testng.SuiteRunner.runSequentially(SuiteRunner.java:329)
                        	at org.testng.SuiteRunner.privateRun(SuiteRunner.java:291)
                        	at org.testng.SuiteRunner.run(SuiteRunner.java:240)
                        	at org.testng.SuiteRunnerWorker.runSuite(SuiteRunnerWorker.java:52)
                        	at org.testng.SuiteRunnerWorker.run(SuiteRunnerWorker.java:86)
                        	at org.testng.TestNG.runSuitesSequentially(TestNG.java:1224)
                        	at org.testng.TestNG.runSuitesLocally(TestNG.java:1149)
                        	at org.testng.TestNG.run(TestNG.java:1057)
                        	at org.testng.TestNG.privateMain(TestNG.java:1364)
                        	at org.testng.TestNG.main(TestNG.java:1333)
                     </pre>
                  </div>
               </td>
            </tr>
            <tr id="com.lifelens.automation.ExecuteTestsFromWorkbook_openTestSet_byStatus_passed_PASS1_row"
                class="testMethodStatusPASS testMethodStatusCONF">
               <td width="100%" class="firstMethodCell">
                  <a onclick="toggleDetailsVisibility('com.lifelens.automation.ExecuteTestsFromWorkbook_openTestSet_byStatus_passed_PASS1_details')">openTestSet(03 TUI_ChangeContributions_TestScript_GFRP2_Eligible.xlsx
                     
                     ,
                     
                     All
                     
                     ,
                     
                     F:/Lifelens_Automation_TestRuns/TestLab/TUI_20141125_160326)
                  </a>
               </td>
               <td nowrap="true">16:04:13</td>
               <td nowrap="true" align="right">7s
                  
               </td>
               <td nowrap="true">
                   
                  
               </td>
            </tr>
            <tr>
               <td colspan="4" class="detailsBox">
                  <div id="com.lifelens.automation.ExecuteTestsFromWorkbook_openTestSet_byStatus_passed_PASS1_details"
                       class="testMethodDetails">
                     <div>
                        <b>Name: </b>openTestSet
                     </div>
                     <div>
                        <b>Signature: </b>openTestSet(java.lang.String, java.lang.String, java.lang.String)[pri:0, instance:com.lifelens.automation.ExecuteTestsFromWorkbook@3df78040]
                     </div>
                     <div>
                        <b>Parameters: </b>
                        
                        03 TUI_ChangeContributions_TestScript_GFRP2_Eligible.xlsx
                        
                        ,
                        
                        All
                        
                        ,
                        
                        F:/Lifelens_Automation_TestRuns/TestLab/TUI_20141125_160326
                        
                        
                     </div>
                     <div>
                        <b>Start time: </b>16:04:13
                     </div>
                     <div>
                        <b>End time: </b>16:04:20
                     </div>
                     <div>
                        <b>Duration: </b>7s
                        
                     </div>
                  </div>
               </td>
            </tr>
            <tr></tr>
            <tr id="com.lifelens.automation.ExecuteTestsFromWorkbook_closeTestSet_byStatus_passed_PASS2_row"
                class="testMethodStatusPASS testMethodStatusCONF">
               <td width="100%" class="firstMethodCell">
                  <a onclick="toggleDetailsVisibility('com.lifelens.automation.ExecuteTestsFromWorkbook_closeTestSet_byStatus_passed_PASS2_details')">closeTestSet()</a>
               </td>
               <td nowrap="true">16:09:04</td>
               <td nowrap="true" align="right">3s
                  
               </td>
               <td nowrap="true">
                   
                  
               </td>
            </tr>
            <tr>
               <td colspan="4" class="detailsBox">
                  <div id="com.lifelens.automation.ExecuteTestsFromWorkbook_closeTestSet_byStatus_passed_PASS2_details"
                       class="testMethodDetails">
                     <div>
                        <b>Name: </b>closeTestSet
                     </div>
                     <div>
                        <b>Signature: </b>closeTestSet()[pri:0, instance:com.lifelens.automation.ExecuteTestsFromWorkbook@3df78040]
                     </div>
                     <div>
                        <b>Start time: </b>16:09:04
                     </div>
                     <div>
                        <b>End time: </b>16:09:07
                     </div>
                     <div>
                        <b>Duration: </b>3s
                        
                     </div>
                  </div>
               </td>
            </tr>
            <tr></tr>
         </table>
      </div>
      <div id="testMethodsByClass">
         <table class="testMethodsTable" cellpadding="0" cellspacing="0">
            <tr>
               <td colspan="4">
                  <h3 style="display: inline;">com.lifelens.automation.ExecuteTestsFromWorkbook</h3>
               </td>
            </tr>
            <tr class="methodsTableHeader">
               <td width="100%">Name</td>
               <td nowrap="true">Started</td>
               <td nowrap="true">Duration</td>
               <td>Exception</td>
            </tr>
            <tr id="com.lifelens.automation.ExecuteTestsFromWorkbook_openTestSet_byClass_PASS1_row"
                class="testMethodStatusPASS testMethodStatusCONF">
               <td width="100%" class="firstMethodCell">
                  <a onclick="toggleDetailsVisibility('com.lifelens.automation.ExecuteTestsFromWorkbook_openTestSet_byClass_PASS1_details')">openTestSet(03 TUI_ChangeContributions_TestScript_GFRP2_Eligible.xlsx
                     
                     ,
                     
                     All
                     
                     ,
                     
                     F:/Lifelens_Automation_TestRuns/TestLab/TUI_20141125_160326)
                  </a>
               </td>
               <td nowrap="true">16:04:13</td>
               <td nowrap="true" align="right">7s
                  
               </td>
               <td nowrap="true">
                   
                  
               </td>
            </tr>
            <tr>
               <td colspan="4" class="detailsBox">
                  <div id="com.lifelens.automation.ExecuteTestsFromWorkbook_openTestSet_byClass_PASS1_details"
                       class="testMethodDetails">
                     <div>
                        <b>Name: </b>openTestSet
                     </div>
                     <div>
                        <b>Signature: </b>openTestSet(java.lang.String, java.lang.String, java.lang.String)[pri:0, instance:com.lifelens.automation.ExecuteTestsFromWorkbook@3df78040]
                     </div>
                     <div>
                        <b>Parameters: </b>
                        
                        03 TUI_ChangeContributions_TestScript_GFRP2_Eligible.xlsx
                        
                        ,
                        
                        All
                        
                        ,
                        
                        F:/Lifelens_Automation_TestRuns/TestLab/TUI_20141125_160326
                        
                        
                     </div>
                     <div>
                        <b>Start time: </b>16:04:13
                     </div>
                     <div>
                        <b>End time: </b>16:04:20
                     </div>
                     <div>
                        <b>Duration: </b>7s
                        
                     </div>
                  </div>
               </td>
            </tr>
            <tr></tr>
            <tr id="com.lifelens.automation.ExecuteTestsFromWorkbook_executeTest_byClass_FAIL2_row"
                class="testMethodStatusFAIL">
               <td width="100%" class="firstMethodCell">
                  <a onclick="toggleDetailsVisibility('com.lifelens.automation.ExecuteTestsFromWorkbook_executeTest_byClass_FAIL2_details')">executeTest(TC1
                     
                     ,
                     
                     CC : NSS to SS - 5 &amp; 5
                     
                     ,
                     
                     High)
                  </a>
               </td>
               <td nowrap="true">16:04:20</td>
               <td nowrap="true" align="right">50s
                  
               </td>
               <td nowrap="true">
                  <a onclick="toggleDetailsVisibility('com.lifelens.automation.ExecuteTestsFromWorkbook_executeTest_byClass_FAIL2_exception')">java.lang.AssertionError: 
                     Message: 'Text: 01/11/2014 not found in the cell: (1,2,2) of the table. The Value found in the cell is : 01/12/2014' error
                     raised while executing the keyword: VERIFY_TABLE_TEXT at row number: 48
                     
                  </a>
                   
                  
               </td>
            </tr>
            <tr>
               <td colspan="4" class="detailsBox">
                  <div id="com.lifelens.automation.ExecuteTestsFromWorkbook_executeTest_byClass_FAIL2_details"
                       class="testMethodDetails">
                     <div>
                        <b>Name: </b>executeTest
                     </div>
                     <div>
                        <b>Signature: </b>executeTest(java.lang.String, java.lang.String, java.lang.String)[pri:0, instance:com.lifelens.automation.ExecuteTestsFromWorkbook@3df78040]
                     </div>
                     <div>
                        <b>Parameters: </b>
                        
                        TC1
                        
                        ,
                        
                        CC : NSS to SS - 5 &amp; 5
                        
                        ,
                        
                        High
                        
                        
                     </div>
                     <div>
                        <b>Start time: </b>16:04:20
                     </div>
                     <div>
                        <b>End time: </b>16:05:10
                     </div>
                     <div>
                        <b>Duration: </b>50s
                        
                     </div>
                  </div>
               </td>
            </tr>
            <tr>
               <td colspan="4" class="detailsBox">
                  <div id="com.lifelens.automation.ExecuteTestsFromWorkbook_executeTest_byClass_FAIL2_exception"
                       class="testMethodDetails">
                     <pre style="padding: 5px; margin: 0;">java.lang.AssertionError:  Message: 'Text: 01/11/2014 not found in the cell: (1,2,2) of the table. The Value found in the
                        cell is : 01/12/2014' error raised while executing the keyword: VERIFY_TABLE_TEXT at row number: 48
                        	at org.testng.Assert.fail(Assert.java:94)
                        	at com.lifelens.automation.ExecuteTestsFromWorkbook.executeTest(ExecuteTestsFromWorkbook.java:83)
                        	at sun.reflect.NativeMethodAccessorImpl.invoke0(Native Method)
                        	at sun.reflect.NativeMethodAccessorImpl.invoke(NativeMethodAccessorImpl.java:39)
                        	at sun.reflect.DelegatingMethodAccessorImpl.invoke(DelegatingMethodAccessorImpl.java:25)
                        	at java.lang.reflect.Method.invoke(Method.java:597)
                        	at org.testng.internal.MethodInvocationHelper.invokeMethod(MethodInvocationHelper.java:84)
                        	at org.testng.internal.Invoker.invokeMethod(Invoker.java:714)
                        	at org.testng.internal.Invoker.invokeTestMethod(Invoker.java:901)
                        	at org.testng.internal.Invoker.invokeTestMethods(Invoker.java:1231)
                        	at org.testng.internal.TestMethodWorker.invokeTestMethods(TestMethodWorker.java:127)
                        	at org.testng.internal.TestMethodWorker.run(TestMethodWorker.java:111)
                        	at org.testng.TestRunner.privateRun(TestRunner.java:767)
                        	at org.testng.TestRunner.run(TestRunner.java:617)
                        	at org.testng.SuiteRunner.runTest(SuiteRunner.java:334)
                        	at org.testng.SuiteRunner.runSequentially(SuiteRunner.java:329)
                        	at org.testng.SuiteRunner.privateRun(SuiteRunner.java:291)
                        	at org.testng.SuiteRunner.run(SuiteRunner.java:240)
                        	at org.testng.SuiteRunnerWorker.runSuite(SuiteRunnerWorker.java:52)
                        	at org.testng.SuiteRunnerWorker.run(SuiteRunnerWorker.java:86)
                        	at org.testng.TestNG.runSuitesSequentially(TestNG.java:1224)
                        	at org.testng.TestNG.runSuitesLocally(TestNG.java:1149)
                        	at org.testng.TestNG.run(TestNG.java:1057)
                        	at org.testng.TestNG.privateMain(TestNG.java:1364)
                        	at org.testng.TestNG.main(TestNG.java:1333)
                     </pre>
                  </div>
               </td>
            </tr>
            <tr id="com.lifelens.automation.ExecuteTestsFromWorkbook_executeTest_byClass_FAIL3_row"
                class="testMethodStatusFAIL">
               <td width="100%" class="firstMethodCell">
                  <a onclick="toggleDetailsVisibility('com.lifelens.automation.ExecuteTestsFromWorkbook_executeTest_byClass_FAIL3_details')">executeTest(TC2
                     
                     ,
                     
                     CC : NSS to SS  - 1&amp;1
                     
                     ,
                     
                     High)
                  </a>
               </td>
               <td nowrap="true">16:05:10</td>
               <td nowrap="true" align="right">43s
                  
               </td>
               <td nowrap="true">
                  <a onclick="toggleDetailsVisibility('com.lifelens.automation.ExecuteTestsFromWorkbook_executeTest_byClass_FAIL3_exception')">java.lang.AssertionError: 
                     Message: 'Text: 01/11/2014 not found in the cell: (1,2,2) of the table. The Value found in the cell is : 01/12/2014' error
                     raised while executing the keyword: VERIFY_TABLE_TEXT at row number: 47
                     
                  </a>
                   
                  
               </td>
            </tr>
            <tr>
               <td colspan="4" class="detailsBox">
                  <div id="com.lifelens.automation.ExecuteTestsFromWorkbook_executeTest_byClass_FAIL3_details"
                       class="testMethodDetails">
                     <div>
                        <b>Name: </b>executeTest
                     </div>
                     <div>
                        <b>Signature: </b>executeTest(java.lang.String, java.lang.String, java.lang.String)[pri:0, instance:com.lifelens.automation.ExecuteTestsFromWorkbook@3df78040]
                     </div>
                     <div>
                        <b>Parameters: </b>
                        
                        TC2
                        
                        ,
                        
                        CC : NSS to SS  - 1&amp;1
                        
                        ,
                        
                        High
                        
                        
                     </div>
                     <div>
                        <b>Start time: </b>16:05:10
                     </div>
                     <div>
                        <b>End time: </b>16:05:54
                     </div>
                     <div>
                        <b>Duration: </b>43s
                        
                     </div>
                  </div>
               </td>
            </tr>
            <tr>
               <td colspan="4" class="detailsBox">
                  <div id="com.lifelens.automation.ExecuteTestsFromWorkbook_executeTest_byClass_FAIL3_exception"
                       class="testMethodDetails">
                     <pre style="padding: 5px; margin: 0;">java.lang.AssertionError:  Message: 'Text: 01/11/2014 not found in the cell: (1,2,2) of the table. The Value found in the
                        cell is : 01/12/2014' error raised while executing the keyword: VERIFY_TABLE_TEXT at row number: 47
                        	at org.testng.Assert.fail(Assert.java:94)
                        	at com.lifelens.automation.ExecuteTestsFromWorkbook.executeTest(ExecuteTestsFromWorkbook.java:83)
                        	at sun.reflect.NativeMethodAccessorImpl.invoke0(Native Method)
                        	at sun.reflect.NativeMethodAccessorImpl.invoke(NativeMethodAccessorImpl.java:39)
                        	at sun.reflect.DelegatingMethodAccessorImpl.invoke(DelegatingMethodAccessorImpl.java:25)
                        	at java.lang.reflect.Method.invoke(Method.java:597)
                        	at org.testng.internal.MethodInvocationHelper.invokeMethod(MethodInvocationHelper.java:84)
                        	at org.testng.internal.Invoker.invokeMethod(Invoker.java:714)
                        	at org.testng.internal.Invoker.invokeTestMethod(Invoker.java:901)
                        	at org.testng.internal.Invoker.invokeTestMethods(Invoker.java:1231)
                        	at org.testng.internal.TestMethodWorker.invokeTestMethods(TestMethodWorker.java:127)
                        	at org.testng.internal.TestMethodWorker.run(TestMethodWorker.java:111)
                        	at org.testng.TestRunner.privateRun(TestRunner.java:767)
                        	at org.testng.TestRunner.run(TestRunner.java:617)
                        	at org.testng.SuiteRunner.runTest(SuiteRunner.java:334)
                        	at org.testng.SuiteRunner.runSequentially(SuiteRunner.java:329)
                        	at org.testng.SuiteRunner.privateRun(SuiteRunner.java:291)
                        	at org.testng.SuiteRunner.run(SuiteRunner.java:240)
                        	at org.testng.SuiteRunnerWorker.runSuite(SuiteRunnerWorker.java:52)
                        	at org.testng.SuiteRunnerWorker.run(SuiteRunnerWorker.java:86)
                        	at org.testng.TestNG.runSuitesSequentially(TestNG.java:1224)
                        	at org.testng.TestNG.runSuitesLocally(TestNG.java:1149)
                        	at org.testng.TestNG.run(TestNG.java:1057)
                        	at org.testng.TestNG.privateMain(TestNG.java:1364)
                        	at org.testng.TestNG.main(TestNG.java:1333)
                     </pre>
                  </div>
               </td>
            </tr>
            <tr id="com.lifelens.automation.ExecuteTestsFromWorkbook_executeTest_byClass_FAIL4_row"
                class="testMethodStatusFAIL">
               <td width="100%" class="firstMethodCell">
                  <a onclick="toggleDetailsVisibility('com.lifelens.automation.ExecuteTestsFromWorkbook_executeTest_byClass_FAIL4_details')">executeTest(TC3
                     
                     ,
                     
                     CC : SS to NSS  - 5&amp;10
                     
                     ,
                     
                     High)
                  </a>
               </td>
               <td nowrap="true">16:05:54</td>
               <td nowrap="true" align="right">1m
                  19s
                  
               </td>
               <td nowrap="true">
                  <a onclick="toggleDetailsVisibility('com.lifelens.automation.ExecuteTestsFromWorkbook_executeTest_byClass_FAIL4_exception')">java.lang.AssertionError: 
                     Message: 'Text: 01/11/2014 not found in the cell: (1,2,2) of the table. The Value found in the cell is : 01/12/2014' error
                     raised while executing the keyword: VERIFY_TABLE_TEXT at row number: 47
                     
                  </a>
                   
                  
               </td>
            </tr>
            <tr>
               <td colspan="4" class="detailsBox">
                  <div id="com.lifelens.automation.ExecuteTestsFromWorkbook_executeTest_byClass_FAIL4_details"
                       class="testMethodDetails">
                     <div>
                        <b>Name: </b>executeTest
                     </div>
                     <div>
                        <b>Signature: </b>executeTest(java.lang.String, java.lang.String, java.lang.String)[pri:0, instance:com.lifelens.automation.ExecuteTestsFromWorkbook@3df78040]
                     </div>
                     <div>
                        <b>Parameters: </b>
                        
                        TC3
                        
                        ,
                        
                        CC : SS to NSS  - 5&amp;10
                        
                        ,
                        
                        High
                        
                        
                     </div>
                     <div>
                        <b>Start time: </b>16:05:54
                     </div>
                     <div>
                        <b>End time: </b>16:07:13
                     </div>
                     <div>
                        <b>Duration: </b>1m
                        19s
                        
                     </div>
                  </div>
               </td>
            </tr>
            <tr>
               <td colspan="4" class="detailsBox">
                  <div id="com.lifelens.automation.ExecuteTestsFromWorkbook_executeTest_byClass_FAIL4_exception"
                       class="testMethodDetails">
                     <pre style="padding: 5px; margin: 0;">java.lang.AssertionError:  Message: 'Text: 01/11/2014 not found in the cell: (1,2,2) of the table. The Value found in the
                        cell is : 01/12/2014' error raised while executing the keyword: VERIFY_TABLE_TEXT at row number: 47
                        	at org.testng.Assert.fail(Assert.java:94)
                        	at com.lifelens.automation.ExecuteTestsFromWorkbook.executeTest(ExecuteTestsFromWorkbook.java:83)
                        	at sun.reflect.NativeMethodAccessorImpl.invoke0(Native Method)
                        	at sun.reflect.NativeMethodAccessorImpl.invoke(NativeMethodAccessorImpl.java:39)
                        	at sun.reflect.DelegatingMethodAccessorImpl.invoke(DelegatingMethodAccessorImpl.java:25)
                        	at java.lang.reflect.Method.invoke(Method.java:597)
                        	at org.testng.internal.MethodInvocationHelper.invokeMethod(MethodInvocationHelper.java:84)
                        	at org.testng.internal.Invoker.invokeMethod(Invoker.java:714)
                        	at org.testng.internal.Invoker.invokeTestMethod(Invoker.java:901)
                        	at org.testng.internal.Invoker.invokeTestMethods(Invoker.java:1231)
                        	at org.testng.internal.TestMethodWorker.invokeTestMethods(TestMethodWorker.java:127)
                        	at org.testng.internal.TestMethodWorker.run(TestMethodWorker.java:111)
                        	at org.testng.TestRunner.privateRun(TestRunner.java:767)
                        	at org.testng.TestRunner.run(TestRunner.java:617)
                        	at org.testng.SuiteRunner.runTest(SuiteRunner.java:334)
                        	at org.testng.SuiteRunner.runSequentially(SuiteRunner.java:329)
                        	at org.testng.SuiteRunner.privateRun(SuiteRunner.java:291)
                        	at org.testng.SuiteRunner.run(SuiteRunner.java:240)
                        	at org.testng.SuiteRunnerWorker.runSuite(SuiteRunnerWorker.java:52)
                        	at org.testng.SuiteRunnerWorker.run(SuiteRunnerWorker.java:86)
                        	at org.testng.TestNG.runSuitesSequentially(TestNG.java:1224)
                        	at org.testng.TestNG.runSuitesLocally(TestNG.java:1149)
                        	at org.testng.TestNG.run(TestNG.java:1057)
                        	at org.testng.TestNG.privateMain(TestNG.java:1364)
                        	at org.testng.TestNG.main(TestNG.java:1333)
                     </pre>
                  </div>
               </td>
            </tr>
            <tr id="com.lifelens.automation.ExecuteTestsFromWorkbook_executeTest_byClass_FAIL5_row"
                class="testMethodStatusFAIL">
               <td width="100%" class="firstMethodCell">
                  <a onclick="toggleDetailsVisibility('com.lifelens.automation.ExecuteTestsFromWorkbook_executeTest_byClass_FAIL5_details')">executeTest(TC4
                     
                     ,
                     
                     CC : SS to NSS  - 3.5&amp;15
                     
                     ,
                     
                     High)
                  </a>
               </td>
               <td nowrap="true">16:07:13</td>
               <td nowrap="true" align="right">56s
                  
               </td>
               <td nowrap="true">
                  <a onclick="toggleDetailsVisibility('com.lifelens.automation.ExecuteTestsFromWorkbook_executeTest_byClass_FAIL5_exception')">java.lang.AssertionError: 
                     Message: 'Text: 01/11/2014 not found in the cell: (1,2,2) of the table. The Value found in the cell is : 01/12/2014' error
                     raised while executing the keyword: VERIFY_TABLE_TEXT at row number: 47
                     
                  </a>
                   
                  
               </td>
            </tr>
            <tr>
               <td colspan="4" class="detailsBox">
                  <div id="com.lifelens.automation.ExecuteTestsFromWorkbook_executeTest_byClass_FAIL5_details"
                       class="testMethodDetails">
                     <div>
                        <b>Name: </b>executeTest
                     </div>
                     <div>
                        <b>Signature: </b>executeTest(java.lang.String, java.lang.String, java.lang.String)[pri:0, instance:com.lifelens.automation.ExecuteTestsFromWorkbook@3df78040]
                     </div>
                     <div>
                        <b>Parameters: </b>
                        
                        TC4
                        
                        ,
                        
                        CC : SS to NSS  - 3.5&amp;15
                        
                        ,
                        
                        High
                        
                        
                     </div>
                     <div>
                        <b>Start time: </b>16:07:13
                     </div>
                     <div>
                        <b>End time: </b>16:08:10
                     </div>
                     <div>
                        <b>Duration: </b>56s
                        
                     </div>
                  </div>
               </td>
            </tr>
            <tr>
               <td colspan="4" class="detailsBox">
                  <div id="com.lifelens.automation.ExecuteTestsFromWorkbook_executeTest_byClass_FAIL5_exception"
                       class="testMethodDetails">
                     <pre style="padding: 5px; margin: 0;">java.lang.AssertionError:  Message: 'Text: 01/11/2014 not found in the cell: (1,2,2) of the table. The Value found in the
                        cell is : 01/12/2014' error raised while executing the keyword: VERIFY_TABLE_TEXT at row number: 47
                        	at org.testng.Assert.fail(Assert.java:94)
                        	at com.lifelens.automation.ExecuteTestsFromWorkbook.executeTest(ExecuteTestsFromWorkbook.java:83)
                        	at sun.reflect.NativeMethodAccessorImpl.invoke0(Native Method)
                        	at sun.reflect.NativeMethodAccessorImpl.invoke(NativeMethodAccessorImpl.java:39)
                        	at sun.reflect.DelegatingMethodAccessorImpl.invoke(DelegatingMethodAccessorImpl.java:25)
                        	at java.lang.reflect.Method.invoke(Method.java:597)
                        	at org.testng.internal.MethodInvocationHelper.invokeMethod(MethodInvocationHelper.java:84)
                        	at org.testng.internal.Invoker.invokeMethod(Invoker.java:714)
                        	at org.testng.internal.Invoker.invokeTestMethod(Invoker.java:901)
                        	at org.testng.internal.Invoker.invokeTestMethods(Invoker.java:1231)
                        	at org.testng.internal.TestMethodWorker.invokeTestMethods(TestMethodWorker.java:127)
                        	at org.testng.internal.TestMethodWorker.run(TestMethodWorker.java:111)
                        	at org.testng.TestRunner.privateRun(TestRunner.java:767)
                        	at org.testng.TestRunner.run(TestRunner.java:617)
                        	at org.testng.SuiteRunner.runTest(SuiteRunner.java:334)
                        	at org.testng.SuiteRunner.runSequentially(SuiteRunner.java:329)
                        	at org.testng.SuiteRunner.privateRun(SuiteRunner.java:291)
                        	at org.testng.SuiteRunner.run(SuiteRunner.java:240)
                        	at org.testng.SuiteRunnerWorker.runSuite(SuiteRunnerWorker.java:52)
                        	at org.testng.SuiteRunnerWorker.run(SuiteRunnerWorker.java:86)
                        	at org.testng.TestNG.runSuitesSequentially(TestNG.java:1224)
                        	at org.testng.TestNG.runSuitesLocally(TestNG.java:1149)
                        	at org.testng.TestNG.run(TestNG.java:1057)
                        	at org.testng.TestNG.privateMain(TestNG.java:1364)
                        	at org.testng.TestNG.main(TestNG.java:1333)
                     </pre>
                  </div>
               </td>
            </tr>
            <tr id="com.lifelens.automation.ExecuteTestsFromWorkbook_executeTest_byClass_FAIL6_row"
                class="testMethodStatusFAIL">
               <td width="100%" class="firstMethodCell">
                  <a onclick="toggleDetailsVisibility('com.lifelens.automation.ExecuteTestsFromWorkbook_executeTest_byClass_FAIL6_details')">executeTest(TC5
                     
                     ,
                     
                     CC : Opt out
                     
                     ,
                     
                     High)
                  </a>
               </td>
               <td nowrap="true">16:08:10</td>
               <td nowrap="true" align="right">19s
                  
               </td>
               <td nowrap="true">
                  <a onclick="toggleDetailsVisibility('com.lifelens.automation.ExecuteTestsFromWorkbook_executeTest_byClass_FAIL6_exception')">java.lang.AssertionError: 
                     Message: 'Web elements with button name 'Opt out' not found' error raised while executing the keyword: VERIFY_BUTTON at row
                     number: 13
                     
                  </a>
                   
                  
               </td>
            </tr>
            <tr>
               <td colspan="4" class="detailsBox">
                  <div id="com.lifelens.automation.ExecuteTestsFromWorkbook_executeTest_byClass_FAIL6_details"
                       class="testMethodDetails">
                     <div>
                        <b>Name: </b>executeTest
                     </div>
                     <div>
                        <b>Signature: </b>executeTest(java.lang.String, java.lang.String, java.lang.String)[pri:0, instance:com.lifelens.automation.ExecuteTestsFromWorkbook@3df78040]
                     </div>
                     <div>
                        <b>Parameters: </b>
                        
                        TC5
                        
                        ,
                        
                        CC : Opt out
                        
                        ,
                        
                        High
                        
                        
                     </div>
                     <div>
                        <b>Start time: </b>16:08:10
                     </div>
                     <div>
                        <b>End time: </b>16:08:29
                     </div>
                     <div>
                        <b>Duration: </b>19s
                        
                     </div>
                  </div>
               </td>
            </tr>
            <tr>
               <td colspan="4" class="detailsBox">
                  <div id="com.lifelens.automation.ExecuteTestsFromWorkbook_executeTest_byClass_FAIL6_exception"
                       class="testMethodDetails">
                     <pre style="padding: 5px; margin: 0;">java.lang.AssertionError:  Message: 'Web elements with button name 'Opt out' not found' error raised while executing the keyword:
                        VERIFY_BUTTON at row number: 13
                        	at org.testng.Assert.fail(Assert.java:94)
                        	at com.lifelens.automation.ExecuteTestsFromWorkbook.executeTest(ExecuteTestsFromWorkbook.java:83)
                        	at sun.reflect.NativeMethodAccessorImpl.invoke0(Native Method)
                        	at sun.reflect.NativeMethodAccessorImpl.invoke(NativeMethodAccessorImpl.java:39)
                        	at sun.reflect.DelegatingMethodAccessorImpl.invoke(DelegatingMethodAccessorImpl.java:25)
                        	at java.lang.reflect.Method.invoke(Method.java:597)
                        	at org.testng.internal.MethodInvocationHelper.invokeMethod(MethodInvocationHelper.java:84)
                        	at org.testng.internal.Invoker.invokeMethod(Invoker.java:714)
                        	at org.testng.internal.Invoker.invokeTestMethod(Invoker.java:901)
                        	at org.testng.internal.Invoker.invokeTestMethods(Invoker.java:1231)
                        	at org.testng.internal.TestMethodWorker.invokeTestMethods(TestMethodWorker.java:127)
                        	at org.testng.internal.TestMethodWorker.run(TestMethodWorker.java:111)
                        	at org.testng.TestRunner.privateRun(TestRunner.java:767)
                        	at org.testng.TestRunner.run(TestRunner.java:617)
                        	at org.testng.SuiteRunner.runTest(SuiteRunner.java:334)
                        	at org.testng.SuiteRunner.runSequentially(SuiteRunner.java:329)
                        	at org.testng.SuiteRunner.privateRun(SuiteRunner.java:291)
                        	at org.testng.SuiteRunner.run(SuiteRunner.java:240)
                        	at org.testng.SuiteRunnerWorker.runSuite(SuiteRunnerWorker.java:52)
                        	at org.testng.SuiteRunnerWorker.run(SuiteRunnerWorker.java:86)
                        	at org.testng.TestNG.runSuitesSequentially(TestNG.java:1224)
                        	at org.testng.TestNG.runSuitesLocally(TestNG.java:1149)
                        	at org.testng.TestNG.run(TestNG.java:1057)
                        	at org.testng.TestNG.privateMain(TestNG.java:1364)
                        	at org.testng.TestNG.main(TestNG.java:1333)
                     </pre>
                  </div>
               </td>
            </tr>
            <tr id="com.lifelens.automation.ExecuteTestsFromWorkbook_executeTest_byClass_FAIL7_row"
                class="testMethodStatusFAIL">
               <td width="100%" class="firstMethodCell">
                  <a onclick="toggleDetailsVisibility('com.lifelens.automation.ExecuteTestsFromWorkbook_executeTest_byClass_FAIL7_details')">executeTest(TC6
                     
                     ,
                     
                     CC : AE Optout
                     
                     ,
                     
                     High)
                  </a>
               </td>
               <td nowrap="true">16:08:29</td>
               <td nowrap="true" align="right">17s
                  
               </td>
               <td nowrap="true">
                  <a onclick="toggleDetailsVisibility('com.lifelens.automation.ExecuteTestsFromWorkbook_executeTest_byClass_FAIL7_exception')">java.lang.AssertionError: 
                     Message: 'Web elements with button name 'Opt out' not found' error raised while executing the keyword: VERIFY_BUTTON at row
                     number: 13
                     
                  </a>
                   
                  
               </td>
            </tr>
            <tr>
               <td colspan="4" class="detailsBox">
                  <div id="com.lifelens.automation.ExecuteTestsFromWorkbook_executeTest_byClass_FAIL7_details"
                       class="testMethodDetails">
                     <div>
                        <b>Name: </b>executeTest
                     </div>
                     <div>
                        <b>Signature: </b>executeTest(java.lang.String, java.lang.String, java.lang.String)[pri:0, instance:com.lifelens.automation.ExecuteTestsFromWorkbook@3df78040]
                     </div>
                     <div>
                        <b>Parameters: </b>
                        
                        TC6
                        
                        ,
                        
                        CC : AE Optout
                        
                        ,
                        
                        High
                        
                        
                     </div>
                     <div>
                        <b>Start time: </b>16:08:29
                     </div>
                     <div>
                        <b>End time: </b>16:08:46
                     </div>
                     <div>
                        <b>Duration: </b>17s
                        
                     </div>
                  </div>
               </td>
            </tr>
            <tr>
               <td colspan="4" class="detailsBox">
                  <div id="com.lifelens.automation.ExecuteTestsFromWorkbook_executeTest_byClass_FAIL7_exception"
                       class="testMethodDetails">
                     <pre style="padding: 5px; margin: 0;">java.lang.AssertionError:  Message: 'Web elements with button name 'Opt out' not found' error raised while executing the keyword:
                        VERIFY_BUTTON at row number: 13
                        	at org.testng.Assert.fail(Assert.java:94)
                        	at com.lifelens.automation.ExecuteTestsFromWorkbook.executeTest(ExecuteTestsFromWorkbook.java:83)
                        	at sun.reflect.NativeMethodAccessorImpl.invoke0(Native Method)
                        	at sun.reflect.NativeMethodAccessorImpl.invoke(NativeMethodAccessorImpl.java:39)
                        	at sun.reflect.DelegatingMethodAccessorImpl.invoke(DelegatingMethodAccessorImpl.java:25)
                        	at java.lang.reflect.Method.invoke(Method.java:597)
                        	at org.testng.internal.MethodInvocationHelper.invokeMethod(MethodInvocationHelper.java:84)
                        	at org.testng.internal.Invoker.invokeMethod(Invoker.java:714)
                        	at org.testng.internal.Invoker.invokeTestMethod(Invoker.java:901)
                        	at org.testng.internal.Invoker.invokeTestMethods(Invoker.java:1231)
                        	at org.testng.internal.TestMethodWorker.invokeTestMethods(TestMethodWorker.java:127)
                        	at org.testng.internal.TestMethodWorker.run(TestMethodWorker.java:111)
                        	at org.testng.TestRunner.privateRun(TestRunner.java:767)
                        	at org.testng.TestRunner.run(TestRunner.java:617)
                        	at org.testng.SuiteRunner.runTest(SuiteRunner.java:334)
                        	at org.testng.SuiteRunner.runSequentially(SuiteRunner.java:329)
                        	at org.testng.SuiteRunner.privateRun(SuiteRunner.java:291)
                        	at org.testng.SuiteRunner.run(SuiteRunner.java:240)
                        	at org.testng.SuiteRunnerWorker.runSuite(SuiteRunnerWorker.java:52)
                        	at org.testng.SuiteRunnerWorker.run(SuiteRunnerWorker.java:86)
                        	at org.testng.TestNG.runSuitesSequentially(TestNG.java:1224)
                        	at org.testng.TestNG.runSuitesLocally(TestNG.java:1149)
                        	at org.testng.TestNG.run(TestNG.java:1057)
                        	at org.testng.TestNG.privateMain(TestNG.java:1364)
                        	at org.testng.TestNG.main(TestNG.java:1333)
                     </pre>
                  </div>
               </td>
            </tr>
            <tr id="com.lifelens.automation.ExecuteTestsFromWorkbook_executeTest_byClass_FAIL8_row"
                class="testMethodStatusFAIL">
               <td width="100%" class="firstMethodCell">
                  <a onclick="toggleDetailsVisibility('com.lifelens.automation.ExecuteTestsFromWorkbook_executeTest_byClass_FAIL8_details')">executeTest(TC7
                     
                     ,
                     
                     CC : AE Adjustment
                     
                     ,
                     
                     High)
                  </a>
               </td>
               <td nowrap="true">16:08:46</td>
               <td nowrap="true" align="right">17s
                  
               </td>
               <td nowrap="true">
                  <a onclick="toggleDetailsVisibility('com.lifelens.automation.ExecuteTestsFromWorkbook_executeTest_byClass_FAIL8_exception')">java.lang.AssertionError: 
                     Message: 'Web elements with button name 'Opt out' not found' error raised while executing the keyword: VERIFY_BUTTON at row
                     number: 13
                     
                  </a>
                   
                  
               </td>
            </tr>
            <tr>
               <td colspan="4" class="detailsBox">
                  <div id="com.lifelens.automation.ExecuteTestsFromWorkbook_executeTest_byClass_FAIL8_details"
                       class="testMethodDetails">
                     <div>
                        <b>Name: </b>executeTest
                     </div>
                     <div>
                        <b>Signature: </b>executeTest(java.lang.String, java.lang.String, java.lang.String)[pri:0, instance:com.lifelens.automation.ExecuteTestsFromWorkbook@3df78040]
                     </div>
                     <div>
                        <b>Parameters: </b>
                        
                        TC7
                        
                        ,
                        
                        CC : AE Adjustment
                        
                        ,
                        
                        High
                        
                        
                     </div>
                     <div>
                        <b>Start time: </b>16:08:46
                     </div>
                     <div>
                        <b>End time: </b>16:09:04
                     </div>
                     <div>
                        <b>Duration: </b>17s
                        
                     </div>
                  </div>
               </td>
            </tr>
            <tr>
               <td colspan="4" class="detailsBox">
                  <div id="com.lifelens.automation.ExecuteTestsFromWorkbook_executeTest_byClass_FAIL8_exception"
                       class="testMethodDetails">
                     <pre style="padding: 5px; margin: 0;">java.lang.AssertionError:  Message: 'Web elements with button name 'Opt out' not found' error raised while executing the keyword:
                        VERIFY_BUTTON at row number: 13
                        	at org.testng.Assert.fail(Assert.java:94)
                        	at com.lifelens.automation.ExecuteTestsFromWorkbook.executeTest(ExecuteTestsFromWorkbook.java:83)
                        	at sun.reflect.NativeMethodAccessorImpl.invoke0(Native Method)
                        	at sun.reflect.NativeMethodAccessorImpl.invoke(NativeMethodAccessorImpl.java:39)
                        	at sun.reflect.DelegatingMethodAccessorImpl.invoke(DelegatingMethodAccessorImpl.java:25)
                        	at java.lang.reflect.Method.invoke(Method.java:597)
                        	at org.testng.internal.MethodInvocationHelper.invokeMethod(MethodInvocationHelper.java:84)
                        	at org.testng.internal.Invoker.invokeMethod(Invoker.java:714)
                        	at org.testng.internal.Invoker.invokeTestMethod(Invoker.java:901)
                        	at org.testng.internal.Invoker.invokeTestMethods(Invoker.java:1231)
                        	at org.testng.internal.TestMethodWorker.invokeTestMethods(TestMethodWorker.java:127)
                        	at org.testng.internal.TestMethodWorker.run(TestMethodWorker.java:111)
                        	at org.testng.TestRunner.privateRun(TestRunner.java:767)
                        	at org.testng.TestRunner.run(TestRunner.java:617)
                        	at org.testng.SuiteRunner.runTest(SuiteRunner.java:334)
                        	at org.testng.SuiteRunner.runSequentially(SuiteRunner.java:329)
                        	at org.testng.SuiteRunner.privateRun(SuiteRunner.java:291)
                        	at org.testng.SuiteRunner.run(SuiteRunner.java:240)
                        	at org.testng.SuiteRunnerWorker.runSuite(SuiteRunnerWorker.java:52)
                        	at org.testng.SuiteRunnerWorker.run(SuiteRunnerWorker.java:86)
                        	at org.testng.TestNG.runSuitesSequentially(TestNG.java:1224)
                        	at org.testng.TestNG.runSuitesLocally(TestNG.java:1149)
                        	at org.testng.TestNG.run(TestNG.java:1057)
                        	at org.testng.TestNG.privateMain(TestNG.java:1364)
                        	at org.testng.TestNG.main(TestNG.java:1333)
                     </pre>
                  </div>
               </td>
            </tr>
            <tr id="com.lifelens.automation.ExecuteTestsFromWorkbook_closeTestSet_byClass_PASS9_row"
                class="testMethodStatusPASS testMethodStatusCONF">
               <td width="100%" class="firstMethodCell">
                  <a onclick="toggleDetailsVisibility('com.lifelens.automation.ExecuteTestsFromWorkbook_closeTestSet_byClass_PASS9_details')">closeTestSet()</a>
               </td>
               <td nowrap="true">16:09:04</td>
               <td nowrap="true" align="right">3s
                  
               </td>
               <td nowrap="true">
                   
                  
               </td>
            </tr>
            <tr>
               <td colspan="4" class="detailsBox">
                  <div id="com.lifelens.automation.ExecuteTestsFromWorkbook_closeTestSet_byClass_PASS9_details"
                       class="testMethodDetails">
                     <div>
                        <b>Name: </b>closeTestSet
                     </div>
                     <div>
                        <b>Signature: </b>closeTestSet()[pri:0, instance:com.lifelens.automation.ExecuteTestsFromWorkbook@3df78040]
                     </div>
                     <div>
                        <b>Start time: </b>16:09:04
                     </div>
                     <div>
                        <b>End time: </b>16:09:07
                     </div>
                     <div>
                        <b>Duration: </b>3s
                        
                     </div>
                  </div>
               </td>
            </tr>
            <tr></tr>
         </table>
         <br></br>
      </div>
      <div style="margin-top: 15px; color: gray; text-align: center; font-size: 9px;">
         Generated with
         
         <a href="http://code.google.com/p/testng-xslt/" style="color: #8888aa;"
            target="_blank">
            TestNG XSLT
            
         </a>
      </div>
   </body>
</html>