<html xmlns:math="http://exslt.org/math" xmlns:testng="http://testng.org">
   <head>
      <title>TestNG Results</title>
      <meta http-equiv="content-type" content="text/html; charset=utf-8"></meta>
      <meta http-equiv="pragma" content="no-cache"></meta>
      <meta http-equiv="cache-control" content="max-age=0"></meta>
      <meta http-equiv="cache-control" content="no-cache"></meta>
      <meta http-equiv="cache-control" content="no-store"></meta>
      <LINK rel="stylesheet" href="style.css"></LINK>
      <script type="text/javascript" src="main.js"></script>
   </head>
   <body>
      <table width="100%" style="font-size: 16px; margin-bottom: 10px;" cellspacing="1">
         <tr>
            <td width="100%">
               Test case
               
               <b>06 TUI_Importer_TestScript_Eligible.xlsx</b>
            </td>
            <td style="background-color: #FFBBBB; padding: 3px 3px 3px 0;" align="center">
               <div style="width: 50px;">13</div>
            </td>
            <td style="background-color: lightgreen; padding: 3px 3px 3px 0;" align="center">
               <div style="width: 50px;">2</div>
            </td>
            <td style="background-color: #FFFFBB; padding: 3px 3px 3px 0;" align="center">
               <div style="width: 50px;">0</div>
            </td>
            <td align="center" style="background-color: #eaf0f7; padding: 3px 3px 3px 0;">
               <div style="width: 50px;">15</div>
            </td>
            <td align="center"
                style="font-weight: bold; background-color: #eaf0f7; padding: 3px 3px 3px 0;">
               <div style="width: 50px;">13%</div>
            </td>
            <td style="background-color: #eaf0f7; padding: 3px 3px 3px 0;" align="center"
                nowrap="true">5m
               50s
               
            </td>
         </tr>
      </table>
      <div style="width: 200px;">
         <label for="groupMethodsCheckBox" style="font-weight: bold; margin: 0;">
            <input id="groupMethodsCheckBox" type="checkbox" onclick="switchTestMethodsView(this)"
                   checked=""></input>
            Group by class
            
         </label>
         <br></br>
         <label for="methodsFilter_ALL" style="font-weight: bold; margin: 0;">
            <input id="methodsFilter_ALL" type="checkbox"
                   onclick="testMethodsFilterChanged(this, 'ALL')"
                   checked=""></input>
            All
            
         </label>
      </div>
      <label for="methodsFilter_FAIL" style="margin-left: 20px;">
         <input id="methodsFilter_FAIL" type="checkbox"
                onclick="testMethodsFilterChanged(this, 'FAIL')"
                checked=""></input>
         Failed
         
      </label>
      <label for="methodsFilter_PASS">
         <input id="methodsFilter_PASS" type="checkbox"
                onclick="testMethodsFilterChanged(this, 'PASS')"
                checked=""></input>
         Passed
         
      </label>
      <label for="methodsFilter_SKIP">
         <input id="methodsFilter_SKIP" type="checkbox"
                onclick="testMethodsFilterChanged(this, 'SKIP')"
                checked=""></input>
         Skipped
         
      </label>
      <label for="methodsFilter_CONF">
         <input id="methodsFilter_CONF" type="checkbox"
                onclick="testMethodsFilterChanged(this, 'CONF')"
                checked=""></input>
         Config
         
      </label>
      <br></br>
      <div id="testMethodsByStatus" style="display: none;">
         <table class="testMethodsTable" cellpadding="0" cellspacing="0">
            <tr class="methodsTableHeader">
               <td width="100%">Name</td>
               <td nowrap="true">Started</td>
               <td nowrap="true">Duration</td>
               <td>Exception</td>
            </tr>
            <tr id="com.lifelens.automation.ExecuteTestsFromWorkbook_executeTest_byStatus_failed_FAIL1_row"
                class="testMethodStatusFAIL">
               <td width="100%" class="firstMethodCell">
                  <a onclick="toggleDetailsVisibility('com.lifelens.automation.ExecuteTestsFromWorkbook_executeTest_byStatus_failed_FAIL1_details')">executeTest(TC1
                     
                     ,
                     
                     GFRP code change 
                     
                     ,
                     
                     High)
                  </a>
               </td>
               <td nowrap="true">16:09:13</td>
               <td nowrap="true" align="right">19s
                  
               </td>
               <td nowrap="true">
                  <a onclick="toggleDetailsVisibility('com.lifelens.automation.ExecuteTestsFromWorkbook_executeTest_byStatus_failed_FAIL1_exception')">java.lang.AssertionError: 
                     Message: ' Web elements with name 'Successfully scheduled file import' not found.' error raised while executing the keyword:
                     VERIFY_TEXT at row number: 11
                     
                  </a>
                   
                  
               </td>
            </tr>
            <tr>
               <td colspan="4" class="detailsBox">
                  <div id="com.lifelens.automation.ExecuteTestsFromWorkbook_executeTest_byStatus_failed_FAIL1_details"
                       class="testMethodDetails">
                     <div>
                        <b>Name: </b>executeTest
                     </div>
                     <div>
                        <b>Signature: </b>executeTest(java.lang.String, java.lang.String, java.lang.String)[pri:0, instance:com.lifelens.automation.ExecuteTestsFromWorkbook@546c585a]
                     </div>
                     <div>
                        <b>Parameters: </b>
                        
                        TC1
                        
                        ,
                        
                        GFRP code change 
                        
                        ,
                        
                        High
                        
                        
                     </div>
                     <div>
                        <b>Start time: </b>16:09:13
                     </div>
                     <div>
                        <b>End time: </b>16:09:33
                     </div>
                     <div>
                        <b>Duration: </b>19s
                        
                     </div>
                  </div>
               </td>
            </tr>
            <tr>
               <td colspan="4" class="detailsBox">
                  <div id="com.lifelens.automation.ExecuteTestsFromWorkbook_executeTest_byStatus_failed_FAIL1_exception"
                       class="testMethodDetails">
                     <pre style="padding: 5px; margin: 0;">java.lang.AssertionError:  Message: ' Web elements with name 'Successfully scheduled file import' not found.' error raised
                        while executing the keyword: VERIFY_TEXT at row number: 11
                        	at org.testng.Assert.fail(Assert.java:94)
                        	at com.lifelens.automation.ExecuteTestsFromWorkbook.executeTest(ExecuteTestsFromWorkbook.java:83)
                        	at sun.reflect.NativeMethodAccessorImpl.invoke0(Native Method)
                        	at sun.reflect.NativeMethodAccessorImpl.invoke(NativeMethodAccessorImpl.java:39)
                        	at sun.reflect.DelegatingMethodAccessorImpl.invoke(DelegatingMethodAccessorImpl.java:25)
                        	at java.lang.reflect.Method.invoke(Method.java:597)
                        	at org.testng.internal.MethodInvocationHelper.invokeMethod(MethodInvocationHelper.java:84)
                        	at org.testng.internal.Invoker.invokeMethod(Invoker.java:714)
                        	at org.testng.internal.Invoker.invokeTestMethod(Invoker.java:901)
                        	at org.testng.internal.Invoker.invokeTestMethods(Invoker.java:1231)
                        	at org.testng.internal.TestMethodWorker.invokeTestMethods(TestMethodWorker.java:127)
                        	at org.testng.internal.TestMethodWorker.run(TestMethodWorker.java:111)
                        	at org.testng.TestRunner.privateRun(TestRunner.java:767)
                        	at org.testng.TestRunner.run(TestRunner.java:617)
                        	at org.testng.SuiteRunner.runTest(SuiteRunner.java:334)
                        	at org.testng.SuiteRunner.runSequentially(SuiteRunner.java:329)
                        	at org.testng.SuiteRunner.privateRun(SuiteRunner.java:291)
                        	at org.testng.SuiteRunner.run(SuiteRunner.java:240)
                        	at org.testng.SuiteRunnerWorker.runSuite(SuiteRunnerWorker.java:52)
                        	at org.testng.SuiteRunnerWorker.run(SuiteRunnerWorker.java:86)
                        	at org.testng.TestNG.runSuitesSequentially(TestNG.java:1224)
                        	at org.testng.TestNG.runSuitesLocally(TestNG.java:1149)
                        	at org.testng.TestNG.run(TestNG.java:1057)
                        	at org.testng.TestNG.privateMain(TestNG.java:1364)
                        	at org.testng.TestNG.main(TestNG.java:1333)
                     </pre>
                  </div>
               </td>
            </tr>
            <tr id="com.lifelens.automation.ExecuteTestsFromWorkbook_executeTest_byStatus_failed_FAIL2_row"
                class="testMethodStatusFAIL">
               <td width="100%" class="firstMethodCell">
                  <a onclick="toggleDetailsVisibility('com.lifelens.automation.ExecuteTestsFromWorkbook_executeTest_byStatus_failed_FAIL2_details')">executeTest(TC2
                     
                     ,
                     
                     Field names validation
                     
                     ,
                     
                     High)
                  </a>
               </td>
               <td nowrap="true">16:09:33</td>
               <td nowrap="true" align="right">18s
                  
               </td>
               <td nowrap="true">
                  <a onclick="toggleDetailsVisibility('com.lifelens.automation.ExecuteTestsFromWorkbook_executeTest_byStatus_failed_FAIL2_exception')">java.lang.AssertionError: 
                     Message: ' Web elements with name 'Successfully scheduled file import' not found.' error raised while executing the keyword:
                     VERIFY_TEXT at row number: 11
                     
                  </a>
                   
                  
               </td>
            </tr>
            <tr>
               <td colspan="4" class="detailsBox">
                  <div id="com.lifelens.automation.ExecuteTestsFromWorkbook_executeTest_byStatus_failed_FAIL2_details"
                       class="testMethodDetails">
                     <div>
                        <b>Name: </b>executeTest
                     </div>
                     <div>
                        <b>Signature: </b>executeTest(java.lang.String, java.lang.String, java.lang.String)[pri:0, instance:com.lifelens.automation.ExecuteTestsFromWorkbook@546c585a]
                     </div>
                     <div>
                        <b>Parameters: </b>
                        
                        TC2
                        
                        ,
                        
                        Field names validation
                        
                        ,
                        
                        High
                        
                        
                     </div>
                     <div>
                        <b>Start time: </b>16:09:33
                     </div>
                     <div>
                        <b>End time: </b>16:09:51
                     </div>
                     <div>
                        <b>Duration: </b>18s
                        
                     </div>
                  </div>
               </td>
            </tr>
            <tr>
               <td colspan="4" class="detailsBox">
                  <div id="com.lifelens.automation.ExecuteTestsFromWorkbook_executeTest_byStatus_failed_FAIL2_exception"
                       class="testMethodDetails">
                     <pre style="padding: 5px; margin: 0;">java.lang.AssertionError:  Message: ' Web elements with name 'Successfully scheduled file import' not found.' error raised
                        while executing the keyword: VERIFY_TEXT at row number: 11
                        	at org.testng.Assert.fail(Assert.java:94)
                        	at com.lifelens.automation.ExecuteTestsFromWorkbook.executeTest(ExecuteTestsFromWorkbook.java:83)
                        	at sun.reflect.NativeMethodAccessorImpl.invoke0(Native Method)
                        	at sun.reflect.NativeMethodAccessorImpl.invoke(NativeMethodAccessorImpl.java:39)
                        	at sun.reflect.DelegatingMethodAccessorImpl.invoke(DelegatingMethodAccessorImpl.java:25)
                        	at java.lang.reflect.Method.invoke(Method.java:597)
                        	at org.testng.internal.MethodInvocationHelper.invokeMethod(MethodInvocationHelper.java:84)
                        	at org.testng.internal.Invoker.invokeMethod(Invoker.java:714)
                        	at org.testng.internal.Invoker.invokeTestMethod(Invoker.java:901)
                        	at org.testng.internal.Invoker.invokeTestMethods(Invoker.java:1231)
                        	at org.testng.internal.TestMethodWorker.invokeTestMethods(TestMethodWorker.java:127)
                        	at org.testng.internal.TestMethodWorker.run(TestMethodWorker.java:111)
                        	at org.testng.TestRunner.privateRun(TestRunner.java:767)
                        	at org.testng.TestRunner.run(TestRunner.java:617)
                        	at org.testng.SuiteRunner.runTest(SuiteRunner.java:334)
                        	at org.testng.SuiteRunner.runSequentially(SuiteRunner.java:329)
                        	at org.testng.SuiteRunner.privateRun(SuiteRunner.java:291)
                        	at org.testng.SuiteRunner.run(SuiteRunner.java:240)
                        	at org.testng.SuiteRunnerWorker.runSuite(SuiteRunnerWorker.java:52)
                        	at org.testng.SuiteRunnerWorker.run(SuiteRunnerWorker.java:86)
                        	at org.testng.TestNG.runSuitesSequentially(TestNG.java:1224)
                        	at org.testng.TestNG.runSuitesLocally(TestNG.java:1149)
                        	at org.testng.TestNG.run(TestNG.java:1057)
                        	at org.testng.TestNG.privateMain(TestNG.java:1364)
                        	at org.testng.TestNG.main(TestNG.java:1333)
                     </pre>
                  </div>
               </td>
            </tr>
            <tr id="com.lifelens.automation.ExecuteTestsFromWorkbook_executeTest_byStatus_failed_FAIL3_row"
                class="testMethodStatusFAIL">
               <td width="100%" class="firstMethodCell">
                  <a onclick="toggleDetailsVisibility('com.lifelens.automation.ExecuteTestsFromWorkbook_executeTest_byStatus_failed_FAIL3_details')">executeTest(TC3
                     
                     ,
                     
                     Mandatory fields - fail case
                     
                     ,
                     
                     High)
                  </a>
               </td>
               <td nowrap="true">16:09:51</td>
               <td nowrap="true" align="right">18s
                  
               </td>
               <td nowrap="true">
                  <a onclick="toggleDetailsVisibility('com.lifelens.automation.ExecuteTestsFromWorkbook_executeTest_byStatus_failed_FAIL3_exception')">java.lang.AssertionError: 
                     Message: ' Web elements with name 'Successfully scheduled file import' not found.' error raised while executing the keyword:
                     VERIFY_TEXT at row number: 11
                     
                  </a>
                   
                  
               </td>
            </tr>
            <tr>
               <td colspan="4" class="detailsBox">
                  <div id="com.lifelens.automation.ExecuteTestsFromWorkbook_executeTest_byStatus_failed_FAIL3_details"
                       class="testMethodDetails">
                     <div>
                        <b>Name: </b>executeTest
                     </div>
                     <div>
                        <b>Signature: </b>executeTest(java.lang.String, java.lang.String, java.lang.String)[pri:0, instance:com.lifelens.automation.ExecuteTestsFromWorkbook@546c585a]
                     </div>
                     <div>
                        <b>Parameters: </b>
                        
                        TC3
                        
                        ,
                        
                        Mandatory fields - fail case
                        
                        ,
                        
                        High
                        
                        
                     </div>
                     <div>
                        <b>Start time: </b>16:09:51
                     </div>
                     <div>
                        <b>End time: </b>16:10:10
                     </div>
                     <div>
                        <b>Duration: </b>18s
                        
                     </div>
                  </div>
               </td>
            </tr>
            <tr>
               <td colspan="4" class="detailsBox">
                  <div id="com.lifelens.automation.ExecuteTestsFromWorkbook_executeTest_byStatus_failed_FAIL3_exception"
                       class="testMethodDetails">
                     <pre style="padding: 5px; margin: 0;">java.lang.AssertionError:  Message: ' Web elements with name 'Successfully scheduled file import' not found.' error raised
                        while executing the keyword: VERIFY_TEXT at row number: 11
                        	at org.testng.Assert.fail(Assert.java:94)
                        	at com.lifelens.automation.ExecuteTestsFromWorkbook.executeTest(ExecuteTestsFromWorkbook.java:83)
                        	at sun.reflect.NativeMethodAccessorImpl.invoke0(Native Method)
                        	at sun.reflect.NativeMethodAccessorImpl.invoke(NativeMethodAccessorImpl.java:39)
                        	at sun.reflect.DelegatingMethodAccessorImpl.invoke(DelegatingMethodAccessorImpl.java:25)
                        	at java.lang.reflect.Method.invoke(Method.java:597)
                        	at org.testng.internal.MethodInvocationHelper.invokeMethod(MethodInvocationHelper.java:84)
                        	at org.testng.internal.Invoker.invokeMethod(Invoker.java:714)
                        	at org.testng.internal.Invoker.invokeTestMethod(Invoker.java:901)
                        	at org.testng.internal.Invoker.invokeTestMethods(Invoker.java:1231)
                        	at org.testng.internal.TestMethodWorker.invokeTestMethods(TestMethodWorker.java:127)
                        	at org.testng.internal.TestMethodWorker.run(TestMethodWorker.java:111)
                        	at org.testng.TestRunner.privateRun(TestRunner.java:767)
                        	at org.testng.TestRunner.run(TestRunner.java:617)
                        	at org.testng.SuiteRunner.runTest(SuiteRunner.java:334)
                        	at org.testng.SuiteRunner.runSequentially(SuiteRunner.java:329)
                        	at org.testng.SuiteRunner.privateRun(SuiteRunner.java:291)
                        	at org.testng.SuiteRunner.run(SuiteRunner.java:240)
                        	at org.testng.SuiteRunnerWorker.runSuite(SuiteRunnerWorker.java:52)
                        	at org.testng.SuiteRunnerWorker.run(SuiteRunnerWorker.java:86)
                        	at org.testng.TestNG.runSuitesSequentially(TestNG.java:1224)
                        	at org.testng.TestNG.runSuitesLocally(TestNG.java:1149)
                        	at org.testng.TestNG.run(TestNG.java:1057)
                        	at org.testng.TestNG.privateMain(TestNG.java:1364)
                        	at org.testng.TestNG.main(TestNG.java:1333)
                     </pre>
                  </div>
               </td>
            </tr>
            <tr id="com.lifelens.automation.ExecuteTestsFromWorkbook_executeTest_byStatus_failed_FAIL4_row"
                class="testMethodStatusFAIL">
               <td width="100%" class="firstMethodCell">
                  <a onclick="toggleDetailsVisibility('com.lifelens.automation.ExecuteTestsFromWorkbook_executeTest_byStatus_failed_FAIL4_details')">executeTest(TC4
                     
                     ,
                     
                     Job Grade
                     
                     ,
                     
                     High)
                  </a>
               </td>
               <td nowrap="true">16:10:10</td>
               <td nowrap="true" align="right">18s
                  
               </td>
               <td nowrap="true">
                  <a onclick="toggleDetailsVisibility('com.lifelens.automation.ExecuteTestsFromWorkbook_executeTest_byStatus_failed_FAIL4_exception')">java.lang.AssertionError: 
                     Message: ' Web elements with name 'Successfully scheduled file import' not found.' error raised while executing the keyword:
                     VERIFY_TEXT at row number: 11
                     
                  </a>
                   
                  
               </td>
            </tr>
            <tr>
               <td colspan="4" class="detailsBox">
                  <div id="com.lifelens.automation.ExecuteTestsFromWorkbook_executeTest_byStatus_failed_FAIL4_details"
                       class="testMethodDetails">
                     <div>
                        <b>Name: </b>executeTest
                     </div>
                     <div>
                        <b>Signature: </b>executeTest(java.lang.String, java.lang.String, java.lang.String)[pri:0, instance:com.lifelens.automation.ExecuteTestsFromWorkbook@546c585a]
                     </div>
                     <div>
                        <b>Parameters: </b>
                        
                        TC4
                        
                        ,
                        
                        Job Grade
                        
                        ,
                        
                        High
                        
                        
                     </div>
                     <div>
                        <b>Start time: </b>16:10:10
                     </div>
                     <div>
                        <b>End time: </b>16:10:28
                     </div>
                     <div>
                        <b>Duration: </b>18s
                        
                     </div>
                  </div>
               </td>
            </tr>
            <tr>
               <td colspan="4" class="detailsBox">
                  <div id="com.lifelens.automation.ExecuteTestsFromWorkbook_executeTest_byStatus_failed_FAIL4_exception"
                       class="testMethodDetails">
                     <pre style="padding: 5px; margin: 0;">java.lang.AssertionError:  Message: ' Web elements with name 'Successfully scheduled file import' not found.' error raised
                        while executing the keyword: VERIFY_TEXT at row number: 11
                        	at org.testng.Assert.fail(Assert.java:94)
                        	at com.lifelens.automation.ExecuteTestsFromWorkbook.executeTest(ExecuteTestsFromWorkbook.java:83)
                        	at sun.reflect.NativeMethodAccessorImpl.invoke0(Native Method)
                        	at sun.reflect.NativeMethodAccessorImpl.invoke(NativeMethodAccessorImpl.java:39)
                        	at sun.reflect.DelegatingMethodAccessorImpl.invoke(DelegatingMethodAccessorImpl.java:25)
                        	at java.lang.reflect.Method.invoke(Method.java:597)
                        	at org.testng.internal.MethodInvocationHelper.invokeMethod(MethodInvocationHelper.java:84)
                        	at org.testng.internal.Invoker.invokeMethod(Invoker.java:714)
                        	at org.testng.internal.Invoker.invokeTestMethod(Invoker.java:901)
                        	at org.testng.internal.Invoker.invokeTestMethods(Invoker.java:1231)
                        	at org.testng.internal.TestMethodWorker.invokeTestMethods(TestMethodWorker.java:127)
                        	at org.testng.internal.TestMethodWorker.run(TestMethodWorker.java:111)
                        	at org.testng.TestRunner.privateRun(TestRunner.java:767)
                        	at org.testng.TestRunner.run(TestRunner.java:617)
                        	at org.testng.SuiteRunner.runTest(SuiteRunner.java:334)
                        	at org.testng.SuiteRunner.runSequentially(SuiteRunner.java:329)
                        	at org.testng.SuiteRunner.privateRun(SuiteRunner.java:291)
                        	at org.testng.SuiteRunner.run(SuiteRunner.java:240)
                        	at org.testng.SuiteRunnerWorker.runSuite(SuiteRunnerWorker.java:52)
                        	at org.testng.SuiteRunnerWorker.run(SuiteRunnerWorker.java:86)
                        	at org.testng.TestNG.runSuitesSequentially(TestNG.java:1224)
                        	at org.testng.TestNG.runSuitesLocally(TestNG.java:1149)
                        	at org.testng.TestNG.run(TestNG.java:1057)
                        	at org.testng.TestNG.privateMain(TestNG.java:1364)
                        	at org.testng.TestNG.main(TestNG.java:1333)
                     </pre>
                  </div>
               </td>
            </tr>
            <tr id="com.lifelens.automation.ExecuteTestsFromWorkbook_executeTest_byStatus_failed_FAIL5_row"
                class="testMethodStatusFAIL">
               <td width="100%" class="firstMethodCell">
                  <a onclick="toggleDetailsVisibility('com.lifelens.automation.ExecuteTestsFromWorkbook_executeTest_byStatus_failed_FAIL5_details')">executeTest(TC7
                     
                     ,
                     
                     Rehire
                     
                     ,
                     
                     High)
                  </a>
               </td>
               <td nowrap="true">16:11:06</td>
               <td nowrap="true" align="right">31s
                  
               </td>
               <td nowrap="true">
                  <a onclick="toggleDetailsVisibility('com.lifelens.automation.ExecuteTestsFromWorkbook_executeTest_byStatus_failed_FAIL5_exception')">java.lang.AssertionError: 
                     Message: ' Web elements with name 'Successfully scheduled file import' not found.' error raised while executing the keyword:
                     VERIFY_TEXT at row number: 11
                     
                  </a>
                   
                  
               </td>
            </tr>
            <tr>
               <td colspan="4" class="detailsBox">
                  <div id="com.lifelens.automation.ExecuteTestsFromWorkbook_executeTest_byStatus_failed_FAIL5_details"
                       class="testMethodDetails">
                     <div>
                        <b>Name: </b>executeTest
                     </div>
                     <div>
                        <b>Signature: </b>executeTest(java.lang.String, java.lang.String, java.lang.String)[pri:0, instance:com.lifelens.automation.ExecuteTestsFromWorkbook@546c585a]
                     </div>
                     <div>
                        <b>Parameters: </b>
                        
                        TC7
                        
                        ,
                        
                        Rehire
                        
                        ,
                        
                        High
                        
                        
                     </div>
                     <div>
                        <b>Start time: </b>16:11:06
                     </div>
                     <div>
                        <b>End time: </b>16:11:37
                     </div>
                     <div>
                        <b>Duration: </b>31s
                        
                     </div>
                  </div>
               </td>
            </tr>
            <tr>
               <td colspan="4" class="detailsBox">
                  <div id="com.lifelens.automation.ExecuteTestsFromWorkbook_executeTest_byStatus_failed_FAIL5_exception"
                       class="testMethodDetails">
                     <pre style="padding: 5px; margin: 0;">java.lang.AssertionError:  Message: ' Web elements with name 'Successfully scheduled file import' not found.' error raised
                        while executing the keyword: VERIFY_TEXT at row number: 11
                        	at org.testng.Assert.fail(Assert.java:94)
                        	at com.lifelens.automation.ExecuteTestsFromWorkbook.executeTest(ExecuteTestsFromWorkbook.java:83)
                        	at sun.reflect.NativeMethodAccessorImpl.invoke0(Native Method)
                        	at sun.reflect.NativeMethodAccessorImpl.invoke(NativeMethodAccessorImpl.java:39)
                        	at sun.reflect.DelegatingMethodAccessorImpl.invoke(DelegatingMethodAccessorImpl.java:25)
                        	at java.lang.reflect.Method.invoke(Method.java:597)
                        	at org.testng.internal.MethodInvocationHelper.invokeMethod(MethodInvocationHelper.java:84)
                        	at org.testng.internal.Invoker.invokeMethod(Invoker.java:714)
                        	at org.testng.internal.Invoker.invokeTestMethod(Invoker.java:901)
                        	at org.testng.internal.Invoker.invokeTestMethods(Invoker.java:1231)
                        	at org.testng.internal.TestMethodWorker.invokeTestMethods(TestMethodWorker.java:127)
                        	at org.testng.internal.TestMethodWorker.run(TestMethodWorker.java:111)
                        	at org.testng.TestRunner.privateRun(TestRunner.java:767)
                        	at org.testng.TestRunner.run(TestRunner.java:617)
                        	at org.testng.SuiteRunner.runTest(SuiteRunner.java:334)
                        	at org.testng.SuiteRunner.runSequentially(SuiteRunner.java:329)
                        	at org.testng.SuiteRunner.privateRun(SuiteRunner.java:291)
                        	at org.testng.SuiteRunner.run(SuiteRunner.java:240)
                        	at org.testng.SuiteRunnerWorker.runSuite(SuiteRunnerWorker.java:52)
                        	at org.testng.SuiteRunnerWorker.run(SuiteRunnerWorker.java:86)
                        	at org.testng.TestNG.runSuitesSequentially(TestNG.java:1224)
                        	at org.testng.TestNG.runSuitesLocally(TestNG.java:1149)
                        	at org.testng.TestNG.run(TestNG.java:1057)
                        	at org.testng.TestNG.privateMain(TestNG.java:1364)
                        	at org.testng.TestNG.main(TestNG.java:1333)
                     </pre>
                  </div>
               </td>
            </tr>
            <tr id="com.lifelens.automation.ExecuteTestsFromWorkbook_executeTest_byStatus_failed_FAIL6_row"
                class="testMethodStatusFAIL">
               <td width="100%" class="firstMethodCell">
                  <a onclick="toggleDetailsVisibility('com.lifelens.automation.ExecuteTestsFromWorkbook_executeTest_byStatus_failed_FAIL6_details')">executeTest(TC8
                     
                     ,
                     
                     Staff number reused for rehire
                     
                     ,
                     
                     High)
                  </a>
               </td>
               <td nowrap="true">16:11:37</td>
               <td nowrap="true" align="right">49s
                  
               </td>
               <td nowrap="true">
                  <a onclick="toggleDetailsVisibility('com.lifelens.automation.ExecuteTestsFromWorkbook_executeTest_byStatus_failed_FAIL6_exception')">java.lang.AssertionError: 
                     Message: ' Web elements with name 'Successfully scheduled file import' not found.' error raised while executing the keyword:
                     VERIFY_TEXT at row number: 11
                     
                  </a>
                   
                  
               </td>
            </tr>
            <tr>
               <td colspan="4" class="detailsBox">
                  <div id="com.lifelens.automation.ExecuteTestsFromWorkbook_executeTest_byStatus_failed_FAIL6_details"
                       class="testMethodDetails">
                     <div>
                        <b>Name: </b>executeTest
                     </div>
                     <div>
                        <b>Signature: </b>executeTest(java.lang.String, java.lang.String, java.lang.String)[pri:0, instance:com.lifelens.automation.ExecuteTestsFromWorkbook@546c585a]
                     </div>
                     <div>
                        <b>Parameters: </b>
                        
                        TC8
                        
                        ,
                        
                        Staff number reused for rehire
                        
                        ,
                        
                        High
                        
                        
                     </div>
                     <div>
                        <b>Start time: </b>16:11:37
                     </div>
                     <div>
                        <b>End time: </b>16:12:26
                     </div>
                     <div>
                        <b>Duration: </b>49s
                        
                     </div>
                  </div>
               </td>
            </tr>
            <tr>
               <td colspan="4" class="detailsBox">
                  <div id="com.lifelens.automation.ExecuteTestsFromWorkbook_executeTest_byStatus_failed_FAIL6_exception"
                       class="testMethodDetails">
                     <pre style="padding: 5px; margin: 0;">java.lang.AssertionError:  Message: ' Web elements with name 'Successfully scheduled file import' not found.' error raised
                        while executing the keyword: VERIFY_TEXT at row number: 11
                        	at org.testng.Assert.fail(Assert.java:94)
                        	at com.lifelens.automation.ExecuteTestsFromWorkbook.executeTest(ExecuteTestsFromWorkbook.java:83)
                        	at sun.reflect.NativeMethodAccessorImpl.invoke0(Native Method)
                        	at sun.reflect.NativeMethodAccessorImpl.invoke(NativeMethodAccessorImpl.java:39)
                        	at sun.reflect.DelegatingMethodAccessorImpl.invoke(DelegatingMethodAccessorImpl.java:25)
                        	at java.lang.reflect.Method.invoke(Method.java:597)
                        	at org.testng.internal.MethodInvocationHelper.invokeMethod(MethodInvocationHelper.java:84)
                        	at org.testng.internal.Invoker.invokeMethod(Invoker.java:714)
                        	at org.testng.internal.Invoker.invokeTestMethod(Invoker.java:901)
                        	at org.testng.internal.Invoker.invokeTestMethods(Invoker.java:1231)
                        	at org.testng.internal.TestMethodWorker.invokeTestMethods(TestMethodWorker.java:127)
                        	at org.testng.internal.TestMethodWorker.run(TestMethodWorker.java:111)
                        	at org.testng.TestRunner.privateRun(TestRunner.java:767)
                        	at org.testng.TestRunner.run(TestRunner.java:617)
                        	at org.testng.SuiteRunner.runTest(SuiteRunner.java:334)
                        	at org.testng.SuiteRunner.runSequentially(SuiteRunner.java:329)
                        	at org.testng.SuiteRunner.privateRun(SuiteRunner.java:291)
                        	at org.testng.SuiteRunner.run(SuiteRunner.java:240)
                        	at org.testng.SuiteRunnerWorker.runSuite(SuiteRunnerWorker.java:52)
                        	at org.testng.SuiteRunnerWorker.run(SuiteRunnerWorker.java:86)
                        	at org.testng.TestNG.runSuitesSequentially(TestNG.java:1224)
                        	at org.testng.TestNG.runSuitesLocally(TestNG.java:1149)
                        	at org.testng.TestNG.run(TestNG.java:1057)
                        	at org.testng.TestNG.privateMain(TestNG.java:1364)
                        	at org.testng.TestNG.main(TestNG.java:1333)
                     </pre>
                  </div>
               </td>
            </tr>
            <tr id="com.lifelens.automation.ExecuteTestsFromWorkbook_executeTest_byStatus_failed_FAIL7_row"
                class="testMethodStatusFAIL">
               <td width="100%" class="firstMethodCell">
                  <a onclick="toggleDetailsVisibility('com.lifelens.automation.ExecuteTestsFromWorkbook_executeTest_byStatus_failed_FAIL7_details')">executeTest(TC9
                     
                     ,
                     
                     Reinstatement and rehires
                     
                     ,
                     
                     High)
                  </a>
               </td>
               <td nowrap="true">16:12:26</td>
               <td nowrap="true" align="right">44s
                  
               </td>
               <td nowrap="true">
                  <a onclick="toggleDetailsVisibility('com.lifelens.automation.ExecuteTestsFromWorkbook_executeTest_byStatus_failed_FAIL7_exception')">java.lang.AssertionError: 
                     Message: ' Web elements with name 'Successfully scheduled file import' not found.' error raised while executing the keyword:
                     VERIFY_TEXT at row number: 11
                     
                  </a>
                   
                  
               </td>
            </tr>
            <tr>
               <td colspan="4" class="detailsBox">
                  <div id="com.lifelens.automation.ExecuteTestsFromWorkbook_executeTest_byStatus_failed_FAIL7_details"
                       class="testMethodDetails">
                     <div>
                        <b>Name: </b>executeTest
                     </div>
                     <div>
                        <b>Signature: </b>executeTest(java.lang.String, java.lang.String, java.lang.String)[pri:0, instance:com.lifelens.automation.ExecuteTestsFromWorkbook@546c585a]
                     </div>
                     <div>
                        <b>Parameters: </b>
                        
                        TC9
                        
                        ,
                        
                        Reinstatement and rehires
                        
                        ,
                        
                        High
                        
                        
                     </div>
                     <div>
                        <b>Start time: </b>16:12:26
                     </div>
                     <div>
                        <b>End time: </b>16:13:11
                     </div>
                     <div>
                        <b>Duration: </b>44s
                        
                     </div>
                  </div>
               </td>
            </tr>
            <tr>
               <td colspan="4" class="detailsBox">
                  <div id="com.lifelens.automation.ExecuteTestsFromWorkbook_executeTest_byStatus_failed_FAIL7_exception"
                       class="testMethodDetails">
                     <pre style="padding: 5px; margin: 0;">java.lang.AssertionError:  Message: ' Web elements with name 'Successfully scheduled file import' not found.' error raised
                        while executing the keyword: VERIFY_TEXT at row number: 11
                        	at org.testng.Assert.fail(Assert.java:94)
                        	at com.lifelens.automation.ExecuteTestsFromWorkbook.executeTest(ExecuteTestsFromWorkbook.java:83)
                        	at sun.reflect.GeneratedMethodAccessor27.invoke(Unknown Source)
                        	at sun.reflect.DelegatingMethodAccessorImpl.invoke(DelegatingMethodAccessorImpl.java:25)
                        	at java.lang.reflect.Method.invoke(Method.java:597)
                        	at org.testng.internal.MethodInvocationHelper.invokeMethod(MethodInvocationHelper.java:84)
                        	at org.testng.internal.Invoker.invokeMethod(Invoker.java:714)
                        	at org.testng.internal.Invoker.invokeTestMethod(Invoker.java:901)
                        	at org.testng.internal.Invoker.invokeTestMethods(Invoker.java:1231)
                        	at org.testng.internal.TestMethodWorker.invokeTestMethods(TestMethodWorker.java:127)
                        	at org.testng.internal.TestMethodWorker.run(TestMethodWorker.java:111)
                        	at org.testng.TestRunner.privateRun(TestRunner.java:767)
                        	at org.testng.TestRunner.run(TestRunner.java:617)
                        	at org.testng.SuiteRunner.runTest(SuiteRunner.java:334)
                        	at org.testng.SuiteRunner.runSequentially(SuiteRunner.java:329)
                        	at org.testng.SuiteRunner.privateRun(SuiteRunner.java:291)
                        	at org.testng.SuiteRunner.run(SuiteRunner.java:240)
                        	at org.testng.SuiteRunnerWorker.runSuite(SuiteRunnerWorker.java:52)
                        	at org.testng.SuiteRunnerWorker.run(SuiteRunnerWorker.java:86)
                        	at org.testng.TestNG.runSuitesSequentially(TestNG.java:1224)
                        	at org.testng.TestNG.runSuitesLocally(TestNG.java:1149)
                        	at org.testng.TestNG.run(TestNG.java:1057)
                        	at org.testng.TestNG.privateMain(TestNG.java:1364)
                        	at org.testng.TestNG.main(TestNG.java:1333)
                     </pre>
                  </div>
               </td>
            </tr>
            <tr id="com.lifelens.automation.ExecuteTestsFromWorkbook_executeTest_byStatus_failed_FAIL8_row"
                class="testMethodStatusFAIL">
               <td width="100%" class="firstMethodCell">
                  <a onclick="toggleDetailsVisibility('com.lifelens.automation.ExecuteTestsFromWorkbook_executeTest_byStatus_failed_FAIL8_details')">executeTest(TC10
                     
                     ,
                     
                     Leaver adjustment
                     
                     ,
                     
                     High)
                  </a>
               </td>
               <td nowrap="true">16:13:11</td>
               <td nowrap="true" align="right">13s
                  
               </td>
               <td nowrap="true">
                  <a onclick="toggleDetailsVisibility('com.lifelens.automation.ExecuteTestsFromWorkbook_executeTest_byStatus_failed_FAIL8_exception')">java.lang.AssertionError: 
                     Message: ' Web elements with name 'Successfully scheduled file import' not found.' error raised while executing the keyword:
                     VERIFY_TEXT at row number: 11
                     
                  </a>
                   
                  
               </td>
            </tr>
            <tr>
               <td colspan="4" class="detailsBox">
                  <div id="com.lifelens.automation.ExecuteTestsFromWorkbook_executeTest_byStatus_failed_FAIL8_details"
                       class="testMethodDetails">
                     <div>
                        <b>Name: </b>executeTest
                     </div>
                     <div>
                        <b>Signature: </b>executeTest(java.lang.String, java.lang.String, java.lang.String)[pri:0, instance:com.lifelens.automation.ExecuteTestsFromWorkbook@546c585a]
                     </div>
                     <div>
                        <b>Parameters: </b>
                        
                        TC10
                        
                        ,
                        
                        Leaver adjustment
                        
                        ,
                        
                        High
                        
                        
                     </div>
                     <div>
                        <b>Start time: </b>16:13:11
                     </div>
                     <div>
                        <b>End time: </b>16:13:24
                     </div>
                     <div>
                        <b>Duration: </b>13s
                        
                     </div>
                  </div>
               </td>
            </tr>
            <tr>
               <td colspan="4" class="detailsBox">
                  <div id="com.lifelens.automation.ExecuteTestsFromWorkbook_executeTest_byStatus_failed_FAIL8_exception"
                       class="testMethodDetails">
                     <pre style="padding: 5px; margin: 0;">java.lang.AssertionError:  Message: ' Web elements with name 'Successfully scheduled file import' not found.' error raised
                        while executing the keyword: VERIFY_TEXT at row number: 11
                        	at org.testng.Assert.fail(Assert.java:94)
                        	at com.lifelens.automation.ExecuteTestsFromWorkbook.executeTest(ExecuteTestsFromWorkbook.java:83)
                        	at sun.reflect.GeneratedMethodAccessor27.invoke(Unknown Source)
                        	at sun.reflect.DelegatingMethodAccessorImpl.invoke(DelegatingMethodAccessorImpl.java:25)
                        	at java.lang.reflect.Method.invoke(Method.java:597)
                        	at org.testng.internal.MethodInvocationHelper.invokeMethod(MethodInvocationHelper.java:84)
                        	at org.testng.internal.Invoker.invokeMethod(Invoker.java:714)
                        	at org.testng.internal.Invoker.invokeTestMethod(Invoker.java:901)
                        	at org.testng.internal.Invoker.invokeTestMethods(Invoker.java:1231)
                        	at org.testng.internal.TestMethodWorker.invokeTestMethods(TestMethodWorker.java:127)
                        	at org.testng.internal.TestMethodWorker.run(TestMethodWorker.java:111)
                        	at org.testng.TestRunner.privateRun(TestRunner.java:767)
                        	at org.testng.TestRunner.run(TestRunner.java:617)
                        	at org.testng.SuiteRunner.runTest(SuiteRunner.java:334)
                        	at org.testng.SuiteRunner.runSequentially(SuiteRunner.java:329)
                        	at org.testng.SuiteRunner.privateRun(SuiteRunner.java:291)
                        	at org.testng.SuiteRunner.run(SuiteRunner.java:240)
                        	at org.testng.SuiteRunnerWorker.runSuite(SuiteRunnerWorker.java:52)
                        	at org.testng.SuiteRunnerWorker.run(SuiteRunnerWorker.java:86)
                        	at org.testng.TestNG.runSuitesSequentially(TestNG.java:1224)
                        	at org.testng.TestNG.runSuitesLocally(TestNG.java:1149)
                        	at org.testng.TestNG.run(TestNG.java:1057)
                        	at org.testng.TestNG.privateMain(TestNG.java:1364)
                        	at org.testng.TestNG.main(TestNG.java:1333)
                     </pre>
                  </div>
               </td>
            </tr>
            <tr id="com.lifelens.automation.ExecuteTestsFromWorkbook_executeTest_byStatus_failed_FAIL9_row"
                class="testMethodStatusFAIL">
               <td width="100%" class="firstMethodCell">
                  <a onclick="toggleDetailsVisibility('com.lifelens.automation.ExecuteTestsFromWorkbook_executeTest_byStatus_failed_FAIL9_details')">executeTest(TC11
                     
                     ,
                     
                     salary change
                     
                     ,
                     
                     High)
                  </a>
               </td>
               <td nowrap="true">16:13:24</td>
               <td nowrap="true" align="right">15s
                  
               </td>
               <td nowrap="true">
                  <a onclick="toggleDetailsVisibility('com.lifelens.automation.ExecuteTestsFromWorkbook_executeTest_byStatus_failed_FAIL9_exception')">java.lang.AssertionError: 
                     Message: ' Web elements with name 'Successfully scheduled file import' not found.' error raised while executing the keyword:
                     VERIFY_TEXT at row number: 11
                     
                  </a>
                   
                  
               </td>
            </tr>
            <tr>
               <td colspan="4" class="detailsBox">
                  <div id="com.lifelens.automation.ExecuteTestsFromWorkbook_executeTest_byStatus_failed_FAIL9_details"
                       class="testMethodDetails">
                     <div>
                        <b>Name: </b>executeTest
                     </div>
                     <div>
                        <b>Signature: </b>executeTest(java.lang.String, java.lang.String, java.lang.String)[pri:0, instance:com.lifelens.automation.ExecuteTestsFromWorkbook@546c585a]
                     </div>
                     <div>
                        <b>Parameters: </b>
                        
                        TC11
                        
                        ,
                        
                        salary change
                        
                        ,
                        
                        High
                        
                        
                     </div>
                     <div>
                        <b>Start time: </b>16:13:24
                     </div>
                     <div>
                        <b>End time: </b>16:13:39
                     </div>
                     <div>
                        <b>Duration: </b>15s
                        
                     </div>
                  </div>
               </td>
            </tr>
            <tr>
               <td colspan="4" class="detailsBox">
                  <div id="com.lifelens.automation.ExecuteTestsFromWorkbook_executeTest_byStatus_failed_FAIL9_exception"
                       class="testMethodDetails">
                     <pre style="padding: 5px; margin: 0;">java.lang.AssertionError:  Message: ' Web elements with name 'Successfully scheduled file import' not found.' error raised
                        while executing the keyword: VERIFY_TEXT at row number: 11
                        	at org.testng.Assert.fail(Assert.java:94)
                        	at com.lifelens.automation.ExecuteTestsFromWorkbook.executeTest(ExecuteTestsFromWorkbook.java:83)
                        	at sun.reflect.GeneratedMethodAccessor27.invoke(Unknown Source)
                        	at sun.reflect.DelegatingMethodAccessorImpl.invoke(DelegatingMethodAccessorImpl.java:25)
                        	at java.lang.reflect.Method.invoke(Method.java:597)
                        	at org.testng.internal.MethodInvocationHelper.invokeMethod(MethodInvocationHelper.java:84)
                        	at org.testng.internal.Invoker.invokeMethod(Invoker.java:714)
                        	at org.testng.internal.Invoker.invokeTestMethod(Invoker.java:901)
                        	at org.testng.internal.Invoker.invokeTestMethods(Invoker.java:1231)
                        	at org.testng.internal.TestMethodWorker.invokeTestMethods(TestMethodWorker.java:127)
                        	at org.testng.internal.TestMethodWorker.run(TestMethodWorker.java:111)
                        	at org.testng.TestRunner.privateRun(TestRunner.java:767)
                        	at org.testng.TestRunner.run(TestRunner.java:617)
                        	at org.testng.SuiteRunner.runTest(SuiteRunner.java:334)
                        	at org.testng.SuiteRunner.runSequentially(SuiteRunner.java:329)
                        	at org.testng.SuiteRunner.privateRun(SuiteRunner.java:291)
                        	at org.testng.SuiteRunner.run(SuiteRunner.java:240)
                        	at org.testng.SuiteRunnerWorker.runSuite(SuiteRunnerWorker.java:52)
                        	at org.testng.SuiteRunnerWorker.run(SuiteRunnerWorker.java:86)
                        	at org.testng.TestNG.runSuitesSequentially(TestNG.java:1224)
                        	at org.testng.TestNG.runSuitesLocally(TestNG.java:1149)
                        	at org.testng.TestNG.run(TestNG.java:1057)
                        	at org.testng.TestNG.privateMain(TestNG.java:1364)
                        	at org.testng.TestNG.main(TestNG.java:1333)
                     </pre>
                  </div>
               </td>
            </tr>
            <tr id="com.lifelens.automation.ExecuteTestsFromWorkbook_executeTest_byStatus_failed_FAIL10_row"
                class="testMethodStatusFAIL">
               <td width="100%" class="firstMethodCell">
                  <a onclick="toggleDetailsVisibility('com.lifelens.automation.ExecuteTestsFromWorkbook_executeTest_byStatus_failed_FAIL10_details')">executeTest(TC12
                     
                     ,
                     
                     GFRP2 and blank
                     
                     ,
                     
                     High)
                  </a>
               </td>
               <td nowrap="true">16:13:39</td>
               <td nowrap="true" align="right">17s
                  
               </td>
               <td nowrap="true">
                  <a onclick="toggleDetailsVisibility('com.lifelens.automation.ExecuteTestsFromWorkbook_executeTest_byStatus_failed_FAIL10_exception')">java.lang.AssertionError: 
                     Message: ' Web elements with name 'Successfully scheduled file import' not found.' error raised while executing the keyword:
                     VERIFY_TEXT at row number: 15
                     
                  </a>
                   
                  
               </td>
            </tr>
            <tr>
               <td colspan="4" class="detailsBox">
                  <div id="com.lifelens.automation.ExecuteTestsFromWorkbook_executeTest_byStatus_failed_FAIL10_details"
                       class="testMethodDetails">
                     <div>
                        <b>Name: </b>executeTest
                     </div>
                     <div>
                        <b>Signature: </b>executeTest(java.lang.String, java.lang.String, java.lang.String)[pri:0, instance:com.lifelens.automation.ExecuteTestsFromWorkbook@546c585a]
                     </div>
                     <div>
                        <b>Parameters: </b>
                        
                        TC12
                        
                        ,
                        
                        GFRP2 and blank
                        
                        ,
                        
                        High
                        
                        
                     </div>
                     <div>
                        <b>Start time: </b>16:13:39
                     </div>
                     <div>
                        <b>End time: </b>16:13:56
                     </div>
                     <div>
                        <b>Duration: </b>17s
                        
                     </div>
                  </div>
               </td>
            </tr>
            <tr>
               <td colspan="4" class="detailsBox">
                  <div id="com.lifelens.automation.ExecuteTestsFromWorkbook_executeTest_byStatus_failed_FAIL10_exception"
                       class="testMethodDetails">
                     <pre style="padding: 5px; margin: 0;">java.lang.AssertionError:  Message: ' Web elements with name 'Successfully scheduled file import' not found.' error raised
                        while executing the keyword: VERIFY_TEXT at row number: 15
                        	at org.testng.Assert.fail(Assert.java:94)
                        	at com.lifelens.automation.ExecuteTestsFromWorkbook.executeTest(ExecuteTestsFromWorkbook.java:83)
                        	at sun.reflect.GeneratedMethodAccessor27.invoke(Unknown Source)
                        	at sun.reflect.DelegatingMethodAccessorImpl.invoke(DelegatingMethodAccessorImpl.java:25)
                        	at java.lang.reflect.Method.invoke(Method.java:597)
                        	at org.testng.internal.MethodInvocationHelper.invokeMethod(MethodInvocationHelper.java:84)
                        	at org.testng.internal.Invoker.invokeMethod(Invoker.java:714)
                        	at org.testng.internal.Invoker.invokeTestMethod(Invoker.java:901)
                        	at org.testng.internal.Invoker.invokeTestMethods(Invoker.java:1231)
                        	at org.testng.internal.TestMethodWorker.invokeTestMethods(TestMethodWorker.java:127)
                        	at org.testng.internal.TestMethodWorker.run(TestMethodWorker.java:111)
                        	at org.testng.TestRunner.privateRun(TestRunner.java:767)
                        	at org.testng.TestRunner.run(TestRunner.java:617)
                        	at org.testng.SuiteRunner.runTest(SuiteRunner.java:334)
                        	at org.testng.SuiteRunner.runSequentially(SuiteRunner.java:329)
                        	at org.testng.SuiteRunner.privateRun(SuiteRunner.java:291)
                        	at org.testng.SuiteRunner.run(SuiteRunner.java:240)
                        	at org.testng.SuiteRunnerWorker.runSuite(SuiteRunnerWorker.java:52)
                        	at org.testng.SuiteRunnerWorker.run(SuiteRunnerWorker.java:86)
                        	at org.testng.TestNG.runSuitesSequentially(TestNG.java:1224)
                        	at org.testng.TestNG.runSuitesLocally(TestNG.java:1149)
                        	at org.testng.TestNG.run(TestNG.java:1057)
                        	at org.testng.TestNG.privateMain(TestNG.java:1364)
                        	at org.testng.TestNG.main(TestNG.java:1333)
                     </pre>
                  </div>
               </td>
            </tr>
            <tr id="com.lifelens.automation.ExecuteTestsFromWorkbook_executeTest_byStatus_failed_FAIL11_row"
                class="testMethodStatusFAIL">
               <td width="100%" class="firstMethodCell">
                  <a onclick="toggleDetailsVisibility('com.lifelens.automation.ExecuteTestsFromWorkbook_executeTest_byStatus_failed_FAIL11_details')">executeTest(TC13
                     
                     ,
                     
                     GFREP1 change in code
                     
                     ,
                     
                     High)
                  </a>
               </td>
               <td nowrap="true">16:13:56</td>
               <td nowrap="true" align="right">13s
                  
               </td>
               <td nowrap="true">
                  <a onclick="toggleDetailsVisibility('com.lifelens.automation.ExecuteTestsFromWorkbook_executeTest_byStatus_failed_FAIL11_exception')">java.lang.AssertionError: 
                     Message: ' Web elements with name 'Successfully scheduled file import' not found.' error raised while executing the keyword:
                     VERIFY_TEXT at row number: 11
                     
                  </a>
                   
                  
               </td>
            </tr>
            <tr>
               <td colspan="4" class="detailsBox">
                  <div id="com.lifelens.automation.ExecuteTestsFromWorkbook_executeTest_byStatus_failed_FAIL11_details"
                       class="testMethodDetails">
                     <div>
                        <b>Name: </b>executeTest
                     </div>
                     <div>
                        <b>Signature: </b>executeTest(java.lang.String, java.lang.String, java.lang.String)[pri:0, instance:com.lifelens.automation.ExecuteTestsFromWorkbook@546c585a]
                     </div>
                     <div>
                        <b>Parameters: </b>
                        
                        TC13
                        
                        ,
                        
                        GFREP1 change in code
                        
                        ,
                        
                        High
                        
                        
                     </div>
                     <div>
                        <b>Start time: </b>16:13:56
                     </div>
                     <div>
                        <b>End time: </b>16:14:10
                     </div>
                     <div>
                        <b>Duration: </b>13s
                        
                     </div>
                  </div>
               </td>
            </tr>
            <tr>
               <td colspan="4" class="detailsBox">
                  <div id="com.lifelens.automation.ExecuteTestsFromWorkbook_executeTest_byStatus_failed_FAIL11_exception"
                       class="testMethodDetails">
                     <pre style="padding: 5px; margin: 0;">java.lang.AssertionError:  Message: ' Web elements with name 'Successfully scheduled file import' not found.' error raised
                        while executing the keyword: VERIFY_TEXT at row number: 11
                        	at org.testng.Assert.fail(Assert.java:94)
                        	at com.lifelens.automation.ExecuteTestsFromWorkbook.executeTest(ExecuteTestsFromWorkbook.java:83)
                        	at sun.reflect.GeneratedMethodAccessor27.invoke(Unknown Source)
                        	at sun.reflect.DelegatingMethodAccessorImpl.invoke(DelegatingMethodAccessorImpl.java:25)
                        	at java.lang.reflect.Method.invoke(Method.java:597)
                        	at org.testng.internal.MethodInvocationHelper.invokeMethod(MethodInvocationHelper.java:84)
                        	at org.testng.internal.Invoker.invokeMethod(Invoker.java:714)
                        	at org.testng.internal.Invoker.invokeTestMethod(Invoker.java:901)
                        	at org.testng.internal.Invoker.invokeTestMethods(Invoker.java:1231)
                        	at org.testng.internal.TestMethodWorker.invokeTestMethods(TestMethodWorker.java:127)
                        	at org.testng.internal.TestMethodWorker.run(TestMethodWorker.java:111)
                        	at org.testng.TestRunner.privateRun(TestRunner.java:767)
                        	at org.testng.TestRunner.run(TestRunner.java:617)
                        	at org.testng.SuiteRunner.runTest(SuiteRunner.java:334)
                        	at org.testng.SuiteRunner.runSequentially(SuiteRunner.java:329)
                        	at org.testng.SuiteRunner.privateRun(SuiteRunner.java:291)
                        	at org.testng.SuiteRunner.run(SuiteRunner.java:240)
                        	at org.testng.SuiteRunnerWorker.runSuite(SuiteRunnerWorker.java:52)
                        	at org.testng.SuiteRunnerWorker.run(SuiteRunnerWorker.java:86)
                        	at org.testng.TestNG.runSuitesSequentially(TestNG.java:1224)
                        	at org.testng.TestNG.runSuitesLocally(TestNG.java:1149)
                        	at org.testng.TestNG.run(TestNG.java:1057)
                        	at org.testng.TestNG.privateMain(TestNG.java:1364)
                        	at org.testng.TestNG.main(TestNG.java:1333)
                     </pre>
                  </div>
               </td>
            </tr>
            <tr id="com.lifelens.automation.ExecuteTestsFromWorkbook_executeTest_byStatus_failed_FAIL12_row"
                class="testMethodStatusFAIL">
               <td width="100%" class="firstMethodCell">
                  <a onclick="toggleDetailsVisibility('com.lifelens.automation.ExecuteTestsFromWorkbook_executeTest_byStatus_failed_FAIL12_details')">executeTest(TC14
                     
                     ,
                     
                     GFREP2 Job Grade Change
                     
                     ,
                     
                     High)
                  </a>
               </td>
               <td nowrap="true">16:14:10</td>
               <td nowrap="true" align="right">13s
                  
               </td>
               <td nowrap="true">
                  <a onclick="toggleDetailsVisibility('com.lifelens.automation.ExecuteTestsFromWorkbook_executeTest_byStatus_failed_FAIL12_exception')">java.lang.AssertionError: 
                     Message: ' Web elements with name 'Successfully scheduled file import' not found.' error raised while executing the keyword:
                     VERIFY_TEXT at row number: 11
                     
                  </a>
                   
                  
               </td>
            </tr>
            <tr>
               <td colspan="4" class="detailsBox">
                  <div id="com.lifelens.automation.ExecuteTestsFromWorkbook_executeTest_byStatus_failed_FAIL12_details"
                       class="testMethodDetails">
                     <div>
                        <b>Name: </b>executeTest
                     </div>
                     <div>
                        <b>Signature: </b>executeTest(java.lang.String, java.lang.String, java.lang.String)[pri:0, instance:com.lifelens.automation.ExecuteTestsFromWorkbook@546c585a]
                     </div>
                     <div>
                        <b>Parameters: </b>
                        
                        TC14
                        
                        ,
                        
                        GFREP2 Job Grade Change
                        
                        ,
                        
                        High
                        
                        
                     </div>
                     <div>
                        <b>Start time: </b>16:14:10
                     </div>
                     <div>
                        <b>End time: </b>16:14:23
                     </div>
                     <div>
                        <b>Duration: </b>13s
                        
                     </div>
                  </div>
               </td>
            </tr>
            <tr>
               <td colspan="4" class="detailsBox">
                  <div id="com.lifelens.automation.ExecuteTestsFromWorkbook_executeTest_byStatus_failed_FAIL12_exception"
                       class="testMethodDetails">
                     <pre style="padding: 5px; margin: 0;">java.lang.AssertionError:  Message: ' Web elements with name 'Successfully scheduled file import' not found.' error raised
                        while executing the keyword: VERIFY_TEXT at row number: 11
                        	at org.testng.Assert.fail(Assert.java:94)
                        	at com.lifelens.automation.ExecuteTestsFromWorkbook.executeTest(ExecuteTestsFromWorkbook.java:83)
                        	at sun.reflect.GeneratedMethodAccessor27.invoke(Unknown Source)
                        	at sun.reflect.DelegatingMethodAccessorImpl.invoke(DelegatingMethodAccessorImpl.java:25)
                        	at java.lang.reflect.Method.invoke(Method.java:597)
                        	at org.testng.internal.MethodInvocationHelper.invokeMethod(MethodInvocationHelper.java:84)
                        	at org.testng.internal.Invoker.invokeMethod(Invoker.java:714)
                        	at org.testng.internal.Invoker.invokeTestMethod(Invoker.java:901)
                        	at org.testng.internal.Invoker.invokeTestMethods(Invoker.java:1231)
                        	at org.testng.internal.TestMethodWorker.invokeTestMethods(TestMethodWorker.java:127)
                        	at org.testng.internal.TestMethodWorker.run(TestMethodWorker.java:111)
                        	at org.testng.TestRunner.privateRun(TestRunner.java:767)
                        	at org.testng.TestRunner.run(TestRunner.java:617)
                        	at org.testng.SuiteRunner.runTest(SuiteRunner.java:334)
                        	at org.testng.SuiteRunner.runSequentially(SuiteRunner.java:329)
                        	at org.testng.SuiteRunner.privateRun(SuiteRunner.java:291)
                        	at org.testng.SuiteRunner.run(SuiteRunner.java:240)
                        	at org.testng.SuiteRunnerWorker.runSuite(SuiteRunnerWorker.java:52)
                        	at org.testng.SuiteRunnerWorker.run(SuiteRunnerWorker.java:86)
                        	at org.testng.TestNG.runSuitesSequentially(TestNG.java:1224)
                        	at org.testng.TestNG.runSuitesLocally(TestNG.java:1149)
                        	at org.testng.TestNG.run(TestNG.java:1057)
                        	at org.testng.TestNG.privateMain(TestNG.java:1364)
                        	at org.testng.TestNG.main(TestNG.java:1333)
                     </pre>
                  </div>
               </td>
            </tr>
            <tr id="com.lifelens.automation.ExecuteTestsFromWorkbook_executeTest_byStatus_failed_FAIL13_row"
                class="testMethodStatusFAIL">
               <td width="100%" class="firstMethodCell">
                  <a onclick="toggleDetailsVisibility('com.lifelens.automation.ExecuteTestsFromWorkbook_executeTest_byStatus_failed_FAIL13_details')">executeTest(TC15
                     
                     ,
                     
                     Postal code missed
                     
                     ,
                     
                     High)
                  </a>
               </td>
               <td nowrap="true">16:14:23</td>
               <td nowrap="true" align="right">13s
                  
               </td>
               <td nowrap="true">
                  <a onclick="toggleDetailsVisibility('com.lifelens.automation.ExecuteTestsFromWorkbook_executeTest_byStatus_failed_FAIL13_exception')">java.lang.AssertionError: 
                     Message: ' Web elements with name 'Successfully scheduled file import' not found.' error raised while executing the keyword:
                     VERIFY_TEXT at row number: 11
                     
                  </a>
                   
                  
               </td>
            </tr>
            <tr>
               <td colspan="4" class="detailsBox">
                  <div id="com.lifelens.automation.ExecuteTestsFromWorkbook_executeTest_byStatus_failed_FAIL13_details"
                       class="testMethodDetails">
                     <div>
                        <b>Name: </b>executeTest
                     </div>
                     <div>
                        <b>Signature: </b>executeTest(java.lang.String, java.lang.String, java.lang.String)[pri:0, instance:com.lifelens.automation.ExecuteTestsFromWorkbook@546c585a]
                     </div>
                     <div>
                        <b>Parameters: </b>
                        
                        TC15
                        
                        ,
                        
                        Postal code missed
                        
                        ,
                        
                        High
                        
                        
                     </div>
                     <div>
                        <b>Start time: </b>16:14:23
                     </div>
                     <div>
                        <b>End time: </b>16:14:36
                     </div>
                     <div>
                        <b>Duration: </b>13s
                        
                     </div>
                  </div>
               </td>
            </tr>
            <tr>
               <td colspan="4" class="detailsBox">
                  <div id="com.lifelens.automation.ExecuteTestsFromWorkbook_executeTest_byStatus_failed_FAIL13_exception"
                       class="testMethodDetails">
                     <pre style="padding: 5px; margin: 0;">java.lang.AssertionError:  Message: ' Web elements with name 'Successfully scheduled file import' not found.' error raised
                        while executing the keyword: VERIFY_TEXT at row number: 11
                        	at org.testng.Assert.fail(Assert.java:94)
                        	at com.lifelens.automation.ExecuteTestsFromWorkbook.executeTest(ExecuteTestsFromWorkbook.java:83)
                        	at sun.reflect.GeneratedMethodAccessor27.invoke(Unknown Source)
                        	at sun.reflect.DelegatingMethodAccessorImpl.invoke(DelegatingMethodAccessorImpl.java:25)
                        	at java.lang.reflect.Method.invoke(Method.java:597)
                        	at org.testng.internal.MethodInvocationHelper.invokeMethod(MethodInvocationHelper.java:84)
                        	at org.testng.internal.Invoker.invokeMethod(Invoker.java:714)
                        	at org.testng.internal.Invoker.invokeTestMethod(Invoker.java:901)
                        	at org.testng.internal.Invoker.invokeTestMethods(Invoker.java:1231)
                        	at org.testng.internal.TestMethodWorker.invokeTestMethods(TestMethodWorker.java:127)
                        	at org.testng.internal.TestMethodWorker.run(TestMethodWorker.java:111)
                        	at org.testng.TestRunner.privateRun(TestRunner.java:767)
                        	at org.testng.TestRunner.run(TestRunner.java:617)
                        	at org.testng.SuiteRunner.runTest(SuiteRunner.java:334)
                        	at org.testng.SuiteRunner.runSequentially(SuiteRunner.java:329)
                        	at org.testng.SuiteRunner.privateRun(SuiteRunner.java:291)
                        	at org.testng.SuiteRunner.run(SuiteRunner.java:240)
                        	at org.testng.SuiteRunnerWorker.runSuite(SuiteRunnerWorker.java:52)
                        	at org.testng.SuiteRunnerWorker.run(SuiteRunnerWorker.java:86)
                        	at org.testng.TestNG.runSuitesSequentially(TestNG.java:1224)
                        	at org.testng.TestNG.runSuitesLocally(TestNG.java:1149)
                        	at org.testng.TestNG.run(TestNG.java:1057)
                        	at org.testng.TestNG.privateMain(TestNG.java:1364)
                        	at org.testng.TestNG.main(TestNG.java:1333)
                     </pre>
                  </div>
               </td>
            </tr>
            <tr id="com.lifelens.automation.ExecuteTestsFromWorkbook_loadGlobals_byStatus_passed_PASS1_row"
                class="testMethodStatusPASS testMethodStatusCONF">
               <td width="100%" class="firstMethodCell">
                  <a onclick="toggleDetailsVisibility('com.lifelens.automation.ExecuteTestsFromWorkbook_loadGlobals_byStatus_passed_PASS1_details')">loadGlobals()</a>
               </td>
               <td nowrap="true">16:03:34</td>
               <td nowrap="true" align="right">13 ms
                  
               </td>
               <td nowrap="true">
                   
                  
               </td>
            </tr>
            <tr>
               <td colspan="4" class="detailsBox">
                  <div id="com.lifelens.automation.ExecuteTestsFromWorkbook_loadGlobals_byStatus_passed_PASS1_details"
                       class="testMethodDetails">
                     <div>
                        <b>Name: </b>loadGlobals
                     </div>
                     <div>
                        <b>Signature: </b>loadGlobals()[pri:0, instance:com.lifelens.automation.ExecuteTestsFromWorkbook@546c585a]
                     </div>
                     <div>
                        <b>Start time: </b>16:03:34
                     </div>
                     <div>
                        <b>End time: </b>16:03:34
                     </div>
                     <div>
                        <b>Duration: </b>13 ms
                        
                     </div>
                  </div>
               </td>
            </tr>
            <tr></tr>
            <tr id="com.lifelens.automation.ExecuteTestsFromWorkbook_openTestSet_byStatus_passed_PASS2_row"
                class="testMethodStatusPASS testMethodStatusCONF">
               <td width="100%" class="firstMethodCell">
                  <a onclick="toggleDetailsVisibility('com.lifelens.automation.ExecuteTestsFromWorkbook_openTestSet_byStatus_passed_PASS2_details')">openTestSet(06 TUI_Importer_TestScript_Eligible.xlsx
                     
                     ,
                     
                     All
                     
                     ,
                     
                     F:/Lifelens_Automation_TestRuns/TestLab/TUI_20141125_160326)
                  </a>
               </td>
               <td nowrap="true">16:09:07</td>
               <td nowrap="true" align="right">6s
                  
               </td>
               <td nowrap="true">
                   
                  
               </td>
            </tr>
            <tr>
               <td colspan="4" class="detailsBox">
                  <div id="com.lifelens.automation.ExecuteTestsFromWorkbook_openTestSet_byStatus_passed_PASS2_details"
                       class="testMethodDetails">
                     <div>
                        <b>Name: </b>openTestSet
                     </div>
                     <div>
                        <b>Signature: </b>openTestSet(java.lang.String, java.lang.String, java.lang.String)[pri:0, instance:com.lifelens.automation.ExecuteTestsFromWorkbook@546c585a]
                     </div>
                     <div>
                        <b>Parameters: </b>
                        
                        06 TUI_Importer_TestScript_Eligible.xlsx
                        
                        ,
                        
                        All
                        
                        ,
                        
                        F:/Lifelens_Automation_TestRuns/TestLab/TUI_20141125_160326
                        
                        
                     </div>
                     <div>
                        <b>Start time: </b>16:09:07
                     </div>
                     <div>
                        <b>End time: </b>16:09:13
                     </div>
                     <div>
                        <b>Duration: </b>6s
                        
                     </div>
                  </div>
               </td>
            </tr>
            <tr></tr>
            <tr id="com.lifelens.automation.ExecuteTestsFromWorkbook_executeTest_byStatus_passed_PASS3_row"
                class="testMethodStatusPASS">
               <td width="100%" class="firstMethodCell">
                  <a onclick="toggleDetailsVisibility('com.lifelens.automation.ExecuteTestsFromWorkbook_executeTest_byStatus_passed_PASS3_details')">executeTest(TC5
                     
                     ,
                     
                     Invalid NI number
                     
                     ,
                     
                     High)
                  </a>
               </td>
               <td nowrap="true">16:10:28</td>
               <td nowrap="true" align="right">7s
                  
               </td>
               <td nowrap="true">
                   
                  
               </td>
            </tr>
            <tr>
               <td colspan="4" class="detailsBox">
                  <div id="com.lifelens.automation.ExecuteTestsFromWorkbook_executeTest_byStatus_passed_PASS3_details"
                       class="testMethodDetails">
                     <div>
                        <b>Name: </b>executeTest
                     </div>
                     <div>
                        <b>Signature: </b>executeTest(java.lang.String, java.lang.String, java.lang.String)[pri:0, instance:com.lifelens.automation.ExecuteTestsFromWorkbook@546c585a]
                     </div>
                     <div>
                        <b>Parameters: </b>
                        
                        TC5
                        
                        ,
                        
                        Invalid NI number
                        
                        ,
                        
                        High
                        
                        
                     </div>
                     <div>
                        <b>Start time: </b>16:10:28
                     </div>
                     <div>
                        <b>End time: </b>16:10:35
                     </div>
                     <div>
                        <b>Duration: </b>7s
                        
                     </div>
                  </div>
               </td>
            </tr>
            <tr></tr>
            <tr id="com.lifelens.automation.ExecuteTestsFromWorkbook_executeTest_byStatus_passed_PASS4_row"
                class="testMethodStatusPASS">
               <td width="100%" class="firstMethodCell">
                  <a onclick="toggleDetailsVisibility('com.lifelens.automation.ExecuteTestsFromWorkbook_executeTest_byStatus_passed_PASS4_details')">executeTest(TC6
                     
                     ,
                     
                     Check Pension Field
                     
                     ,
                     
                     High)
                  </a>
               </td>
               <td nowrap="true">16:10:35</td>
               <td nowrap="true" align="right">30s
                  
               </td>
               <td nowrap="true">
                   
                  
               </td>
            </tr>
            <tr>
               <td colspan="4" class="detailsBox">
                  <div id="com.lifelens.automation.ExecuteTestsFromWorkbook_executeTest_byStatus_passed_PASS4_details"
                       class="testMethodDetails">
                     <div>
                        <b>Name: </b>executeTest
                     </div>
                     <div>
                        <b>Signature: </b>executeTest(java.lang.String, java.lang.String, java.lang.String)[pri:0, instance:com.lifelens.automation.ExecuteTestsFromWorkbook@546c585a]
                     </div>
                     <div>
                        <b>Parameters: </b>
                        
                        TC6
                        
                        ,
                        
                        Check Pension Field
                        
                        ,
                        
                        High
                        
                        
                     </div>
                     <div>
                        <b>Start time: </b>16:10:35
                     </div>
                     <div>
                        <b>End time: </b>16:11:06
                     </div>
                     <div>
                        <b>Duration: </b>30s
                        
                     </div>
                  </div>
               </td>
            </tr>
            <tr></tr>
            <tr id="com.lifelens.automation.ExecuteTestsFromWorkbook_closeTestSet_byStatus_passed_PASS5_row"
                class="testMethodStatusPASS testMethodStatusCONF">
               <td width="100%" class="firstMethodCell">
                  <a onclick="toggleDetailsVisibility('com.lifelens.automation.ExecuteTestsFromWorkbook_closeTestSet_byStatus_passed_PASS5_details')">closeTestSet()</a>
               </td>
               <td nowrap="true">16:14:36</td>
               <td nowrap="true" align="right">21s
                  
               </td>
               <td nowrap="true">
                   
                  
               </td>
            </tr>
            <tr>
               <td colspan="4" class="detailsBox">
                  <div id="com.lifelens.automation.ExecuteTestsFromWorkbook_closeTestSet_byStatus_passed_PASS5_details"
                       class="testMethodDetails">
                     <div>
                        <b>Name: </b>closeTestSet
                     </div>
                     <div>
                        <b>Signature: </b>closeTestSet()[pri:0, instance:com.lifelens.automation.ExecuteTestsFromWorkbook@546c585a]
                     </div>
                     <div>
                        <b>Start time: </b>16:14:36
                     </div>
                     <div>
                        <b>End time: </b>16:14:58
                     </div>
                     <div>
                        <b>Duration: </b>21s
                        
                     </div>
                  </div>
               </td>
            </tr>
            <tr></tr>
         </table>
      </div>
      <div id="testMethodsByClass">
         <table class="testMethodsTable" cellpadding="0" cellspacing="0">
            <tr>
               <td colspan="4">
                  <h3 style="display: inline;">com.lifelens.automation.ExecuteTestsFromWorkbook</h3>
               </td>
            </tr>
            <tr class="methodsTableHeader">
               <td width="100%">Name</td>
               <td nowrap="true">Started</td>
               <td nowrap="true">Duration</td>
               <td>Exception</td>
            </tr>
            <tr id="com.lifelens.automation.ExecuteTestsFromWorkbook_loadGlobals_byClass_PASS1_row"
                class="testMethodStatusPASS testMethodStatusCONF">
               <td width="100%" class="firstMethodCell">
                  <a onclick="toggleDetailsVisibility('com.lifelens.automation.ExecuteTestsFromWorkbook_loadGlobals_byClass_PASS1_details')">loadGlobals()</a>
               </td>
               <td nowrap="true">16:03:34</td>
               <td nowrap="true" align="right">13 ms
                  
               </td>
               <td nowrap="true">
                   
                  
               </td>
            </tr>
            <tr>
               <td colspan="4" class="detailsBox">
                  <div id="com.lifelens.automation.ExecuteTestsFromWorkbook_loadGlobals_byClass_PASS1_details"
                       class="testMethodDetails">
                     <div>
                        <b>Name: </b>loadGlobals
                     </div>
                     <div>
                        <b>Signature: </b>loadGlobals()[pri:0, instance:com.lifelens.automation.ExecuteTestsFromWorkbook@546c585a]
                     </div>
                     <div>
                        <b>Start time: </b>16:03:34
                     </div>
                     <div>
                        <b>End time: </b>16:03:34
                     </div>
                     <div>
                        <b>Duration: </b>13 ms
                        
                     </div>
                  </div>
               </td>
            </tr>
            <tr></tr>
            <tr id="com.lifelens.automation.ExecuteTestsFromWorkbook_openTestSet_byClass_PASS2_row"
                class="testMethodStatusPASS testMethodStatusCONF">
               <td width="100%" class="firstMethodCell">
                  <a onclick="toggleDetailsVisibility('com.lifelens.automation.ExecuteTestsFromWorkbook_openTestSet_byClass_PASS2_details')">openTestSet(06 TUI_Importer_TestScript_Eligible.xlsx
                     
                     ,
                     
                     All
                     
                     ,
                     
                     F:/Lifelens_Automation_TestRuns/TestLab/TUI_20141125_160326)
                  </a>
               </td>
               <td nowrap="true">16:09:07</td>
               <td nowrap="true" align="right">6s
                  
               </td>
               <td nowrap="true">
                   
                  
               </td>
            </tr>
            <tr>
               <td colspan="4" class="detailsBox">
                  <div id="com.lifelens.automation.ExecuteTestsFromWorkbook_openTestSet_byClass_PASS2_details"
                       class="testMethodDetails">
                     <div>
                        <b>Name: </b>openTestSet
                     </div>
                     <div>
                        <b>Signature: </b>openTestSet(java.lang.String, java.lang.String, java.lang.String)[pri:0, instance:com.lifelens.automation.ExecuteTestsFromWorkbook@546c585a]
                     </div>
                     <div>
                        <b>Parameters: </b>
                        
                        06 TUI_Importer_TestScript_Eligible.xlsx
                        
                        ,
                        
                        All
                        
                        ,
                        
                        F:/Lifelens_Automation_TestRuns/TestLab/TUI_20141125_160326
                        
                        
                     </div>
                     <div>
                        <b>Start time: </b>16:09:07
                     </div>
                     <div>
                        <b>End time: </b>16:09:13
                     </div>
                     <div>
                        <b>Duration: </b>6s
                        
                     </div>
                  </div>
               </td>
            </tr>
            <tr></tr>
            <tr id="com.lifelens.automation.ExecuteTestsFromWorkbook_executeTest_byClass_FAIL3_row"
                class="testMethodStatusFAIL">
               <td width="100%" class="firstMethodCell">
                  <a onclick="toggleDetailsVisibility('com.lifelens.automation.ExecuteTestsFromWorkbook_executeTest_byClass_FAIL3_details')">executeTest(TC1
                     
                     ,
                     
                     GFRP code change 
                     
                     ,
                     
                     High)
                  </a>
               </td>
               <td nowrap="true">16:09:13</td>
               <td nowrap="true" align="right">19s
                  
               </td>
               <td nowrap="true">
                  <a onclick="toggleDetailsVisibility('com.lifelens.automation.ExecuteTestsFromWorkbook_executeTest_byClass_FAIL3_exception')">java.lang.AssertionError: 
                     Message: ' Web elements with name 'Successfully scheduled file import' not found.' error raised while executing the keyword:
                     VERIFY_TEXT at row number: 11
                     
                  </a>
                   
                  
               </td>
            </tr>
            <tr>
               <td colspan="4" class="detailsBox">
                  <div id="com.lifelens.automation.ExecuteTestsFromWorkbook_executeTest_byClass_FAIL3_details"
                       class="testMethodDetails">
                     <div>
                        <b>Name: </b>executeTest
                     </div>
                     <div>
                        <b>Signature: </b>executeTest(java.lang.String, java.lang.String, java.lang.String)[pri:0, instance:com.lifelens.automation.ExecuteTestsFromWorkbook@546c585a]
                     </div>
                     <div>
                        <b>Parameters: </b>
                        
                        TC1
                        
                        ,
                        
                        GFRP code change 
                        
                        ,
                        
                        High
                        
                        
                     </div>
                     <div>
                        <b>Start time: </b>16:09:13
                     </div>
                     <div>
                        <b>End time: </b>16:09:33
                     </div>
                     <div>
                        <b>Duration: </b>19s
                        
                     </div>
                  </div>
               </td>
            </tr>
            <tr>
               <td colspan="4" class="detailsBox">
                  <div id="com.lifelens.automation.ExecuteTestsFromWorkbook_executeTest_byClass_FAIL3_exception"
                       class="testMethodDetails">
                     <pre style="padding: 5px; margin: 0;">java.lang.AssertionError:  Message: ' Web elements with name 'Successfully scheduled file import' not found.' error raised
                        while executing the keyword: VERIFY_TEXT at row number: 11
                        	at org.testng.Assert.fail(Assert.java:94)
                        	at com.lifelens.automation.ExecuteTestsFromWorkbook.executeTest(ExecuteTestsFromWorkbook.java:83)
                        	at sun.reflect.NativeMethodAccessorImpl.invoke0(Native Method)
                        	at sun.reflect.NativeMethodAccessorImpl.invoke(NativeMethodAccessorImpl.java:39)
                        	at sun.reflect.DelegatingMethodAccessorImpl.invoke(DelegatingMethodAccessorImpl.java:25)
                        	at java.lang.reflect.Method.invoke(Method.java:597)
                        	at org.testng.internal.MethodInvocationHelper.invokeMethod(MethodInvocationHelper.java:84)
                        	at org.testng.internal.Invoker.invokeMethod(Invoker.java:714)
                        	at org.testng.internal.Invoker.invokeTestMethod(Invoker.java:901)
                        	at org.testng.internal.Invoker.invokeTestMethods(Invoker.java:1231)
                        	at org.testng.internal.TestMethodWorker.invokeTestMethods(TestMethodWorker.java:127)
                        	at org.testng.internal.TestMethodWorker.run(TestMethodWorker.java:111)
                        	at org.testng.TestRunner.privateRun(TestRunner.java:767)
                        	at org.testng.TestRunner.run(TestRunner.java:617)
                        	at org.testng.SuiteRunner.runTest(SuiteRunner.java:334)
                        	at org.testng.SuiteRunner.runSequentially(SuiteRunner.java:329)
                        	at org.testng.SuiteRunner.privateRun(SuiteRunner.java:291)
                        	at org.testng.SuiteRunner.run(SuiteRunner.java:240)
                        	at org.testng.SuiteRunnerWorker.runSuite(SuiteRunnerWorker.java:52)
                        	at org.testng.SuiteRunnerWorker.run(SuiteRunnerWorker.java:86)
                        	at org.testng.TestNG.runSuitesSequentially(TestNG.java:1224)
                        	at org.testng.TestNG.runSuitesLocally(TestNG.java:1149)
                        	at org.testng.TestNG.run(TestNG.java:1057)
                        	at org.testng.TestNG.privateMain(TestNG.java:1364)
                        	at org.testng.TestNG.main(TestNG.java:1333)
                     </pre>
                  </div>
               </td>
            </tr>
            <tr id="com.lifelens.automation.ExecuteTestsFromWorkbook_executeTest_byClass_FAIL4_row"
                class="testMethodStatusFAIL">
               <td width="100%" class="firstMethodCell">
                  <a onclick="toggleDetailsVisibility('com.lifelens.automation.ExecuteTestsFromWorkbook_executeTest_byClass_FAIL4_details')">executeTest(TC2
                     
                     ,
                     
                     Field names validation
                     
                     ,
                     
                     High)
                  </a>
               </td>
               <td nowrap="true">16:09:33</td>
               <td nowrap="true" align="right">18s
                  
               </td>
               <td nowrap="true">
                  <a onclick="toggleDetailsVisibility('com.lifelens.automation.ExecuteTestsFromWorkbook_executeTest_byClass_FAIL4_exception')">java.lang.AssertionError: 
                     Message: ' Web elements with name 'Successfully scheduled file import' not found.' error raised while executing the keyword:
                     VERIFY_TEXT at row number: 11
                     
                  </a>
                   
                  
               </td>
            </tr>
            <tr>
               <td colspan="4" class="detailsBox">
                  <div id="com.lifelens.automation.ExecuteTestsFromWorkbook_executeTest_byClass_FAIL4_details"
                       class="testMethodDetails">
                     <div>
                        <b>Name: </b>executeTest
                     </div>
                     <div>
                        <b>Signature: </b>executeTest(java.lang.String, java.lang.String, java.lang.String)[pri:0, instance:com.lifelens.automation.ExecuteTestsFromWorkbook@546c585a]
                     </div>
                     <div>
                        <b>Parameters: </b>
                        
                        TC2
                        
                        ,
                        
                        Field names validation
                        
                        ,
                        
                        High
                        
                        
                     </div>
                     <div>
                        <b>Start time: </b>16:09:33
                     </div>
                     <div>
                        <b>End time: </b>16:09:51
                     </div>
                     <div>
                        <b>Duration: </b>18s
                        
                     </div>
                  </div>
               </td>
            </tr>
            <tr>
               <td colspan="4" class="detailsBox">
                  <div id="com.lifelens.automation.ExecuteTestsFromWorkbook_executeTest_byClass_FAIL4_exception"
                       class="testMethodDetails">
                     <pre style="padding: 5px; margin: 0;">java.lang.AssertionError:  Message: ' Web elements with name 'Successfully scheduled file import' not found.' error raised
                        while executing the keyword: VERIFY_TEXT at row number: 11
                        	at org.testng.Assert.fail(Assert.java:94)
                        	at com.lifelens.automation.ExecuteTestsFromWorkbook.executeTest(ExecuteTestsFromWorkbook.java:83)
                        	at sun.reflect.NativeMethodAccessorImpl.invoke0(Native Method)
                        	at sun.reflect.NativeMethodAccessorImpl.invoke(NativeMethodAccessorImpl.java:39)
                        	at sun.reflect.DelegatingMethodAccessorImpl.invoke(DelegatingMethodAccessorImpl.java:25)
                        	at java.lang.reflect.Method.invoke(Method.java:597)
                        	at org.testng.internal.MethodInvocationHelper.invokeMethod(MethodInvocationHelper.java:84)
                        	at org.testng.internal.Invoker.invokeMethod(Invoker.java:714)
                        	at org.testng.internal.Invoker.invokeTestMethod(Invoker.java:901)
                        	at org.testng.internal.Invoker.invokeTestMethods(Invoker.java:1231)
                        	at org.testng.internal.TestMethodWorker.invokeTestMethods(TestMethodWorker.java:127)
                        	at org.testng.internal.TestMethodWorker.run(TestMethodWorker.java:111)
                        	at org.testng.TestRunner.privateRun(TestRunner.java:767)
                        	at org.testng.TestRunner.run(TestRunner.java:617)
                        	at org.testng.SuiteRunner.runTest(SuiteRunner.java:334)
                        	at org.testng.SuiteRunner.runSequentially(SuiteRunner.java:329)
                        	at org.testng.SuiteRunner.privateRun(SuiteRunner.java:291)
                        	at org.testng.SuiteRunner.run(SuiteRunner.java:240)
                        	at org.testng.SuiteRunnerWorker.runSuite(SuiteRunnerWorker.java:52)
                        	at org.testng.SuiteRunnerWorker.run(SuiteRunnerWorker.java:86)
                        	at org.testng.TestNG.runSuitesSequentially(TestNG.java:1224)
                        	at org.testng.TestNG.runSuitesLocally(TestNG.java:1149)
                        	at org.testng.TestNG.run(TestNG.java:1057)
                        	at org.testng.TestNG.privateMain(TestNG.java:1364)
                        	at org.testng.TestNG.main(TestNG.java:1333)
                     </pre>
                  </div>
               </td>
            </tr>
            <tr id="com.lifelens.automation.ExecuteTestsFromWorkbook_executeTest_byClass_FAIL5_row"
                class="testMethodStatusFAIL">
               <td width="100%" class="firstMethodCell">
                  <a onclick="toggleDetailsVisibility('com.lifelens.automation.ExecuteTestsFromWorkbook_executeTest_byClass_FAIL5_details')">executeTest(TC3
                     
                     ,
                     
                     Mandatory fields - fail case
                     
                     ,
                     
                     High)
                  </a>
               </td>
               <td nowrap="true">16:09:51</td>
               <td nowrap="true" align="right">18s
                  
               </td>
               <td nowrap="true">
                  <a onclick="toggleDetailsVisibility('com.lifelens.automation.ExecuteTestsFromWorkbook_executeTest_byClass_FAIL5_exception')">java.lang.AssertionError: 
                     Message: ' Web elements with name 'Successfully scheduled file import' not found.' error raised while executing the keyword:
                     VERIFY_TEXT at row number: 11
                     
                  </a>
                   
                  
               </td>
            </tr>
            <tr>
               <td colspan="4" class="detailsBox">
                  <div id="com.lifelens.automation.ExecuteTestsFromWorkbook_executeTest_byClass_FAIL5_details"
                       class="testMethodDetails">
                     <div>
                        <b>Name: </b>executeTest
                     </div>
                     <div>
                        <b>Signature: </b>executeTest(java.lang.String, java.lang.String, java.lang.String)[pri:0, instance:com.lifelens.automation.ExecuteTestsFromWorkbook@546c585a]
                     </div>
                     <div>
                        <b>Parameters: </b>
                        
                        TC3
                        
                        ,
                        
                        Mandatory fields - fail case
                        
                        ,
                        
                        High
                        
                        
                     </div>
                     <div>
                        <b>Start time: </b>16:09:51
                     </div>
                     <div>
                        <b>End time: </b>16:10:10
                     </div>
                     <div>
                        <b>Duration: </b>18s
                        
                     </div>
                  </div>
               </td>
            </tr>
            <tr>
               <td colspan="4" class="detailsBox">
                  <div id="com.lifelens.automation.ExecuteTestsFromWorkbook_executeTest_byClass_FAIL5_exception"
                       class="testMethodDetails">
                     <pre style="padding: 5px; margin: 0;">java.lang.AssertionError:  Message: ' Web elements with name 'Successfully scheduled file import' not found.' error raised
                        while executing the keyword: VERIFY_TEXT at row number: 11
                        	at org.testng.Assert.fail(Assert.java:94)
                        	at com.lifelens.automation.ExecuteTestsFromWorkbook.executeTest(ExecuteTestsFromWorkbook.java:83)
                        	at sun.reflect.NativeMethodAccessorImpl.invoke0(Native Method)
                        	at sun.reflect.NativeMethodAccessorImpl.invoke(NativeMethodAccessorImpl.java:39)
                        	at sun.reflect.DelegatingMethodAccessorImpl.invoke(DelegatingMethodAccessorImpl.java:25)
                        	at java.lang.reflect.Method.invoke(Method.java:597)
                        	at org.testng.internal.MethodInvocationHelper.invokeMethod(MethodInvocationHelper.java:84)
                        	at org.testng.internal.Invoker.invokeMethod(Invoker.java:714)
                        	at org.testng.internal.Invoker.invokeTestMethod(Invoker.java:901)
                        	at org.testng.internal.Invoker.invokeTestMethods(Invoker.java:1231)
                        	at org.testng.internal.TestMethodWorker.invokeTestMethods(TestMethodWorker.java:127)
                        	at org.testng.internal.TestMethodWorker.run(TestMethodWorker.java:111)
                        	at org.testng.TestRunner.privateRun(TestRunner.java:767)
                        	at org.testng.TestRunner.run(TestRunner.java:617)
                        	at org.testng.SuiteRunner.runTest(SuiteRunner.java:334)
                        	at org.testng.SuiteRunner.runSequentially(SuiteRunner.java:329)
                        	at org.testng.SuiteRunner.privateRun(SuiteRunner.java:291)
                        	at org.testng.SuiteRunner.run(SuiteRunner.java:240)
                        	at org.testng.SuiteRunnerWorker.runSuite(SuiteRunnerWorker.java:52)
                        	at org.testng.SuiteRunnerWorker.run(SuiteRunnerWorker.java:86)
                        	at org.testng.TestNG.runSuitesSequentially(TestNG.java:1224)
                        	at org.testng.TestNG.runSuitesLocally(TestNG.java:1149)
                        	at org.testng.TestNG.run(TestNG.java:1057)
                        	at org.testng.TestNG.privateMain(TestNG.java:1364)
                        	at org.testng.TestNG.main(TestNG.java:1333)
                     </pre>
                  </div>
               </td>
            </tr>
            <tr id="com.lifelens.automation.ExecuteTestsFromWorkbook_executeTest_byClass_FAIL6_row"
                class="testMethodStatusFAIL">
               <td width="100%" class="firstMethodCell">
                  <a onclick="toggleDetailsVisibility('com.lifelens.automation.ExecuteTestsFromWorkbook_executeTest_byClass_FAIL6_details')">executeTest(TC4
                     
                     ,
                     
                     Job Grade
                     
                     ,
                     
                     High)
                  </a>
               </td>
               <td nowrap="true">16:10:10</td>
               <td nowrap="true" align="right">18s
                  
               </td>
               <td nowrap="true">
                  <a onclick="toggleDetailsVisibility('com.lifelens.automation.ExecuteTestsFromWorkbook_executeTest_byClass_FAIL6_exception')">java.lang.AssertionError: 
                     Message: ' Web elements with name 'Successfully scheduled file import' not found.' error raised while executing the keyword:
                     VERIFY_TEXT at row number: 11
                     
                  </a>
                   
                  
               </td>
            </tr>
            <tr>
               <td colspan="4" class="detailsBox">
                  <div id="com.lifelens.automation.ExecuteTestsFromWorkbook_executeTest_byClass_FAIL6_details"
                       class="testMethodDetails">
                     <div>
                        <b>Name: </b>executeTest
                     </div>
                     <div>
                        <b>Signature: </b>executeTest(java.lang.String, java.lang.String, java.lang.String)[pri:0, instance:com.lifelens.automation.ExecuteTestsFromWorkbook@546c585a]
                     </div>
                     <div>
                        <b>Parameters: </b>
                        
                        TC4
                        
                        ,
                        
                        Job Grade
                        
                        ,
                        
                        High
                        
                        
                     </div>
                     <div>
                        <b>Start time: </b>16:10:10
                     </div>
                     <div>
                        <b>End time: </b>16:10:28
                     </div>
                     <div>
                        <b>Duration: </b>18s
                        
                     </div>
                  </div>
               </td>
            </tr>
            <tr>
               <td colspan="4" class="detailsBox">
                  <div id="com.lifelens.automation.ExecuteTestsFromWorkbook_executeTest_byClass_FAIL6_exception"
                       class="testMethodDetails">
                     <pre style="padding: 5px; margin: 0;">java.lang.AssertionError:  Message: ' Web elements with name 'Successfully scheduled file import' not found.' error raised
                        while executing the keyword: VERIFY_TEXT at row number: 11
                        	at org.testng.Assert.fail(Assert.java:94)
                        	at com.lifelens.automation.ExecuteTestsFromWorkbook.executeTest(ExecuteTestsFromWorkbook.java:83)
                        	at sun.reflect.NativeMethodAccessorImpl.invoke0(Native Method)
                        	at sun.reflect.NativeMethodAccessorImpl.invoke(NativeMethodAccessorImpl.java:39)
                        	at sun.reflect.DelegatingMethodAccessorImpl.invoke(DelegatingMethodAccessorImpl.java:25)
                        	at java.lang.reflect.Method.invoke(Method.java:597)
                        	at org.testng.internal.MethodInvocationHelper.invokeMethod(MethodInvocationHelper.java:84)
                        	at org.testng.internal.Invoker.invokeMethod(Invoker.java:714)
                        	at org.testng.internal.Invoker.invokeTestMethod(Invoker.java:901)
                        	at org.testng.internal.Invoker.invokeTestMethods(Invoker.java:1231)
                        	at org.testng.internal.TestMethodWorker.invokeTestMethods(TestMethodWorker.java:127)
                        	at org.testng.internal.TestMethodWorker.run(TestMethodWorker.java:111)
                        	at org.testng.TestRunner.privateRun(TestRunner.java:767)
                        	at org.testng.TestRunner.run(TestRunner.java:617)
                        	at org.testng.SuiteRunner.runTest(SuiteRunner.java:334)
                        	at org.testng.SuiteRunner.runSequentially(SuiteRunner.java:329)
                        	at org.testng.SuiteRunner.privateRun(SuiteRunner.java:291)
                        	at org.testng.SuiteRunner.run(SuiteRunner.java:240)
                        	at org.testng.SuiteRunnerWorker.runSuite(SuiteRunnerWorker.java:52)
                        	at org.testng.SuiteRunnerWorker.run(SuiteRunnerWorker.java:86)
                        	at org.testng.TestNG.runSuitesSequentially(TestNG.java:1224)
                        	at org.testng.TestNG.runSuitesLocally(TestNG.java:1149)
                        	at org.testng.TestNG.run(TestNG.java:1057)
                        	at org.testng.TestNG.privateMain(TestNG.java:1364)
                        	at org.testng.TestNG.main(TestNG.java:1333)
                     </pre>
                  </div>
               </td>
            </tr>
            <tr id="com.lifelens.automation.ExecuteTestsFromWorkbook_executeTest_byClass_PASS7_row"
                class="testMethodStatusPASS">
               <td width="100%" class="firstMethodCell">
                  <a onclick="toggleDetailsVisibility('com.lifelens.automation.ExecuteTestsFromWorkbook_executeTest_byClass_PASS7_details')">executeTest(TC5
                     
                     ,
                     
                     Invalid NI number
                     
                     ,
                     
                     High)
                  </a>
               </td>
               <td nowrap="true">16:10:28</td>
               <td nowrap="true" align="right">7s
                  
               </td>
               <td nowrap="true">
                   
                  
               </td>
            </tr>
            <tr>
               <td colspan="4" class="detailsBox">
                  <div id="com.lifelens.automation.ExecuteTestsFromWorkbook_executeTest_byClass_PASS7_details"
                       class="testMethodDetails">
                     <div>
                        <b>Name: </b>executeTest
                     </div>
                     <div>
                        <b>Signature: </b>executeTest(java.lang.String, java.lang.String, java.lang.String)[pri:0, instance:com.lifelens.automation.ExecuteTestsFromWorkbook@546c585a]
                     </div>
                     <div>
                        <b>Parameters: </b>
                        
                        TC5
                        
                        ,
                        
                        Invalid NI number
                        
                        ,
                        
                        High
                        
                        
                     </div>
                     <div>
                        <b>Start time: </b>16:10:28
                     </div>
                     <div>
                        <b>End time: </b>16:10:35
                     </div>
                     <div>
                        <b>Duration: </b>7s
                        
                     </div>
                  </div>
               </td>
            </tr>
            <tr></tr>
            <tr id="com.lifelens.automation.ExecuteTestsFromWorkbook_executeTest_byClass_PASS8_row"
                class="testMethodStatusPASS">
               <td width="100%" class="firstMethodCell">
                  <a onclick="toggleDetailsVisibility('com.lifelens.automation.ExecuteTestsFromWorkbook_executeTest_byClass_PASS8_details')">executeTest(TC6
                     
                     ,
                     
                     Check Pension Field
                     
                     ,
                     
                     High)
                  </a>
               </td>
               <td nowrap="true">16:10:35</td>
               <td nowrap="true" align="right">30s
                  
               </td>
               <td nowrap="true">
                   
                  
               </td>
            </tr>
            <tr>
               <td colspan="4" class="detailsBox">
                  <div id="com.lifelens.automation.ExecuteTestsFromWorkbook_executeTest_byClass_PASS8_details"
                       class="testMethodDetails">
                     <div>
                        <b>Name: </b>executeTest
                     </div>
                     <div>
                        <b>Signature: </b>executeTest(java.lang.String, java.lang.String, java.lang.String)[pri:0, instance:com.lifelens.automation.ExecuteTestsFromWorkbook@546c585a]
                     </div>
                     <div>
                        <b>Parameters: </b>
                        
                        TC6
                        
                        ,
                        
                        Check Pension Field
                        
                        ,
                        
                        High
                        
                        
                     </div>
                     <div>
                        <b>Start time: </b>16:10:35
                     </div>
                     <div>
                        <b>End time: </b>16:11:06
                     </div>
                     <div>
                        <b>Duration: </b>30s
                        
                     </div>
                  </div>
               </td>
            </tr>
            <tr></tr>
            <tr id="com.lifelens.automation.ExecuteTestsFromWorkbook_executeTest_byClass_FAIL9_row"
                class="testMethodStatusFAIL">
               <td width="100%" class="firstMethodCell">
                  <a onclick="toggleDetailsVisibility('com.lifelens.automation.ExecuteTestsFromWorkbook_executeTest_byClass_FAIL9_details')">executeTest(TC7
                     
                     ,
                     
                     Rehire
                     
                     ,
                     
                     High)
                  </a>
               </td>
               <td nowrap="true">16:11:06</td>
               <td nowrap="true" align="right">31s
                  
               </td>
               <td nowrap="true">
                  <a onclick="toggleDetailsVisibility('com.lifelens.automation.ExecuteTestsFromWorkbook_executeTest_byClass_FAIL9_exception')">java.lang.AssertionError: 
                     Message: ' Web elements with name 'Successfully scheduled file import' not found.' error raised while executing the keyword:
                     VERIFY_TEXT at row number: 11
                     
                  </a>
                   
                  
               </td>
            </tr>
            <tr>
               <td colspan="4" class="detailsBox">
                  <div id="com.lifelens.automation.ExecuteTestsFromWorkbook_executeTest_byClass_FAIL9_details"
                       class="testMethodDetails">
                     <div>
                        <b>Name: </b>executeTest
                     </div>
                     <div>
                        <b>Signature: </b>executeTest(java.lang.String, java.lang.String, java.lang.String)[pri:0, instance:com.lifelens.automation.ExecuteTestsFromWorkbook@546c585a]
                     </div>
                     <div>
                        <b>Parameters: </b>
                        
                        TC7
                        
                        ,
                        
                        Rehire
                        
                        ,
                        
                        High
                        
                        
                     </div>
                     <div>
                        <b>Start time: </b>16:11:06
                     </div>
                     <div>
                        <b>End time: </b>16:11:37
                     </div>
                     <div>
                        <b>Duration: </b>31s
                        
                     </div>
                  </div>
               </td>
            </tr>
            <tr>
               <td colspan="4" class="detailsBox">
                  <div id="com.lifelens.automation.ExecuteTestsFromWorkbook_executeTest_byClass_FAIL9_exception"
                       class="testMethodDetails">
                     <pre style="padding: 5px; margin: 0;">java.lang.AssertionError:  Message: ' Web elements with name 'Successfully scheduled file import' not found.' error raised
                        while executing the keyword: VERIFY_TEXT at row number: 11
                        	at org.testng.Assert.fail(Assert.java:94)
                        	at com.lifelens.automation.ExecuteTestsFromWorkbook.executeTest(ExecuteTestsFromWorkbook.java:83)
                        	at sun.reflect.NativeMethodAccessorImpl.invoke0(Native Method)
                        	at sun.reflect.NativeMethodAccessorImpl.invoke(NativeMethodAccessorImpl.java:39)
                        	at sun.reflect.DelegatingMethodAccessorImpl.invoke(DelegatingMethodAccessorImpl.java:25)
                        	at java.lang.reflect.Method.invoke(Method.java:597)
                        	at org.testng.internal.MethodInvocationHelper.invokeMethod(MethodInvocationHelper.java:84)
                        	at org.testng.internal.Invoker.invokeMethod(Invoker.java:714)
                        	at org.testng.internal.Invoker.invokeTestMethod(Invoker.java:901)
                        	at org.testng.internal.Invoker.invokeTestMethods(Invoker.java:1231)
                        	at org.testng.internal.TestMethodWorker.invokeTestMethods(TestMethodWorker.java:127)
                        	at org.testng.internal.TestMethodWorker.run(TestMethodWorker.java:111)
                        	at org.testng.TestRunner.privateRun(TestRunner.java:767)
                        	at org.testng.TestRunner.run(TestRunner.java:617)
                        	at org.testng.SuiteRunner.runTest(SuiteRunner.java:334)
                        	at org.testng.SuiteRunner.runSequentially(SuiteRunner.java:329)
                        	at org.testng.SuiteRunner.privateRun(SuiteRunner.java:291)
                        	at org.testng.SuiteRunner.run(SuiteRunner.java:240)
                        	at org.testng.SuiteRunnerWorker.runSuite(SuiteRunnerWorker.java:52)
                        	at org.testng.SuiteRunnerWorker.run(SuiteRunnerWorker.java:86)
                        	at org.testng.TestNG.runSuitesSequentially(TestNG.java:1224)
                        	at org.testng.TestNG.runSuitesLocally(TestNG.java:1149)
                        	at org.testng.TestNG.run(TestNG.java:1057)
                        	at org.testng.TestNG.privateMain(TestNG.java:1364)
                        	at org.testng.TestNG.main(TestNG.java:1333)
                     </pre>
                  </div>
               </td>
            </tr>
            <tr id="com.lifelens.automation.ExecuteTestsFromWorkbook_executeTest_byClass_FAIL10_row"
                class="testMethodStatusFAIL">
               <td width="100%" class="firstMethodCell">
                  <a onclick="toggleDetailsVisibility('com.lifelens.automation.ExecuteTestsFromWorkbook_executeTest_byClass_FAIL10_details')">executeTest(TC8
                     
                     ,
                     
                     Staff number reused for rehire
                     
                     ,
                     
                     High)
                  </a>
               </td>
               <td nowrap="true">16:11:37</td>
               <td nowrap="true" align="right">49s
                  
               </td>
               <td nowrap="true">
                  <a onclick="toggleDetailsVisibility('com.lifelens.automation.ExecuteTestsFromWorkbook_executeTest_byClass_FAIL10_exception')">java.lang.AssertionError: 
                     Message: ' Web elements with name 'Successfully scheduled file import' not found.' error raised while executing the keyword:
                     VERIFY_TEXT at row number: 11
                     
                  </a>
                   
                  
               </td>
            </tr>
            <tr>
               <td colspan="4" class="detailsBox">
                  <div id="com.lifelens.automation.ExecuteTestsFromWorkbook_executeTest_byClass_FAIL10_details"
                       class="testMethodDetails">
                     <div>
                        <b>Name: </b>executeTest
                     </div>
                     <div>
                        <b>Signature: </b>executeTest(java.lang.String, java.lang.String, java.lang.String)[pri:0, instance:com.lifelens.automation.ExecuteTestsFromWorkbook@546c585a]
                     </div>
                     <div>
                        <b>Parameters: </b>
                        
                        TC8
                        
                        ,
                        
                        Staff number reused for rehire
                        
                        ,
                        
                        High
                        
                        
                     </div>
                     <div>
                        <b>Start time: </b>16:11:37
                     </div>
                     <div>
                        <b>End time: </b>16:12:26
                     </div>
                     <div>
                        <b>Duration: </b>49s
                        
                     </div>
                  </div>
               </td>
            </tr>
            <tr>
               <td colspan="4" class="detailsBox">
                  <div id="com.lifelens.automation.ExecuteTestsFromWorkbook_executeTest_byClass_FAIL10_exception"
                       class="testMethodDetails">
                     <pre style="padding: 5px; margin: 0;">java.lang.AssertionError:  Message: ' Web elements with name 'Successfully scheduled file import' not found.' error raised
                        while executing the keyword: VERIFY_TEXT at row number: 11
                        	at org.testng.Assert.fail(Assert.java:94)
                        	at com.lifelens.automation.ExecuteTestsFromWorkbook.executeTest(ExecuteTestsFromWorkbook.java:83)
                        	at sun.reflect.NativeMethodAccessorImpl.invoke0(Native Method)
                        	at sun.reflect.NativeMethodAccessorImpl.invoke(NativeMethodAccessorImpl.java:39)
                        	at sun.reflect.DelegatingMethodAccessorImpl.invoke(DelegatingMethodAccessorImpl.java:25)
                        	at java.lang.reflect.Method.invoke(Method.java:597)
                        	at org.testng.internal.MethodInvocationHelper.invokeMethod(MethodInvocationHelper.java:84)
                        	at org.testng.internal.Invoker.invokeMethod(Invoker.java:714)
                        	at org.testng.internal.Invoker.invokeTestMethod(Invoker.java:901)
                        	at org.testng.internal.Invoker.invokeTestMethods(Invoker.java:1231)
                        	at org.testng.internal.TestMethodWorker.invokeTestMethods(TestMethodWorker.java:127)
                        	at org.testng.internal.TestMethodWorker.run(TestMethodWorker.java:111)
                        	at org.testng.TestRunner.privateRun(TestRunner.java:767)
                        	at org.testng.TestRunner.run(TestRunner.java:617)
                        	at org.testng.SuiteRunner.runTest(SuiteRunner.java:334)
                        	at org.testng.SuiteRunner.runSequentially(SuiteRunner.java:329)
                        	at org.testng.SuiteRunner.privateRun(SuiteRunner.java:291)
                        	at org.testng.SuiteRunner.run(SuiteRunner.java:240)
                        	at org.testng.SuiteRunnerWorker.runSuite(SuiteRunnerWorker.java:52)
                        	at org.testng.SuiteRunnerWorker.run(SuiteRunnerWorker.java:86)
                        	at org.testng.TestNG.runSuitesSequentially(TestNG.java:1224)
                        	at org.testng.TestNG.runSuitesLocally(TestNG.java:1149)
                        	at org.testng.TestNG.run(TestNG.java:1057)
                        	at org.testng.TestNG.privateMain(TestNG.java:1364)
                        	at org.testng.TestNG.main(TestNG.java:1333)
                     </pre>
                  </div>
               </td>
            </tr>
            <tr id="com.lifelens.automation.ExecuteTestsFromWorkbook_executeTest_byClass_FAIL11_row"
                class="testMethodStatusFAIL">
               <td width="100%" class="firstMethodCell">
                  <a onclick="toggleDetailsVisibility('com.lifelens.automation.ExecuteTestsFromWorkbook_executeTest_byClass_FAIL11_details')">executeTest(TC9
                     
                     ,
                     
                     Reinstatement and rehires
                     
                     ,
                     
                     High)
                  </a>
               </td>
               <td nowrap="true">16:12:26</td>
               <td nowrap="true" align="right">44s
                  
               </td>
               <td nowrap="true">
                  <a onclick="toggleDetailsVisibility('com.lifelens.automation.ExecuteTestsFromWorkbook_executeTest_byClass_FAIL11_exception')">java.lang.AssertionError: 
                     Message: ' Web elements with name 'Successfully scheduled file import' not found.' error raised while executing the keyword:
                     VERIFY_TEXT at row number: 11
                     
                  </a>
                   
                  
               </td>
            </tr>
            <tr>
               <td colspan="4" class="detailsBox">
                  <div id="com.lifelens.automation.ExecuteTestsFromWorkbook_executeTest_byClass_FAIL11_details"
                       class="testMethodDetails">
                     <div>
                        <b>Name: </b>executeTest
                     </div>
                     <div>
                        <b>Signature: </b>executeTest(java.lang.String, java.lang.String, java.lang.String)[pri:0, instance:com.lifelens.automation.ExecuteTestsFromWorkbook@546c585a]
                     </div>
                     <div>
                        <b>Parameters: </b>
                        
                        TC9
                        
                        ,
                        
                        Reinstatement and rehires
                        
                        ,
                        
                        High
                        
                        
                     </div>
                     <div>
                        <b>Start time: </b>16:12:26
                     </div>
                     <div>
                        <b>End time: </b>16:13:11
                     </div>
                     <div>
                        <b>Duration: </b>44s
                        
                     </div>
                  </div>
               </td>
            </tr>
            <tr>
               <td colspan="4" class="detailsBox">
                  <div id="com.lifelens.automation.ExecuteTestsFromWorkbook_executeTest_byClass_FAIL11_exception"
                       class="testMethodDetails">
                     <pre style="padding: 5px; margin: 0;">java.lang.AssertionError:  Message: ' Web elements with name 'Successfully scheduled file import' not found.' error raised
                        while executing the keyword: VERIFY_TEXT at row number: 11
                        	at org.testng.Assert.fail(Assert.java:94)
                        	at com.lifelens.automation.ExecuteTestsFromWorkbook.executeTest(ExecuteTestsFromWorkbook.java:83)
                        	at sun.reflect.GeneratedMethodAccessor27.invoke(Unknown Source)
                        	at sun.reflect.DelegatingMethodAccessorImpl.invoke(DelegatingMethodAccessorImpl.java:25)
                        	at java.lang.reflect.Method.invoke(Method.java:597)
                        	at org.testng.internal.MethodInvocationHelper.invokeMethod(MethodInvocationHelper.java:84)
                        	at org.testng.internal.Invoker.invokeMethod(Invoker.java:714)
                        	at org.testng.internal.Invoker.invokeTestMethod(Invoker.java:901)
                        	at org.testng.internal.Invoker.invokeTestMethods(Invoker.java:1231)
                        	at org.testng.internal.TestMethodWorker.invokeTestMethods(TestMethodWorker.java:127)
                        	at org.testng.internal.TestMethodWorker.run(TestMethodWorker.java:111)
                        	at org.testng.TestRunner.privateRun(TestRunner.java:767)
                        	at org.testng.TestRunner.run(TestRunner.java:617)
                        	at org.testng.SuiteRunner.runTest(SuiteRunner.java:334)
                        	at org.testng.SuiteRunner.runSequentially(SuiteRunner.java:329)
                        	at org.testng.SuiteRunner.privateRun(SuiteRunner.java:291)
                        	at org.testng.SuiteRunner.run(SuiteRunner.java:240)
                        	at org.testng.SuiteRunnerWorker.runSuite(SuiteRunnerWorker.java:52)
                        	at org.testng.SuiteRunnerWorker.run(SuiteRunnerWorker.java:86)
                        	at org.testng.TestNG.runSuitesSequentially(TestNG.java:1224)
                        	at org.testng.TestNG.runSuitesLocally(TestNG.java:1149)
                        	at org.testng.TestNG.run(TestNG.java:1057)
                        	at org.testng.TestNG.privateMain(TestNG.java:1364)
                        	at org.testng.TestNG.main(TestNG.java:1333)
                     </pre>
                  </div>
               </td>
            </tr>
            <tr id="com.lifelens.automation.ExecuteTestsFromWorkbook_executeTest_byClass_FAIL12_row"
                class="testMethodStatusFAIL">
               <td width="100%" class="firstMethodCell">
                  <a onclick="toggleDetailsVisibility('com.lifelens.automation.ExecuteTestsFromWorkbook_executeTest_byClass_FAIL12_details')">executeTest(TC10
                     
                     ,
                     
                     Leaver adjustment
                     
                     ,
                     
                     High)
                  </a>
               </td>
               <td nowrap="true">16:13:11</td>
               <td nowrap="true" align="right">13s
                  
               </td>
               <td nowrap="true">
                  <a onclick="toggleDetailsVisibility('com.lifelens.automation.ExecuteTestsFromWorkbook_executeTest_byClass_FAIL12_exception')">java.lang.AssertionError: 
                     Message: ' Web elements with name 'Successfully scheduled file import' not found.' error raised while executing the keyword:
                     VERIFY_TEXT at row number: 11
                     
                  </a>
                   
                  
               </td>
            </tr>
            <tr>
               <td colspan="4" class="detailsBox">
                  <div id="com.lifelens.automation.ExecuteTestsFromWorkbook_executeTest_byClass_FAIL12_details"
                       class="testMethodDetails">
                     <div>
                        <b>Name: </b>executeTest
                     </div>
                     <div>
                        <b>Signature: </b>executeTest(java.lang.String, java.lang.String, java.lang.String)[pri:0, instance:com.lifelens.automation.ExecuteTestsFromWorkbook@546c585a]
                     </div>
                     <div>
                        <b>Parameters: </b>
                        
                        TC10
                        
                        ,
                        
                        Leaver adjustment
                        
                        ,
                        
                        High
                        
                        
                     </div>
                     <div>
                        <b>Start time: </b>16:13:11
                     </div>
                     <div>
                        <b>End time: </b>16:13:24
                     </div>
                     <div>
                        <b>Duration: </b>13s
                        
                     </div>
                  </div>
               </td>
            </tr>
            <tr>
               <td colspan="4" class="detailsBox">
                  <div id="com.lifelens.automation.ExecuteTestsFromWorkbook_executeTest_byClass_FAIL12_exception"
                       class="testMethodDetails">
                     <pre style="padding: 5px; margin: 0;">java.lang.AssertionError:  Message: ' Web elements with name 'Successfully scheduled file import' not found.' error raised
                        while executing the keyword: VERIFY_TEXT at row number: 11
                        	at org.testng.Assert.fail(Assert.java:94)
                        	at com.lifelens.automation.ExecuteTestsFromWorkbook.executeTest(ExecuteTestsFromWorkbook.java:83)
                        	at sun.reflect.GeneratedMethodAccessor27.invoke(Unknown Source)
                        	at sun.reflect.DelegatingMethodAccessorImpl.invoke(DelegatingMethodAccessorImpl.java:25)
                        	at java.lang.reflect.Method.invoke(Method.java:597)
                        	at org.testng.internal.MethodInvocationHelper.invokeMethod(MethodInvocationHelper.java:84)
                        	at org.testng.internal.Invoker.invokeMethod(Invoker.java:714)
                        	at org.testng.internal.Invoker.invokeTestMethod(Invoker.java:901)
                        	at org.testng.internal.Invoker.invokeTestMethods(Invoker.java:1231)
                        	at org.testng.internal.TestMethodWorker.invokeTestMethods(TestMethodWorker.java:127)
                        	at org.testng.internal.TestMethodWorker.run(TestMethodWorker.java:111)
                        	at org.testng.TestRunner.privateRun(TestRunner.java:767)
                        	at org.testng.TestRunner.run(TestRunner.java:617)
                        	at org.testng.SuiteRunner.runTest(SuiteRunner.java:334)
                        	at org.testng.SuiteRunner.runSequentially(SuiteRunner.java:329)
                        	at org.testng.SuiteRunner.privateRun(SuiteRunner.java:291)
                        	at org.testng.SuiteRunner.run(SuiteRunner.java:240)
                        	at org.testng.SuiteRunnerWorker.runSuite(SuiteRunnerWorker.java:52)
                        	at org.testng.SuiteRunnerWorker.run(SuiteRunnerWorker.java:86)
                        	at org.testng.TestNG.runSuitesSequentially(TestNG.java:1224)
                        	at org.testng.TestNG.runSuitesLocally(TestNG.java:1149)
                        	at org.testng.TestNG.run(TestNG.java:1057)
                        	at org.testng.TestNG.privateMain(TestNG.java:1364)
                        	at org.testng.TestNG.main(TestNG.java:1333)
                     </pre>
                  </div>
               </td>
            </tr>
            <tr id="com.lifelens.automation.ExecuteTestsFromWorkbook_executeTest_byClass_FAIL13_row"
                class="testMethodStatusFAIL">
               <td width="100%" class="firstMethodCell">
                  <a onclick="toggleDetailsVisibility('com.lifelens.automation.ExecuteTestsFromWorkbook_executeTest_byClass_FAIL13_details')">executeTest(TC11
                     
                     ,
                     
                     salary change
                     
                     ,
                     
                     High)
                  </a>
               </td>
               <td nowrap="true">16:13:24</td>
               <td nowrap="true" align="right">15s
                  
               </td>
               <td nowrap="true">
                  <a onclick="toggleDetailsVisibility('com.lifelens.automation.ExecuteTestsFromWorkbook_executeTest_byClass_FAIL13_exception')">java.lang.AssertionError: 
                     Message: ' Web elements with name 'Successfully scheduled file import' not found.' error raised while executing the keyword:
                     VERIFY_TEXT at row number: 11
                     
                  </a>
                   
                  
               </td>
            </tr>
            <tr>
               <td colspan="4" class="detailsBox">
                  <div id="com.lifelens.automation.ExecuteTestsFromWorkbook_executeTest_byClass_FAIL13_details"
                       class="testMethodDetails">
                     <div>
                        <b>Name: </b>executeTest
                     </div>
                     <div>
                        <b>Signature: </b>executeTest(java.lang.String, java.lang.String, java.lang.String)[pri:0, instance:com.lifelens.automation.ExecuteTestsFromWorkbook@546c585a]
                     </div>
                     <div>
                        <b>Parameters: </b>
                        
                        TC11
                        
                        ,
                        
                        salary change
                        
                        ,
                        
                        High
                        
                        
                     </div>
                     <div>
                        <b>Start time: </b>16:13:24
                     </div>
                     <div>
                        <b>End time: </b>16:13:39
                     </div>
                     <div>
                        <b>Duration: </b>15s
                        
                     </div>
                  </div>
               </td>
            </tr>
            <tr>
               <td colspan="4" class="detailsBox">
                  <div id="com.lifelens.automation.ExecuteTestsFromWorkbook_executeTest_byClass_FAIL13_exception"
                       class="testMethodDetails">
                     <pre style="padding: 5px; margin: 0;">java.lang.AssertionError:  Message: ' Web elements with name 'Successfully scheduled file import' not found.' error raised
                        while executing the keyword: VERIFY_TEXT at row number: 11
                        	at org.testng.Assert.fail(Assert.java:94)
                        	at com.lifelens.automation.ExecuteTestsFromWorkbook.executeTest(ExecuteTestsFromWorkbook.java:83)
                        	at sun.reflect.GeneratedMethodAccessor27.invoke(Unknown Source)
                        	at sun.reflect.DelegatingMethodAccessorImpl.invoke(DelegatingMethodAccessorImpl.java:25)
                        	at java.lang.reflect.Method.invoke(Method.java:597)
                        	at org.testng.internal.MethodInvocationHelper.invokeMethod(MethodInvocationHelper.java:84)
                        	at org.testng.internal.Invoker.invokeMethod(Invoker.java:714)
                        	at org.testng.internal.Invoker.invokeTestMethod(Invoker.java:901)
                        	at org.testng.internal.Invoker.invokeTestMethods(Invoker.java:1231)
                        	at org.testng.internal.TestMethodWorker.invokeTestMethods(TestMethodWorker.java:127)
                        	at org.testng.internal.TestMethodWorker.run(TestMethodWorker.java:111)
                        	at org.testng.TestRunner.privateRun(TestRunner.java:767)
                        	at org.testng.TestRunner.run(TestRunner.java:617)
                        	at org.testng.SuiteRunner.runTest(SuiteRunner.java:334)
                        	at org.testng.SuiteRunner.runSequentially(SuiteRunner.java:329)
                        	at org.testng.SuiteRunner.privateRun(SuiteRunner.java:291)
                        	at org.testng.SuiteRunner.run(SuiteRunner.java:240)
                        	at org.testng.SuiteRunnerWorker.runSuite(SuiteRunnerWorker.java:52)
                        	at org.testng.SuiteRunnerWorker.run(SuiteRunnerWorker.java:86)
                        	at org.testng.TestNG.runSuitesSequentially(TestNG.java:1224)
                        	at org.testng.TestNG.runSuitesLocally(TestNG.java:1149)
                        	at org.testng.TestNG.run(TestNG.java:1057)
                        	at org.testng.TestNG.privateMain(TestNG.java:1364)
                        	at org.testng.TestNG.main(TestNG.java:1333)
                     </pre>
                  </div>
               </td>
            </tr>
            <tr id="com.lifelens.automation.ExecuteTestsFromWorkbook_executeTest_byClass_FAIL14_row"
                class="testMethodStatusFAIL">
               <td width="100%" class="firstMethodCell">
                  <a onclick="toggleDetailsVisibility('com.lifelens.automation.ExecuteTestsFromWorkbook_executeTest_byClass_FAIL14_details')">executeTest(TC12
                     
                     ,
                     
                     GFRP2 and blank
                     
                     ,
                     
                     High)
                  </a>
               </td>
               <td nowrap="true">16:13:39</td>
               <td nowrap="true" align="right">17s
                  
               </td>
               <td nowrap="true">
                  <a onclick="toggleDetailsVisibility('com.lifelens.automation.ExecuteTestsFromWorkbook_executeTest_byClass_FAIL14_exception')">java.lang.AssertionError: 
                     Message: ' Web elements with name 'Successfully scheduled file import' not found.' error raised while executing the keyword:
                     VERIFY_TEXT at row number: 15
                     
                  </a>
                   
                  
               </td>
            </tr>
            <tr>
               <td colspan="4" class="detailsBox">
                  <div id="com.lifelens.automation.ExecuteTestsFromWorkbook_executeTest_byClass_FAIL14_details"
                       class="testMethodDetails">
                     <div>
                        <b>Name: </b>executeTest
                     </div>
                     <div>
                        <b>Signature: </b>executeTest(java.lang.String, java.lang.String, java.lang.String)[pri:0, instance:com.lifelens.automation.ExecuteTestsFromWorkbook@546c585a]
                     </div>
                     <div>
                        <b>Parameters: </b>
                        
                        TC12
                        
                        ,
                        
                        GFRP2 and blank
                        
                        ,
                        
                        High
                        
                        
                     </div>
                     <div>
                        <b>Start time: </b>16:13:39
                     </div>
                     <div>
                        <b>End time: </b>16:13:56
                     </div>
                     <div>
                        <b>Duration: </b>17s
                        
                     </div>
                  </div>
               </td>
            </tr>
            <tr>
               <td colspan="4" class="detailsBox">
                  <div id="com.lifelens.automation.ExecuteTestsFromWorkbook_executeTest_byClass_FAIL14_exception"
                       class="testMethodDetails">
                     <pre style="padding: 5px; margin: 0;">java.lang.AssertionError:  Message: ' Web elements with name 'Successfully scheduled file import' not found.' error raised
                        while executing the keyword: VERIFY_TEXT at row number: 15
                        	at org.testng.Assert.fail(Assert.java:94)
                        	at com.lifelens.automation.ExecuteTestsFromWorkbook.executeTest(ExecuteTestsFromWorkbook.java:83)
                        	at sun.reflect.GeneratedMethodAccessor27.invoke(Unknown Source)
                        	at sun.reflect.DelegatingMethodAccessorImpl.invoke(DelegatingMethodAccessorImpl.java:25)
                        	at java.lang.reflect.Method.invoke(Method.java:597)
                        	at org.testng.internal.MethodInvocationHelper.invokeMethod(MethodInvocationHelper.java:84)
                        	at org.testng.internal.Invoker.invokeMethod(Invoker.java:714)
                        	at org.testng.internal.Invoker.invokeTestMethod(Invoker.java:901)
                        	at org.testng.internal.Invoker.invokeTestMethods(Invoker.java:1231)
                        	at org.testng.internal.TestMethodWorker.invokeTestMethods(TestMethodWorker.java:127)
                        	at org.testng.internal.TestMethodWorker.run(TestMethodWorker.java:111)
                        	at org.testng.TestRunner.privateRun(TestRunner.java:767)
                        	at org.testng.TestRunner.run(TestRunner.java:617)
                        	at org.testng.SuiteRunner.runTest(SuiteRunner.java:334)
                        	at org.testng.SuiteRunner.runSequentially(SuiteRunner.java:329)
                        	at org.testng.SuiteRunner.privateRun(SuiteRunner.java:291)
                        	at org.testng.SuiteRunner.run(SuiteRunner.java:240)
                        	at org.testng.SuiteRunnerWorker.runSuite(SuiteRunnerWorker.java:52)
                        	at org.testng.SuiteRunnerWorker.run(SuiteRunnerWorker.java:86)
                        	at org.testng.TestNG.runSuitesSequentially(TestNG.java:1224)
                        	at org.testng.TestNG.runSuitesLocally(TestNG.java:1149)
                        	at org.testng.TestNG.run(TestNG.java:1057)
                        	at org.testng.TestNG.privateMain(TestNG.java:1364)
                        	at org.testng.TestNG.main(TestNG.java:1333)
                     </pre>
                  </div>
               </td>
            </tr>
            <tr id="com.lifelens.automation.ExecuteTestsFromWorkbook_executeTest_byClass_FAIL15_row"
                class="testMethodStatusFAIL">
               <td width="100%" class="firstMethodCell">
                  <a onclick="toggleDetailsVisibility('com.lifelens.automation.ExecuteTestsFromWorkbook_executeTest_byClass_FAIL15_details')">executeTest(TC13
                     
                     ,
                     
                     GFREP1 change in code
                     
                     ,
                     
                     High)
                  </a>
               </td>
               <td nowrap="true">16:13:56</td>
               <td nowrap="true" align="right">13s
                  
               </td>
               <td nowrap="true">
                  <a onclick="toggleDetailsVisibility('com.lifelens.automation.ExecuteTestsFromWorkbook_executeTest_byClass_FAIL15_exception')">java.lang.AssertionError: 
                     Message: ' Web elements with name 'Successfully scheduled file import' not found.' error raised while executing the keyword:
                     VERIFY_TEXT at row number: 11
                     
                  </a>
                   
                  
               </td>
            </tr>
            <tr>
               <td colspan="4" class="detailsBox">
                  <div id="com.lifelens.automation.ExecuteTestsFromWorkbook_executeTest_byClass_FAIL15_details"
                       class="testMethodDetails">
                     <div>
                        <b>Name: </b>executeTest
                     </div>
                     <div>
                        <b>Signature: </b>executeTest(java.lang.String, java.lang.String, java.lang.String)[pri:0, instance:com.lifelens.automation.ExecuteTestsFromWorkbook@546c585a]
                     </div>
                     <div>
                        <b>Parameters: </b>
                        
                        TC13
                        
                        ,
                        
                        GFREP1 change in code
                        
                        ,
                        
                        High
                        
                        
                     </div>
                     <div>
                        <b>Start time: </b>16:13:56
                     </div>
                     <div>
                        <b>End time: </b>16:14:10
                     </div>
                     <div>
                        <b>Duration: </b>13s
                        
                     </div>
                  </div>
               </td>
            </tr>
            <tr>
               <td colspan="4" class="detailsBox">
                  <div id="com.lifelens.automation.ExecuteTestsFromWorkbook_executeTest_byClass_FAIL15_exception"
                       class="testMethodDetails">
                     <pre style="padding: 5px; margin: 0;">java.lang.AssertionError:  Message: ' Web elements with name 'Successfully scheduled file import' not found.' error raised
                        while executing the keyword: VERIFY_TEXT at row number: 11
                        	at org.testng.Assert.fail(Assert.java:94)
                        	at com.lifelens.automation.ExecuteTestsFromWorkbook.executeTest(ExecuteTestsFromWorkbook.java:83)
                        	at sun.reflect.GeneratedMethodAccessor27.invoke(Unknown Source)
                        	at sun.reflect.DelegatingMethodAccessorImpl.invoke(DelegatingMethodAccessorImpl.java:25)
                        	at java.lang.reflect.Method.invoke(Method.java:597)
                        	at org.testng.internal.MethodInvocationHelper.invokeMethod(MethodInvocationHelper.java:84)
                        	at org.testng.internal.Invoker.invokeMethod(Invoker.java:714)
                        	at org.testng.internal.Invoker.invokeTestMethod(Invoker.java:901)
                        	at org.testng.internal.Invoker.invokeTestMethods(Invoker.java:1231)
                        	at org.testng.internal.TestMethodWorker.invokeTestMethods(TestMethodWorker.java:127)
                        	at org.testng.internal.TestMethodWorker.run(TestMethodWorker.java:111)
                        	at org.testng.TestRunner.privateRun(TestRunner.java:767)
                        	at org.testng.TestRunner.run(TestRunner.java:617)
                        	at org.testng.SuiteRunner.runTest(SuiteRunner.java:334)
                        	at org.testng.SuiteRunner.runSequentially(SuiteRunner.java:329)
                        	at org.testng.SuiteRunner.privateRun(SuiteRunner.java:291)
                        	at org.testng.SuiteRunner.run(SuiteRunner.java:240)
                        	at org.testng.SuiteRunnerWorker.runSuite(SuiteRunnerWorker.java:52)
                        	at org.testng.SuiteRunnerWorker.run(SuiteRunnerWorker.java:86)
                        	at org.testng.TestNG.runSuitesSequentially(TestNG.java:1224)
                        	at org.testng.TestNG.runSuitesLocally(TestNG.java:1149)
                        	at org.testng.TestNG.run(TestNG.java:1057)
                        	at org.testng.TestNG.privateMain(TestNG.java:1364)
                        	at org.testng.TestNG.main(TestNG.java:1333)
                     </pre>
                  </div>
               </td>
            </tr>
            <tr id="com.lifelens.automation.ExecuteTestsFromWorkbook_executeTest_byClass_FAIL16_row"
                class="testMethodStatusFAIL">
               <td width="100%" class="firstMethodCell">
                  <a onclick="toggleDetailsVisibility('com.lifelens.automation.ExecuteTestsFromWorkbook_executeTest_byClass_FAIL16_details')">executeTest(TC14
                     
                     ,
                     
                     GFREP2 Job Grade Change
                     
                     ,
                     
                     High)
                  </a>
               </td>
               <td nowrap="true">16:14:10</td>
               <td nowrap="true" align="right">13s
                  
               </td>
               <td nowrap="true">
                  <a onclick="toggleDetailsVisibility('com.lifelens.automation.ExecuteTestsFromWorkbook_executeTest_byClass_FAIL16_exception')">java.lang.AssertionError: 
                     Message: ' Web elements with name 'Successfully scheduled file import' not found.' error raised while executing the keyword:
                     VERIFY_TEXT at row number: 11
                     
                  </a>
                   
                  
               </td>
            </tr>
            <tr>
               <td colspan="4" class="detailsBox">
                  <div id="com.lifelens.automation.ExecuteTestsFromWorkbook_executeTest_byClass_FAIL16_details"
                       class="testMethodDetails">
                     <div>
                        <b>Name: </b>executeTest
                     </div>
                     <div>
                        <b>Signature: </b>executeTest(java.lang.String, java.lang.String, java.lang.String)[pri:0, instance:com.lifelens.automation.ExecuteTestsFromWorkbook@546c585a]
                     </div>
                     <div>
                        <b>Parameters: </b>
                        
                        TC14
                        
                        ,
                        
                        GFREP2 Job Grade Change
                        
                        ,
                        
                        High
                        
                        
                     </div>
                     <div>
                        <b>Start time: </b>16:14:10
                     </div>
                     <div>
                        <b>End time: </b>16:14:23
                     </div>
                     <div>
                        <b>Duration: </b>13s
                        
                     </div>
                  </div>
               </td>
            </tr>
            <tr>
               <td colspan="4" class="detailsBox">
                  <div id="com.lifelens.automation.ExecuteTestsFromWorkbook_executeTest_byClass_FAIL16_exception"
                       class="testMethodDetails">
                     <pre style="padding: 5px; margin: 0;">java.lang.AssertionError:  Message: ' Web elements with name 'Successfully scheduled file import' not found.' error raised
                        while executing the keyword: VERIFY_TEXT at row number: 11
                        	at org.testng.Assert.fail(Assert.java:94)
                        	at com.lifelens.automation.ExecuteTestsFromWorkbook.executeTest(ExecuteTestsFromWorkbook.java:83)
                        	at sun.reflect.GeneratedMethodAccessor27.invoke(Unknown Source)
                        	at sun.reflect.DelegatingMethodAccessorImpl.invoke(DelegatingMethodAccessorImpl.java:25)
                        	at java.lang.reflect.Method.invoke(Method.java:597)
                        	at org.testng.internal.MethodInvocationHelper.invokeMethod(MethodInvocationHelper.java:84)
                        	at org.testng.internal.Invoker.invokeMethod(Invoker.java:714)
                        	at org.testng.internal.Invoker.invokeTestMethod(Invoker.java:901)
                        	at org.testng.internal.Invoker.invokeTestMethods(Invoker.java:1231)
                        	at org.testng.internal.TestMethodWorker.invokeTestMethods(TestMethodWorker.java:127)
                        	at org.testng.internal.TestMethodWorker.run(TestMethodWorker.java:111)
                        	at org.testng.TestRunner.privateRun(TestRunner.java:767)
                        	at org.testng.TestRunner.run(TestRunner.java:617)
                        	at org.testng.SuiteRunner.runTest(SuiteRunner.java:334)
                        	at org.testng.SuiteRunner.runSequentially(SuiteRunner.java:329)
                        	at org.testng.SuiteRunner.privateRun(SuiteRunner.java:291)
                        	at org.testng.SuiteRunner.run(SuiteRunner.java:240)
                        	at org.testng.SuiteRunnerWorker.runSuite(SuiteRunnerWorker.java:52)
                        	at org.testng.SuiteRunnerWorker.run(SuiteRunnerWorker.java:86)
                        	at org.testng.TestNG.runSuitesSequentially(TestNG.java:1224)
                        	at org.testng.TestNG.runSuitesLocally(TestNG.java:1149)
                        	at org.testng.TestNG.run(TestNG.java:1057)
                        	at org.testng.TestNG.privateMain(TestNG.java:1364)
                        	at org.testng.TestNG.main(TestNG.java:1333)
                     </pre>
                  </div>
               </td>
            </tr>
            <tr id="com.lifelens.automation.ExecuteTestsFromWorkbook_executeTest_byClass_FAIL17_row"
                class="testMethodStatusFAIL">
               <td width="100%" class="firstMethodCell">
                  <a onclick="toggleDetailsVisibility('com.lifelens.automation.ExecuteTestsFromWorkbook_executeTest_byClass_FAIL17_details')">executeTest(TC15
                     
                     ,
                     
                     Postal code missed
                     
                     ,
                     
                     High)
                  </a>
               </td>
               <td nowrap="true">16:14:23</td>
               <td nowrap="true" align="right">13s
                  
               </td>
               <td nowrap="true">
                  <a onclick="toggleDetailsVisibility('com.lifelens.automation.ExecuteTestsFromWorkbook_executeTest_byClass_FAIL17_exception')">java.lang.AssertionError: 
                     Message: ' Web elements with name 'Successfully scheduled file import' not found.' error raised while executing the keyword:
                     VERIFY_TEXT at row number: 11
                     
                  </a>
                   
                  
               </td>
            </tr>
            <tr>
               <td colspan="4" class="detailsBox">
                  <div id="com.lifelens.automation.ExecuteTestsFromWorkbook_executeTest_byClass_FAIL17_details"
                       class="testMethodDetails">
                     <div>
                        <b>Name: </b>executeTest
                     </div>
                     <div>
                        <b>Signature: </b>executeTest(java.lang.String, java.lang.String, java.lang.String)[pri:0, instance:com.lifelens.automation.ExecuteTestsFromWorkbook@546c585a]
                     </div>
                     <div>
                        <b>Parameters: </b>
                        
                        TC15
                        
                        ,
                        
                        Postal code missed
                        
                        ,
                        
                        High
                        
                        
                     </div>
                     <div>
                        <b>Start time: </b>16:14:23
                     </div>
                     <div>
                        <b>End time: </b>16:14:36
                     </div>
                     <div>
                        <b>Duration: </b>13s
                        
                     </div>
                  </div>
               </td>
            </tr>
            <tr>
               <td colspan="4" class="detailsBox">
                  <div id="com.lifelens.automation.ExecuteTestsFromWorkbook_executeTest_byClass_FAIL17_exception"
                       class="testMethodDetails">
                     <pre style="padding: 5px; margin: 0;">java.lang.AssertionError:  Message: ' Web elements with name 'Successfully scheduled file import' not found.' error raised
                        while executing the keyword: VERIFY_TEXT at row number: 11
                        	at org.testng.Assert.fail(Assert.java:94)
                        	at com.lifelens.automation.ExecuteTestsFromWorkbook.executeTest(ExecuteTestsFromWorkbook.java:83)
                        	at sun.reflect.GeneratedMethodAccessor27.invoke(Unknown Source)
                        	at sun.reflect.DelegatingMethodAccessorImpl.invoke(DelegatingMethodAccessorImpl.java:25)
                        	at java.lang.reflect.Method.invoke(Method.java:597)
                        	at org.testng.internal.MethodInvocationHelper.invokeMethod(MethodInvocationHelper.java:84)
                        	at org.testng.internal.Invoker.invokeMethod(Invoker.java:714)
                        	at org.testng.internal.Invoker.invokeTestMethod(Invoker.java:901)
                        	at org.testng.internal.Invoker.invokeTestMethods(Invoker.java:1231)
                        	at org.testng.internal.TestMethodWorker.invokeTestMethods(TestMethodWorker.java:127)
                        	at org.testng.internal.TestMethodWorker.run(TestMethodWorker.java:111)
                        	at org.testng.TestRunner.privateRun(TestRunner.java:767)
                        	at org.testng.TestRunner.run(TestRunner.java:617)
                        	at org.testng.SuiteRunner.runTest(SuiteRunner.java:334)
                        	at org.testng.SuiteRunner.runSequentially(SuiteRunner.java:329)
                        	at org.testng.SuiteRunner.privateRun(SuiteRunner.java:291)
                        	at org.testng.SuiteRunner.run(SuiteRunner.java:240)
                        	at org.testng.SuiteRunnerWorker.runSuite(SuiteRunnerWorker.java:52)
                        	at org.testng.SuiteRunnerWorker.run(SuiteRunnerWorker.java:86)
                        	at org.testng.TestNG.runSuitesSequentially(TestNG.java:1224)
                        	at org.testng.TestNG.runSuitesLocally(TestNG.java:1149)
                        	at org.testng.TestNG.run(TestNG.java:1057)
                        	at org.testng.TestNG.privateMain(TestNG.java:1364)
                        	at org.testng.TestNG.main(TestNG.java:1333)
                     </pre>
                  </div>
               </td>
            </tr>
            <tr id="com.lifelens.automation.ExecuteTestsFromWorkbook_closeTestSet_byClass_PASS18_row"
                class="testMethodStatusPASS testMethodStatusCONF">
               <td width="100%" class="firstMethodCell">
                  <a onclick="toggleDetailsVisibility('com.lifelens.automation.ExecuteTestsFromWorkbook_closeTestSet_byClass_PASS18_details')">closeTestSet()</a>
               </td>
               <td nowrap="true">16:14:36</td>
               <td nowrap="true" align="right">21s
                  
               </td>
               <td nowrap="true">
                   
                  
               </td>
            </tr>
            <tr>
               <td colspan="4" class="detailsBox">
                  <div id="com.lifelens.automation.ExecuteTestsFromWorkbook_closeTestSet_byClass_PASS18_details"
                       class="testMethodDetails">
                     <div>
                        <b>Name: </b>closeTestSet
                     </div>
                     <div>
                        <b>Signature: </b>closeTestSet()[pri:0, instance:com.lifelens.automation.ExecuteTestsFromWorkbook@546c585a]
                     </div>
                     <div>
                        <b>Start time: </b>16:14:36
                     </div>
                     <div>
                        <b>End time: </b>16:14:58
                     </div>
                     <div>
                        <b>Duration: </b>21s
                        
                     </div>
                  </div>
               </td>
            </tr>
            <tr></tr>
         </table>
         <br></br>
      </div>
      <div style="margin-top: 15px; color: gray; text-align: center; font-size: 9px;">
         Generated with
         
         <a href="http://code.google.com/p/testng-xslt/" style="color: #8888aa;"
            target="_blank">
            TestNG XSLT
            
         </a>
      </div>
   </body>
</html>